{"meta": {"format": 3, "version": "7.6.1", "timestamp": "2026-03-19T16:27:54.093273", "branch_coverage": true, "show_contexts": false}, "files": {"codetiming/__init__.py": {"executed_lines": [1, 25, 28, 31], "summary": {"covered_lines": 3, "num_statements": 3, "percent_covered": 100.0, "percent_covered_display": "100", "missing_lines": 0, "excluded_lines": 0, "num_branches": 0, "num_partial_branches": 0, "covered_branches": 0, "missing_branches": 0}, "missing_lines": [], "excluded_lines": [], "executed_branches": [], "missing_branches": [], "functions": {"": {"executed_lines": [1, 25, 28, 31], "summary": {"covered_lines": 3, "num_statements": 3, "percent_covered": 100.0, "percent_covered_display": "100", "missing_lines": 0, "excluded_lines": 0, "num_branches": 0, "num_partial_branches": 0, "covered_branches": 0, "missing_branches": 0}, "missing_lines": [], "excluded_lines": [], "executed_branches": [], "missing_branches": []}}, "classes": {"": {"executed_lines": [1, 25, 28, 31], "summary": {"covered_lines": 3, "num_statements": 3, "percent_covered": 100.0, "percent_covered_display": "100", "missing_lines": 0, "excluded_lines": 0, "num_branches": 0, "num_partial_branches": 0, "covered_branches": 0, "missing_branches": 0}, "missing_lines": [], "excluded_lines": [], "executed_branches": [], "missing_branches": []}}}, "codetiming/_timer.py": {"executed_lines": [1, 8, 9, 10, 11, 12, 15, 18, 33, 34, 38, 39, 42, 43, 44, 46, 47, 48, 49, 50, 51, 52, 54, 56, 60, 69, 71, 73, 74, 77, 78, 81, 82, 85, 91, 92, 93, 96, 98, 100, 101, 103, 105], "summary": {"covered_lines": 38, "num_statements": 47, "percent_covered": 72.3076923076923, "percent_covered_display": "72", "missing_lines": 9, "excluded_lines": 9, "num_branches": 18, "num_partial_branches": 5, "covered_branches": 9, "missing_branches": 9}, "missing_lines": [57, 61, 62, 63, 64, 66, 67, 83, 94], "excluded_lines": [18, 20, 22, 24, 25, 26, 27, 28, 29], "executed_branches": [[42, 43], [42, 44], [56, 60], [60, 69], [73, 74], [73, 77], [81, 82], [82, 85], [93, 96]], "missing_branches": [[56, 57], [60, 61], [61, 62], [61, 63], [63, 64], [63, 66], [81, 93], [82, 83], [93, 94]], "functions": {"FloatArg.__call__": {"executed_lines": [], "summary": {"covered_lines": 0, "num_statements": 0, "percent_covered": 100.0, "percent_covered_display": "100", "missing_lines": 0, "excluded_lines": 2, "num_branches": 0, "num_partial_branches": 0, "covered_branches": 0, "missing_branches": 0}, "missing_lines": [], "excluded_lines": [28, 29], "executed_branches": [], "missing_branches": []}, "Timer.start": {"executed_lines": [56, 60, 69], "summary": {"covered_lines": 3, "num_statements": 10, "percent_covered": 27.77777777777778, "percent_covered_display": "28", "missing_lines": 7, "excluded_lines": 0, "num_branches": 8, "num_partial_branches": 2, "covered_branches": 2, "missing_branches": 6}, "missing_lines": [57, 61, 62, 63, 64, 66, 67], "excluded_lines": [], "executed_branches": [[56, 60], [60, 69]], "missing_branches": [[56, 57], [60, 61], [61, 62], [61, 63], [63, 64], [63, 66]]}, "Timer.stop": {"executed_lines": [73, 74, 77, 78, 81, 82, 85, 91, 92, 93, 96], "summary": {"covered_lines": 11, "num_statements": 13, "percent_covered": 76.19047619047619, "percent_covered_display": "76", "missing_lines": 2, "excluded_lines": 0, "num_branches": 8, "num_partial_branches": 3, "covered_branches": 5, "missing_branches": 3}, "missing_lines": [83, 94], "excluded_lines": [], "executed_branches": [[73, 74], [73, 77], [81, 82], [82, 85], [93, 96]], "missing_branches": [[81, 93], [82, 83], [93, 94]]}, "Timer.__enter__": {"executed_lines": [100, 101], "summary": {"covered_lines": 2, "num_statements": 2, "percent_covered": 100.0, "percent_covered_display": "100", "missing_lines": 0, "excluded_lines": 0, "num_branches": 0, "num_partial_branches": 0, "covered_branches": 0, "missing_branches": 0}, "missing_lines": [], "excluded_lines": [], "executed_branches": [], "missing_branches": []}, "Timer.__exit__": {"executed_lines": [105], "summary": {"covered_lines": 1, "num_statements": 1, "percent_covered": 100.0, "percent_covered_display": "100", "missing_lines": 0, "excluded_lines": 0, "num_branches": 0, "num_partial_branches": 0, "covered_branches": 0, "missing_branches": 0}, "missing_lines": [], "excluded_lines": [], "executed_branches": [], "missing_branches": []}, "": {"executed_lines": [1, 8, 9, 10, 11, 12, 15, 18, 33, 34, 38, 39, 42, 43, 44, 46, 47, 48, 49, 50, 51, 52, 54, 71, 98, 103], "summary": {"covered_lines": 21, "num_statements": 21, "percent_covered": 100.0, "percent_covered_display": "100", "missing_lines": 0, "excluded_lines": 7, "num_branches": 2, "num_partial_branches": 0, "covered_branches": 2, "missing_branches": 0}, "missing_lines": [], "excluded_lines": [18, 20, 22, 24, 25, 26, 27], "executed_branches": [[42, 43], [42, 44]], "missing_branches": []}}, "classes": {"FloatArg": {"executed_lines": [], "summary": {"covered_lines": 0, "num_statements": 0, "percent_covered": 100.0, "percent_covered_display": "100", "missing_lines": 0, "excluded_lines": 2, "num_branches": 0, "num_partial_branches": 0, "covered_branches": 0, "missing_branches": 0}, "missing_lines": [], "excluded_lines": [28, 29], "executed_branches": [], "missing_branches": []}, "TimerError": {"executed_lines": [], "summary": {"covered_lines": 0, "num_statements": 0, "percent_covered": 100.0, "percent_covered_display": "100", "missing_lines": 0, "excluded_lines": 0, "num_branches": 0, "num_partial_branches": 0, "covered_branches": 0, "missing_branches": 0}, "missing_lines": [], "excluded_lines": [], "executed_branches": [], "missing_branches": []}, "Timer": {"executed_lines": [56, 60, 69, 73, 74, 77, 78, 81, 82, 85, 91, 92, 93, 96, 100, 101, 105], "summary": {"covered_lines": 17, "num_statements": 26, "percent_covered": 57.142857142857146, "percent_covered_display": "57", "missing_lines": 9, "excluded_lines": 0, "num_branches": 16, "num_partial_branches": 5, "covered_branches": 7, "missing_branches": 9}, "missing_lines": [57, 61, 62, 63, 64, 66, 67, 83, 94], "excluded_lines": [], "executed_branches": [[56, 60], [60, 69], [73, 74], [73, 77], [81, 82], [82, 85], [93, 96]], "missing_branches": [[56, 57], [60, 61], [61, 62], [61, 63], [63, 64], [63, 66], [81, 93], [82, 83], [93, 94]]}, "": {"executed_lines": [1, 8, 9, 10, 11, 12, 15, 18, 33, 34, 38, 39, 42, 43, 44, 46, 47, 48, 49, 50, 51, 52, 54, 71, 98, 103], "summary": {"covered_lines": 21, "num_statements": 21, "percent_covered": 100.0, "percent_covered_display": "100", "missing_lines": 0, "excluded_lines": 7, "num_branches": 2, "num_partial_branches": 0, "covered_branches": 2, "missing_branches": 0}, "missing_lines": [], "excluded_lines": [18, 20, 22, 24, 25, 26, 27], "executed_branches": [[42, 43], [42, 44]], "missing_branches": []}}}, "codetiming/_timers.py": {"executed_lines": [1, 4, 5, 6, 7, 10, 13, 16, 17, 19, 21, 22, 24, 30, 35, 37, 42, 44, 45, 46, 48, 52, 56, 58, 60, 64, 66, 68, 72], "summary": {"covered_lines": 27, "num_statements": 40, "percent_covered": 63.46153846153846, "percent_covered_display": "63", "missing_lines": 13, "excluded_lines": 1, "num_branches": 12, "num_partial_branches": 0, "covered_branches": 6, "missing_branches": 6}, "missing_lines": [26, 27, 28, 32, 33, 50, 54, 62, 70, 74, 75, 76, 77], "excluded_lines": [11], "executed_branches": [[44, 45], [44, 46], [58, -58], [58, -56], [66, -66], [66, -64]], "missing_branches": [[62, -62], [62, -60], [70, -70], [70, -68], [74, 75], [74, 77]], "functions": {"Timers.__init__": {"executed_lines": [21, 22], "summary": {"covered_lines": 2, "num_statements": 2, "percent_covered": 100.0, "percent_covered_display": "100", "missing_lines": 0, "excluded_lines": 0, "num_branches": 0, "num_partial_branches": 0, "covered_branches": 0, "missing_branches": 0}, "missing_lines": [], "excluded_lines": [], "executed_branches": [], "missing_branches": []}, "Timers.add": {"executed_lines": [], "summary": {"covered_lines": 0, "num_statements": 3, "percent_covered": 0.0, "percent_covered_display": "0", "missing_lines": 3, "excluded_lines": 0, "num_branches": 0, "num_partial_branches": 0, "covered_branches": 0, "missing_branches": 0}, "missing_lines": [26, 27, 28], "excluded_lines": [], "executed_branches": [], "missing_branches": []}, "Timers.clear": {"executed_lines": [], "summary": {"covered_lines": 0, "num_statements": 2, "percent_covered": 0.0, "percent_covered_display": "0", "missing_lines": 2, "excluded_lines": 0, "num_branches": 0, "num_partial_branches": 0, "covered_branches": 0, "missing_branches": 0}, "missing_lines": [32, 33], "excluded_lines": [], "executed_branches": [], "missing_branches": []}, "Timers.__setitem__": {"executed_lines": [37], "summary": {"covered_lines": 1, "num_statements": 1, "percent_covered": 100.0, "percent_covered_display": "100", "missing_lines": 0, "excluded_lines": 0, "num_branches": 0, "num_partial_branches": 0, "covered_branches": 0, "missing_branches": 0}, "missing_lines": [], "excluded_lines": [], "executed_branches": [], "missing_branches": []}, "Timers.apply": {"executed_lines": [44, 45, 46], "summary": {"covered_lines": 3, "num_statements": 3, "percent_covered": 100.0, "percent_covered_display": "100", "missing_lines": 0, "excluded_lines": 0, "num_branches": 2, "num_partial_branches": 0, "covered_branches": 2, "missing_branches": 0}, "missing_lines": [], "excluded_lines": [], "executed_branches": [[44, 45], [44, 46]], "missing_branches": []}, "Timers.count": {"executed_lines": [], "summary": {"covered_lines": 0, "num_statements": 1, "percent_covered": 0.0, "percent_covered_display": "0", "missing_lines": 1, "excluded_lines": 0, "num_branches": 0, "num_partial_branches": 0, "covered_branches": 0, "missing_branches": 0}, "missing_lines": [50], "excluded_lines": [], "executed_branches": [], "missing_branches": []}, "Timers.total": {"executed_lines": [], "summary": {"covered_lines": 0, "num_statements": 1, "percent_covered": 0.0, "percent_covered_display": "0", "missing_lines": 1, "excluded_lines": 0, "num_branches": 0, "num_partial_branches": 0, "covered_branches": 0, "missing_branches": 0}, "missing_lines": [54], "excluded_lines": [], "executed_branches": [], "missing_branches": []}, "Timers.min": {"executed_lines": [58], "summary": {"covered_lines": 1, "num_statements": 1, "percent_covered": 100.0, "percent_covered_display": "100", "missing_lines": 0, "excluded_lines": 0, "num_branches": 2, "num_partial_branches": 0, "covered_branches": 2, "missing_branches": 0}, "missing_lines": [], "excluded_lines": [], "executed_branches": [[58, -58], [58, -56]], "missing_branches": []}, "Timers.max": {"executed_lines": [], "summary": {"covered_lines": 0, "num_statements": 1, "percent_covered": 0.0, "percent_covered_display": "0", "missing_lines": 1, "excluded_lines": 0, "num_branches": 2, "num_partial_branches": 0, "covered_branches": 0, "missing_branches": 2}, "missing_lines": [62], "excluded_lines": [], "executed_branches": [], "missing_branches": [[62, -62], [62, -60]]}, "Timers.mean": {"executed_lines": [66], "summary": {"covered_lines": 1, "num_statements": 1, "percent_covered": 100.0, "percent_covered_display": "100", "missing_lines": 0, "excluded_lines": 0, "num_branches": 2, "num_partial_branches": 0, "covered_branches": 2, "missing_branches": 0}, "missing_lines": [], "excluded_lines": [], "executed_branches": [[66, -66], [66, -64]], "missing_branches": []}, "Timers.median": {"executed_lines": [], "summary": {"covered_lines": 0, "num_statements": 1, "percent_covered": 0.0, "percent_covered_display": "0", "missing_lines": 1, "excluded_lines": 0, "num_branches": 2, "num_partial_branches": 0, "covered_branches": 0, "missing_branches": 2}, "missing_lines": [70], "excluded_lines": [], "executed_branches": [], "missing_branches": [[70, -70], [70, -68]]}, "Timers.stdev": {"executed_lines": [], "summary": {"covered_lines": 0, "num_statements": 4, "percent_covered": 0.0, "percent_covered_display": "0", "missing_lines": 4, "excluded_lines": 0, "num_branches": 2, "num_partial_branches": 0, "covered_branches": 0, "missing_branches": 2}, "missing_lines": [74, 75, 76, 77], "excluded_lines": [], "executed_branches": [], "missing_branches": [[74, 75], [74, 77]]}, "": {"executed_lines": [1, 4, 5, 6, 7, 10, 13, 16, 17, 19, 24, 30, 35, 42, 48, 52, 56, 60, 64, 68, 72], "summary": {"covered_lines": 19, "num_statements": 19, "percent_covered": 100.0, "percent_covered_display": "100", "missing_lines": 0, "excluded_lines": 1, "num_branches": 0, "num_partial_branches": 0, "covered_branches": 0, "missing_branches": 0}, "missing_lines": [], "excluded_lines": [11], "executed_branches": [], "missing_branches": []}}, "classes": {"Timers": {"executed_lines": [21, 22, 37, 44, 45, 46, 58, 66], "summary": {"covered_lines": 8, "num_statements": 21, "percent_covered": 42.42424242424242, "percent_covered_display": "42", "missing_lines": 13, "excluded_lines": 0, "num_branches": 12, "num_partial_branches": 0, "covered_branches": 6, "missing_branches": 6}, "missing_lines": [26, 27, 28, 32, 33, 50, 54, 62, 70, 74, 75, 76, 77], "excluded_lines": [], "executed_branches": [[44, 45], [44, 46], [58, -58], [58, -56], [66, -66], [66, -64]], "missing_branches": [[62, -62], [62, -60], [70, -70], [70, -68], [74, 75], [74, 77]]}, "": {"executed_lines": [1, 4, 5, 6, 7, 10, 13, 16, 17, 19, 24, 30, 35, 42, 48, 52, 56, 60, 64, 68, 72], "summary": {"covered_lines": 19, "num_statements": 19, "percent_covered": 100.0, "percent_covered_display": "100", "missing_lines": 0, "excluded_lines": 1, "num_branches": 0, "num_partial_branches": 0, "covered_branches": 0, "missing_branches": 0}, "missing_lines": [], "excluded_lines": [11], "executed_branches": [], "missing_branches": []}}}}, "totals": {"covered_lines": 68, "num_statements": 90, "percent_covered": 69.16666666666667, "percent_covered_display": "69", "missing_lines": 22, "excluded_lines": 10, "num_branches": 30, "num_partial_branches": 5, "covered_branches": 15, "missing_branches": 15}}