{"meta": {"format": 3, "version": "7.6.1", "timestamp": "2026-03-23T22:44:43.148465", "branch_coverage": true, "show_contexts": false}, "files": {"docstring_parser/__init__ .py": {"executed_lines": [], "summary": {"covered_lines": 0, "num_statements": 5, "percent_covered": 0.0, "percent_covered_display": "0", "missing_lines": 5, "excluded_lines": 0, "num_branches": 0, "num_partial_branches": 0, "covered_branches": 0, "missing_branches": 0}, "missing_lines": [3, 14, 15, 17, 19], "excluded_lines": [], "executed_branches": [], "missing_branches": [], "functions": {"": {"executed_lines": [], "summary": {"covered_lines": 0, "num_statements": 5, "percent_covered": 0.0, "percent_covered_display": "0", "missing_lines": 5, "excluded_lines": 0, "num_branches": 0, "num_partial_branches": 0, "covered_branches": 0, "missing_branches": 0}, "missing_lines": [3, 14, 15, 17, 19], "excluded_lines": [], "executed_branches": [], "missing_branches": []}}, "classes": {"": {"executed_lines": [], "summary": {"covered_lines": 0, "num_statements": 5, "percent_covered": 0.0, "percent_covered_display": "0", "missing_lines": 5, "excluded_lines": 0, "num_branches": 0, "num_partial_branches": 0, "covered_branches": 0, "missing_branches": 0}, "missing_lines": [3, 14, 15, 17, 19], "excluded_lines": [], "executed_branches": [], "missing_branches": []}}}, "docstring_parser/attrdoc.py": {"executed_lines": [1, 6, 7, 8, 9, 10, 12, 15, 17, 20, 22, 23, 32, 34, 41, 45, 46, 49, 50, 51, 52, 53, 54, 55, 56, 60, 61, 63, 64, 66, 78, 87, 88, 89, 90, 91, 104, 113], "summary": {"covered_lines": 36, "num_statements": 59, "percent_covered": 48.275862068965516, "percent_covered_display": "48", "missing_lines": 23, "excluded_lines": 0, "num_branches": 28, "num_partial_branches": 6, "covered_branches": 6, "missing_branches": 22}, "missing_lines": [25, 26, 27, 28, 29, 57, 67, 68, 69, 74, 75, 76, 92, 94, 95, 96, 97, 100, 101, 114, 117, 118, 126], "excluded_lines": [], "executed_branches": [[22, 23], [45, 46], [49, 50], [51, 52], [51, 53], [54, 55], [113, -104]], "missing_branches": [[22, 25], [25, 26], [25, 27], [27, 28], [27, 29], [45, 57], [49, 57], [54, 56], [67, 68], [67, 74], [75, -66], [75, 76], [95, 96], [95, 97], [97, 100], [97, 101], [113, -113], [113, 114], [114, -104], [114, 117], [117, 114], [117, 118]], "functions": {"ast_get_constant_value": {"executed_lines": [17], "summary": {"covered_lines": 1, "num_statements": 1, "percent_covered": 100.0, "percent_covered_display": "100", "missing_lines": 0, "excluded_lines": 0, "num_branches": 0, "num_partial_branches": 0, "covered_branches": 0, "missing_branches": 0}, "missing_lines": [], "excluded_lines": [], "executed_branches": [], "missing_branches": []}, "ast_unparse": {"executed_lines": [22, 23], "summary": {"covered_lines": 2, "num_statements": 7, "percent_covered": 23.076923076923077, "percent_covered_display": "23", "missing_lines": 5, "excluded_lines": 0, "num_branches": 6, "num_partial_branches": 1, "covered_branches": 1, "missing_branches": 5}, "missing_lines": [25, 26, 27, 28, 29], "excluded_lines": [], "executed_branches": [[22, 23]], "missing_branches": [[22, 25], [25, 26], [25, 27], [27, 28], [27, 29]]}, "ast_is_literal_str": {"executed_lines": [34], "summary": {"covered_lines": 1, "num_statements": 1, "percent_covered": 100.0, "percent_covered_display": "100", "missing_lines": 0, "excluded_lines": 0, "num_branches": 0, "num_partial_branches": 0, "covered_branches": 0, "missing_branches": 0}, "missing_lines": [], "excluded_lines": [], "executed_branches": [], "missing_branches": []}, "ast_get_attribute": {"executed_lines": [45, 46, 49, 50, 51, 52, 53, 54, 55, 56], "summary": {"covered_lines": 10, "num_statements": 11, "percent_covered": 78.94736842105263, "percent_covered_display": "79", "missing_lines": 1, "excluded_lines": 0, "num_branches": 8, "num_partial_branches": 3, "covered_branches": 5, "missing_branches": 3}, "missing_lines": [57], "excluded_lines": [], "executed_branches": [[45, 46], [49, 50], [51, 52], [51, 53], [54, 55]], "missing_branches": [[45, 57], [49, 57], [54, 56]]}, "AttributeDocstrings.visit": {"executed_lines": [], "summary": {"covered_lines": 0, "num_statements": 6, "percent_covered": 0.0, "percent_covered_display": "0", "missing_lines": 6, "excluded_lines": 0, "num_branches": 4, "num_partial_branches": 0, "covered_branches": 0, "missing_branches": 4}, "missing_lines": [67, 68, 69, 74, 75, 76], "excluded_lines": [], "executed_branches": [], "missing_branches": [[67, 68], [67, 74], [75, -66], [75, 76]]}, "AttributeDocstrings.get_attr_docs": {"executed_lines": [87, 88, 89, 90, 91], "summary": {"covered_lines": 5, "num_statements": 12, "percent_covered": 31.25, "percent_covered_display": "31", "missing_lines": 7, "excluded_lines": 0, "num_branches": 4, "num_partial_branches": 0, "covered_branches": 0, "missing_branches": 4}, "missing_lines": [92, 94, 95, 96, 97, 100, 101], "excluded_lines": [], "executed_branches": [], "missing_branches": [[95, 96], [95, 97], [97, 100], [97, 101]]}, "add_attribute_docstrings": {"executed_lines": [113], "summary": {"covered_lines": 1, "num_statements": 5, "percent_covered": 9.090909090909092, "percent_covered_display": "9", "missing_lines": 4, "excluded_lines": 0, "num_branches": 6, "num_partial_branches": 2, "covered_branches": 0, "missing_branches": 6}, "missing_lines": [114, 117, 118, 126], "excluded_lines": [], "executed_branches": [[113, -104]], "missing_branches": [[113, -113], [113, 114], [114, -104], [114, 117], [117, 114], [117, 118]]}, "": {"executed_lines": [1, 6, 7, 8, 9, 10, 12, 15, 20, 32, 41, 60, 61, 63, 64, 66, 78, 104], "summary": {"covered_lines": 16, "num_statements": 16, "percent_covered": 100.0, "percent_covered_display": "100", "missing_lines": 0, "excluded_lines": 0, "num_branches": 0, "num_partial_branches": 0, "covered_branches": 0, "missing_branches": 0}, "missing_lines": [], "excluded_lines": [], "executed_branches": [], "missing_branches": []}}, "classes": {"AttributeDocstrings": {"executed_lines": [87, 88, 89, 90, 91], "summary": {"covered_lines": 5, "num_statements": 18, "percent_covered": 19.23076923076923, "percent_covered_display": "19", "missing_lines": 13, "excluded_lines": 0, "num_branches": 8, "num_partial_branches": 0, "covered_branches": 0, "missing_branches": 8}, "missing_lines": [67, 68, 69, 74, 75, 76, 92, 94, 95, 96, 97, 100, 101], "excluded_lines": [], "executed_branches": [], "missing_branches": [[67, 68], [67, 74], [75, -66], [75, 76], [95, 96], [95, 97], [97, 100], [97, 101]]}, "": {"executed_lines": [1, 6, 7, 8, 9, 10, 12, 15, 17, 20, 22, 23, 32, 34, 41, 45, 46, 49, 50, 51, 52, 53, 54, 55, 56, 60, 61, 63, 64, 66, 78, 104, 113], "summary": {"covered_lines": 31, "num_statements": 41, "percent_covered": 60.65573770491803, "percent_covered_display": "61", "missing_lines": 10, "excluded_lines": 0, "num_branches": 20, "num_partial_branches": 6, "covered_branches": 6, "missing_branches": 14}, "missing_lines": [25, 26, 27, 28, 29, 57, 114, 117, 118, 126], "excluded_lines": [], "executed_branches": [[22, 23], [45, 46], [49, 50], [51, 52], [51, 53], [54, 55], [113, -104]], "missing_branches": [[22, 25], [25, 26], [25, 27], [27, 28], [27, 29], [45, 57], [49, 57], [54, 56], [113, -113], [113, 114], [114, -104], [114, 117], [117, 114], [117, 118]]}}}, "docstring_parser/common.py": {"executed_lines": [1, 3, 4, 6, 15, 16, 17, 18, 19, 22, 23, 26, 27, 29, 30, 31, 32, 33, 36, 37, 39, 40, 41, 44, 45, 53, 63, 64, 67, 68, 70, 80, 81, 82, 83, 84, 87, 88, 90, 99, 100, 101, 102, 105, 106, 108, 115, 116, 117, 120, 121, 123, 130, 131, 132, 135, 136, 138, 145, 146, 147, 150, 151, 153, 158, 159, 160, 161, 162, 163, 165, 166, 171, 172, 173, 174, 175, 176, 177, 179, 180, 182, 184, 185, 187, 189, 190, 194, 198, 199, 204, 205, 206, 207, 209, 210, 212, 216, 217, 219, 220, 221, 222, 224, 225, 227], "summary": {"covered_lines": 95, "num_statements": 95, "percent_covered": 98.31932773109244, "percent_covered_display": "98", "missing_lines": 0, "excluded_lines": 0, "num_branches": 24, "num_partial_branches": 2, "covered_branches": 22, "missing_branches": 2}, "missing_lines": [], "excluded_lines": [], "executed_branches": [[172, 173], [172, 176], [174, 175], [176, 177], [176, 179], [179, 180], [179, 182], [187, -187], [187, -184], [187, 187], [194, -194], [194, -189], [194, 194], [204, 205], [204, 207], [205, 204], [205, 206], [212, -212], [212, -209], [212, 212], [219, 220], [219, 222], [220, 221], [227, -227], [227, -224], [227, 227]], "missing_branches": [[174, 176], [220, 219]], "functions": {"DocstringMeta.__init__": {"executed_lines": [63, 64], "summary": {"covered_lines": 2, "num_statements": 2, "percent_covered": 100.0, "percent_covered_display": "100", "missing_lines": 0, "excluded_lines": 0, "num_branches": 0, "num_partial_branches": 0, "covered_branches": 0, "missing_branches": 0}, "missing_lines": [], "excluded_lines": [], "executed_branches": [], "missing_branches": []}, "DocstringParam.__init__": {"executed_lines": [80, 81, 82, 83, 84], "summary": {"covered_lines": 5, "num_statements": 5, "percent_covered": 100.0, "percent_covered_display": "100", "missing_lines": 0, "excluded_lines": 0, "num_branches": 0, "num_partial_branches": 0, "covered_branches": 0, "missing_branches": 0}, "missing_lines": [], "excluded_lines": [], "executed_branches": [], "missing_branches": []}, "DocstringReturns.__init__": {"executed_lines": [99, 100, 101, 102], "summary": {"covered_lines": 4, "num_statements": 4, "percent_covered": 100.0, "percent_covered_display": "100", "missing_lines": 0, "excluded_lines": 0, "num_branches": 0, "num_partial_branches": 0, "covered_branches": 0, "missing_branches": 0}, "missing_lines": [], "excluded_lines": [], "executed_branches": [], "missing_branches": []}, "DocstringRaises.__init__": {"executed_lines": [115, 116, 117], "summary": {"covered_lines": 3, "num_statements": 3, "percent_covered": 100.0, "percent_covered_display": "100", "missing_lines": 0, "excluded_lines": 0, "num_branches": 0, "num_partial_branches": 0, "covered_branches": 0, "missing_branches": 0}, "missing_lines": [], "excluded_lines": [], "executed_branches": [], "missing_branches": []}, "DocstringDeprecated.__init__": {"executed_lines": [130, 131, 132], "summary": {"covered_lines": 3, "num_statements": 3, "percent_covered": 100.0, "percent_covered_display": "100", "missing_lines": 0, "excluded_lines": 0, "num_branches": 0, "num_partial_branches": 0, "covered_branches": 0, "missing_branches": 0}, "missing_lines": [], "excluded_lines": [], "executed_branches": [], "missing_branches": []}, "DocstringExample.__init__": {"executed_lines": [145, 146, 147], "summary": {"covered_lines": 3, "num_statements": 3, "percent_covered": 100.0, "percent_covered_display": "100", "missing_lines": 0, "excluded_lines": 0, "num_branches": 0, "num_partial_branches": 0, "covered_branches": 0, "missing_branches": 0}, "missing_lines": [], "excluded_lines": [], "executed_branches": [], "missing_branches": []}, "Docstring.__init__": {"executed_lines": [158, 159, 160, 161, 162, 163], "summary": {"covered_lines": 6, "num_statements": 6, "percent_covered": 100.0, "percent_covered_display": "100", "missing_lines": 0, "excluded_lines": 0, "num_branches": 0, "num_partial_branches": 0, "covered_branches": 0, "missing_branches": 0}, "missing_lines": [], "excluded_lines": [], "executed_branches": [], "missing_branches": []}, "Docstring.description": {"executed_lines": [171, 172, 173, 174, 175, 176, 177, 179, 180, 182], "summary": {"covered_lines": 10, "num_statements": 10, "percent_covered": 94.44444444444444, "percent_covered_display": "94", "missing_lines": 0, "excluded_lines": 0, "num_branches": 8, "num_partial_branches": 1, "covered_branches": 7, "missing_branches": 1}, "missing_lines": [], "excluded_lines": [], "executed_branches": [[172, 173], [172, 176], [174, 175], [176, 177], [176, 179], [179, 180], [179, 182]], "missing_branches": [[174, 176]]}, "Docstring.params": {"executed_lines": [187], "summary": {"covered_lines": 1, "num_statements": 1, "percent_covered": 100.0, "percent_covered_display": "100", "missing_lines": 0, "excluded_lines": 0, "num_branches": 2, "num_partial_branches": 0, "covered_branches": 2, "missing_branches": 0}, "missing_lines": [], "excluded_lines": [], "executed_branches": [[187, -187], [187, -184], [187, 187]], "missing_branches": []}, "Docstring.raises": {"executed_lines": [194], "summary": {"covered_lines": 1, "num_statements": 1, "percent_covered": 100.0, "percent_covered_display": "100", "missing_lines": 0, "excluded_lines": 0, "num_branches": 2, "num_partial_branches": 0, "covered_branches": 2, "missing_branches": 0}, "missing_lines": [], "excluded_lines": [], "executed_branches": [[194, -194], [194, -189], [194, 194]], "missing_branches": []}, "Docstring.returns": {"executed_lines": [204, 205, 206, 207], "summary": {"covered_lines": 4, "num_statements": 4, "percent_covered": 100.0, "percent_covered_display": "100", "missing_lines": 0, "excluded_lines": 0, "num_branches": 4, "num_partial_branches": 0, "covered_branches": 4, "missing_branches": 0}, "missing_lines": [], "excluded_lines": [], "executed_branches": [[204, 205], [204, 207], [205, 204], [205, 206]], "missing_branches": []}, "Docstring.many_returns": {"executed_lines": [212], "summary": {"covered_lines": 1, "num_statements": 1, "percent_covered": 100.0, "percent_covered_display": "100", "missing_lines": 0, "excluded_lines": 0, "num_branches": 2, "num_partial_branches": 0, "covered_branches": 2, "missing_branches": 0}, "missing_lines": [], "excluded_lines": [], "executed_branches": [[212, -212], [212, -209], [212, 212]], "missing_branches": []}, "Docstring.deprecation": {"executed_lines": [219, 220, 221, 222], "summary": {"covered_lines": 4, "num_statements": 4, "percent_covered": 87.5, "percent_covered_display": "88", "missing_lines": 0, "excluded_lines": 0, "num_branches": 4, "num_partial_branches": 1, "covered_branches": 3, "missing_branches": 1}, "missing_lines": [], "excluded_lines": [], "executed_branches": [[219, 220], [219, 222], [220, 221]], "missing_branches": [[220, 219]]}, "Docstring.examples": {"executed_lines": [227], "summary": {"covered_lines": 1, "num_statements": 1, "percent_covered": 100.0, "percent_covered_display": "100", "missing_lines": 0, "excluded_lines": 0, "num_branches": 2, "num_partial_branches": 0, "covered_branches": 2, "missing_branches": 0}, "missing_lines": [], "excluded_lines": [], "executed_branches": [[227, -227], [227, -224], [227, 227]], "missing_branches": []}, "": {"executed_lines": [1, 3, 4, 6, 15, 16, 17, 18, 19, 22, 23, 26, 27, 29, 30, 31, 32, 33, 36, 37, 39, 40, 41, 44, 45, 53, 67, 68, 70, 87, 88, 90, 105, 106, 108, 120, 121, 123, 135, 136, 138, 150, 151, 153, 165, 166, 184, 185, 189, 190, 198, 199, 209, 210, 216, 217, 224, 225], "summary": {"covered_lines": 47, "num_statements": 47, "percent_covered": 100.0, "percent_covered_display": "100", "missing_lines": 0, "excluded_lines": 0, "num_branches": 0, "num_partial_branches": 0, "covered_branches": 0, "missing_branches": 0}, "missing_lines": [], "excluded_lines": [], "executed_branches": [], "missing_branches": []}}, "classes": {"ParseError": {"executed_lines": [], "summary": {"covered_lines": 0, "num_statements": 0, "percent_covered": 100.0, "percent_covered_display": "100", "missing_lines": 0, "excluded_lines": 0, "num_branches": 0, "num_partial_branches": 0, "covered_branches": 0, "missing_branches": 0}, "missing_lines": [], "excluded_lines": [], "executed_branches": [], "missing_branches": []}, "DocstringStyle": {"executed_lines": [], "summary": {"covered_lines": 0, "num_statements": 0, "percent_covered": 100.0, "percent_covered_display": "100", "missing_lines": 0, "excluded_lines": 0, "num_branches": 0, "num_partial_branches": 0, "covered_branches": 0, "missing_branches": 0}, "missing_lines": [], "excluded_lines": [], "executed_branches": [], "missing_branches": []}, "RenderingStyle": {"executed_lines": [], "summary": {"covered_lines": 0, "num_statements": 0, "percent_covered": 100.0, "percent_covered_display": "100", "missing_lines": 0, "excluded_lines": 0, "num_branches": 0, "num_partial_branches": 0, "covered_branches": 0, "missing_branches": 0}, "missing_lines": [], "excluded_lines": [], "executed_branches": [], "missing_branches": []}, "DocstringMeta": {"executed_lines": [63, 64], "summary": {"covered_lines": 2, "num_statements": 2, "percent_covered": 100.0, "percent_covered_display": "100", "missing_lines": 0, "excluded_lines": 0, "num_branches": 0, "num_partial_branches": 0, "covered_branches": 0, "missing_branches": 0}, "missing_lines": [], "excluded_lines": [], "executed_branches": [], "missing_branches": []}, "DocstringParam": {"executed_lines": [80, 81, 82, 83, 84], "summary": {"covered_lines": 5, "num_statements": 5, "percent_covered": 100.0, "percent_covered_display": "100", "missing_lines": 0, "excluded_lines": 0, "num_branches": 0, "num_partial_branches": 0, "covered_branches": 0, "missing_branches": 0}, "missing_lines": [], "excluded_lines": [], "executed_branches": [], "missing_branches": []}, "DocstringReturns": {"executed_lines": [99, 100, 101, 102], "summary": {"covered_lines": 4, "num_statements": 4, "percent_covered": 100.0, "percent_covered_display": "100", "missing_lines": 0, "excluded_lines": 0, "num_branches": 0, "num_partial_branches": 0, "covered_branches": 0, "missing_branches": 0}, "missing_lines": [], "excluded_lines": [], "executed_branches": [], "missing_branches": []}, "DocstringRaises": {"executed_lines": [115, 116, 117], "summary": {"covered_lines": 3, "num_statements": 3, "percent_covered": 100.0, "percent_covered_display": "100", "missing_lines": 0, "excluded_lines": 0, "num_branches": 0, "num_partial_branches": 0, "covered_branches": 0, "missing_branches": 0}, "missing_lines": [], "excluded_lines": [], "executed_branches": [], "missing_branches": []}, "DocstringDeprecated": {"executed_lines": [130, 131, 132], "summary": {"covered_lines": 3, "num_statements": 3, "percent_covered": 100.0, "percent_covered_display": "100", "missing_lines": 0, "excluded_lines": 0, "num_branches": 0, "num_partial_branches": 0, "covered_branches": 0, "missing_branches": 0}, "missing_lines": [], "excluded_lines": [], "executed_branches": [], "missing_branches": []}, "DocstringExample": {"executed_lines": [145, 146, 147], "summary": {"covered_lines": 3, "num_statements": 3, "percent_covered": 100.0, "percent_covered_display": "100", "missing_lines": 0, "excluded_lines": 0, "num_branches": 0, "num_partial_branches": 0, "covered_branches": 0, "missing_branches": 0}, "missing_lines": [], "excluded_lines": [], "executed_branches": [], "missing_branches": []}, "Docstring": {"executed_lines": [158, 159, 160, 161, 162, 163, 171, 172, 173, 174, 175, 176, 177, 179, 180, 182, 187, 194, 204, 205, 206, 207, 212, 219, 220, 221, 222, 227], "summary": {"covered_lines": 28, "num_statements": 28, "percent_covered": 96.15384615384616, "percent_covered_display": "96", "missing_lines": 0, "excluded_lines": 0, "num_branches": 24, "num_partial_branches": 2, "covered_branches": 22, "missing_branches": 2}, "missing_lines": [], "excluded_lines": [], "executed_branches": [[172, 173], [172, 176], [174, 175], [176, 177], [176, 179], [179, 180], [179, 182], [187, -187], [187, -184], [187, 187], [194, -194], [194, -189], [194, 194], [204, 205], [204, 207], [205, 204], [205, 206], [212, -212], [212, -209], [212, 212], [219, 220], [219, 222], [220, 221], [227, -227], [227, -224], [227, 227]], "missing_branches": [[174, 176], [220, 219]]}, "": {"executed_lines": [1, 3, 4, 6, 15, 16, 17, 18, 19, 22, 23, 26, 27, 29, 30, 31, 32, 33, 36, 37, 39, 40, 41, 44, 45, 53, 67, 68, 70, 87, 88, 90, 105, 106, 108, 120, 121, 123, 135, 136, 138, 150, 151, 153, 165, 166, 184, 185, 189, 190, 198, 199, 209, 210, 216, 217, 224, 225], "summary": {"covered_lines": 47, "num_statements": 47, "percent_covered": 100.0, "percent_covered_display": "100", "missing_lines": 0, "excluded_lines": 0, "num_branches": 0, "num_partial_branches": 0, "covered_branches": 0, "missing_branches": 0}, "missing_lines": [], "excluded_lines": [], "executed_branches": [], "missing_branches": []}}}, "docstring_parser/epydoc.py": {"executed_lines": [1, 6, 7, 8, 10, 22, 23, 24, 25, 26, 29, 34, 35, 36, 38, 39, 40, 41, 42, 44, 45, 47, 48, 49, 50, 51, 52, 53, 55, 58, 59, 60, 61, 66, 67, 70, 71, 74, 75, 76, 77, 78, 80, 87, 88, 90, 91, 92, 93, 94, 95, 96, 97, 98, 99, 100, 101, 102, 103, 104, 105, 106, 108, 109, 110, 111, 115, 127, 131, 132, 133, 134, 135, 138, 139, 140, 141, 143, 144, 145, 146, 148, 149, 150, 155, 156, 157, 158, 159, 160, 162, 163, 164, 166, 168, 169, 171, 179, 180, 181, 182, 188, 189, 190, 191, 196, 197, 202, 203, 204, 206, 208, 211, 224, 225, 228, 236, 237, 239, 240, 241, 242, 243, 244, 246, 249, 250, 264, 265, 270, 271, 272, 273, 284], "summary": {"covered_lines": 133, "num_statements": 156, "percent_covered": 83.1896551724138, "percent_covered_display": "83", "missing_lines": 23, "excluded_lines": 0, "num_branches": 76, "num_partial_branches": 10, "covered_branches": 60, "missing_branches": 16}, "missing_lines": [72, 151, 226, 231, 232, 245, 247, 251, 252, 257, 258, 259, 260, 263, 274, 275, 276, 277, 278, 279, 281, 282, 283], "excluded_lines": [], "executed_branches": [[24, 25], [24, 26], [35, 36], [35, 38], [40, 41], [40, 44], [49, 50], [49, 55], [67, 67], [67, 70], [67, 138], [71, 74], [87, 88], [87, 90], [91, 92], [91, 95], [95, 96], [95, 99], [99, 100], [99, 103], [103, 104], [103, 108], [115, 127], [115, 131], [132, 133], [132, 135], [139, 140], [139, 155], [140, 141], [140, 143], [148, 139], [148, 149], [150, 139], [156, 157], [156, 208], [157, 158], [157, 180], [162, 163], [162, 166], [180, 181], [180, 189], [189, 190], [189, 196], [196, 197], [196, 202], [225, 228], [228, 228], [228, 236], [237, -237], [237, -224], [240, 241], [240, 242], [242, 243], [242, 244], [244, 246], [246, 249], [249, 250], [249, 284], [250, 264], [264, 265], [270, 271], [273, 249]], "missing_branches": [[71, 72], [150, 151], [225, 226], [228, 231], [232, -232], [232, -224], [244, 245], [246, 247], [250, 251], [251, 252], [251, 260], [264, 276], [270, 273], [273, 274], [276, 277], [276, 281]], "functions": {"_clean_str": {"executed_lines": [23, 24, 25, 26], "summary": {"covered_lines": 4, "num_statements": 4, "percent_covered": 100.0, "percent_covered_display": "100", "missing_lines": 0, "excluded_lines": 0, "num_branches": 2, "num_partial_branches": 0, "covered_branches": 2, "missing_branches": 0}, "missing_lines": [], "excluded_lines": [], "executed_branches": [[24, 25], [24, 26]], "missing_branches": []}, "parse": {"executed_lines": [34, 35, 36, 38, 39, 40, 41, 42, 44, 45, 47, 48, 49, 50, 51, 52, 53, 55, 58, 59, 60, 61, 66, 67, 70, 71, 74, 75, 76, 77, 78, 80, 87, 88, 90, 91, 92, 93, 94, 95, 96, 97, 98, 99, 100, 101, 102, 103, 104, 105, 106, 108, 109, 110, 111, 115, 127, 131, 132, 133, 134, 135, 138, 139, 140, 141, 143, 144, 145, 146, 148, 149, 150, 155, 156, 157, 158, 159, 160, 162, 163, 164, 166, 168, 169, 171, 179, 180, 181, 182, 188, 189, 190, 191, 196, 197, 202, 203, 204, 206, 208], "summary": {"covered_lines": 101, "num_statements": 103, "percent_covered": 97.27891156462584, "percent_covered_display": "97", "missing_lines": 2, "excluded_lines": 0, "num_branches": 44, "num_partial_branches": 2, "covered_branches": 42, "missing_branches": 2}, "missing_lines": [72, 151], "excluded_lines": [], "executed_branches": [[35, 36], [35, 38], [40, 41], [40, 44], [49, 50], [49, 55], [67, 67], [67, 70], [67, 138], [71, 74], [87, 88], [87, 90], [91, 92], [91, 95], [95, 96], [95, 99], [99, 100], [99, 103], [103, 104], [103, 108], [115, 127], [115, 131], [132, 133], [132, 135], [139, 140], [139, 155], [140, 141], [140, 143], [148, 139], [148, 149], [150, 139], [156, 157], [156, 208], [157, 158], [157, 180], [162, 163], [162, 166], [180, 181], [180, 189], [189, 190], [189, 196], [196, 197], [196, 202]], "missing_branches": [[71, 72], [150, 151]]}, "compose": {"executed_lines": [224, 239, 240, 241, 242, 243, 244, 246, 249, 250, 264, 265, 270, 271, 272, 273, 284], "summary": {"covered_lines": 17, "num_statements": 35, "percent_covered": 50.87719298245614, "percent_covered_display": "51", "missing_lines": 18, "excluded_lines": 0, "num_branches": 22, "num_partial_branches": 6, "covered_branches": 12, "missing_branches": 10}, "missing_lines": [245, 247, 251, 252, 257, 258, 259, 260, 263, 274, 275, 276, 277, 278, 279, 281, 282, 283], "excluded_lines": [], "executed_branches": [[240, 241], [240, 242], [242, 243], [242, 244], [244, 246], [246, 249], [249, 250], [249, 284], [250, 264], [264, 265], [270, 271], [273, 249]], "missing_branches": [[244, 245], [246, 247], [250, 251], [251, 252], [251, 260], [264, 276], [270, 273], [273, 274], [276, 277], [276, 281]]}, "compose.process_desc": {"executed_lines": [225, 228, 236, 237], "summary": {"covered_lines": 4, "num_statements": 7, "percent_covered": 53.333333333333336, "percent_covered_display": "53", "missing_lines": 3, "excluded_lines": 0, "num_branches": 8, "num_partial_branches": 2, "covered_branches": 4, "missing_branches": 4}, "missing_lines": [226, 231, 232], "excluded_lines": [], "executed_branches": [[225, 228], [228, 228], [228, 236], [237, -237], [237, -224]], "missing_branches": [[225, 226], [228, 231], [232, -232], [232, -224]]}, "": {"executed_lines": [1, 6, 7, 8, 10, 22, 29, 211], "summary": {"covered_lines": 7, "num_statements": 7, "percent_covered": 100.0, "percent_covered_display": "100", "missing_lines": 0, "excluded_lines": 0, "num_branches": 0, "num_partial_branches": 0, "covered_branches": 0, "missing_branches": 0}, "missing_lines": [], "excluded_lines": [], "executed_branches": [], "missing_branches": []}}, "classes": {"": {"executed_lines": [1, 6, 7, 8, 10, 22, 23, 24, 25, 26, 29, 34, 35, 36, 38, 39, 40, 41, 42, 44, 45, 47, 48, 49, 50, 51, 52, 53, 55, 58, 59, 60, 61, 66, 67, 70, 71, 74, 75, 76, 77, 78, 80, 87, 88, 90, 91, 92, 93, 94, 95, 96, 97, 98, 99, 100, 101, 102, 103, 104, 105, 106, 108, 109, 110, 111, 115, 127, 131, 132, 133, 134, 135, 138, 139, 140, 141, 143, 144, 145, 146, 148, 149, 150, 155, 156, 157, 158, 159, 160, 162, 163, 164, 166, 168, 169, 171, 179, 180, 181, 182, 188, 189, 190, 191, 196, 197, 202, 203, 204, 206, 208, 211, 224, 225, 228, 236, 237, 239, 240, 241, 242, 243, 244, 246, 249, 250, 264, 265, 270, 271, 272, 273, 284], "summary": {"covered_lines": 133, "num_statements": 156, "percent_covered": 83.1896551724138, "percent_covered_display": "83", "missing_lines": 23, "excluded_lines": 0, "num_branches": 76, "num_partial_branches": 10, "covered_branches": 60, "missing_branches": 16}, "missing_lines": [72, 151, 226, 231, 232, 245, 247, 251, 252, 257, 258, 259, 260, 263, 274, 275, 276, 277, 278, 279, 281, 282, 283], "excluded_lines": [], "executed_branches": [[24, 25], [24, 26], [35, 36], [35, 38], [40, 41], [40, 44], [49, 50], [49, 55], [67, 67], [67, 70], [67, 138], [71, 74], [87, 88], [87, 90], [91, 92], [91, 95], [95, 96], [95, 99], [99, 100], [99, 103], [103, 104], [103, 108], [115, 127], [115, 131], [132, 133], [132, 135], [139, 140], [139, 155], [140, 141], [140, 143], [148, 139], [148, 149], [150, 139], [156, 157], [156, 208], [157, 158], [157, 180], [162, 163], [162, 166], [180, 181], [180, 189], [189, 190], [189, 196], [196, 197], [196, 202], [225, 228], [228, 228], [228, 236], [237, -237], [237, -224], [240, 241], [240, 242], [242, 243], [242, 244], [244, 246], [246, 249], [249, 250], [249, 284], [250, 264], [264, 265], [270, 271], [273, 249]], "missing_branches": [[71, 72], [150, 151], [225, 226], [228, 231], [232, -232], [232, -224], [244, 245], [246, 247], [250, 251], [251, 252], [251, 260], [264, 276], [270, 273], [273, 274], [276, 277], [276, 281]]}}}, "docstring_parser/google.py": {"executed_lines": [1, 3, 4, 5, 6, 7, 9, 27, 28, 30, 31, 33, 34, 36, 37, 40, 41, 44, 45, 46, 48, 64, 65, 67, 75, 76, 77, 78, 79, 81, 82, 83, 85, 86, 95, 103, 105, 109, 111, 112, 115, 117, 119, 120, 122, 123, 124, 125, 126, 127, 129, 131, 132, 133, 134, 140, 144, 145, 148, 150, 152, 153, 156, 157, 158, 159, 160, 161, 162, 163, 164, 165, 167, 169, 170, 172, 173, 175, 183, 184, 190, 191, 196, 202, 203, 205, 210, 211, 212, 215, 218, 219, 220, 221, 223, 224, 227, 228, 229, 230, 231, 234, 235, 238, 239, 240, 241, 242, 243, 244, 246, 247, 248, 249, 254, 255, 256, 257, 259, 260, 264, 266, 267, 269, 272, 276, 277, 278, 281, 282, 283, 284, 285, 286, 287, 288, 289, 290, 291, 293, 296, 301, 304, 317, 356, 357, 363, 364, 365, 366, 369, 371, 374, 378, 383, 388, 392, 394, 400, 411, 414], "summary": {"covered_lines": 157, "num_statements": 204, "percent_covered": 73.8993710691824, "percent_covered_display": "74", "missing_lines": 47, "excluded_lines": 0, "num_branches": 114, "num_partial_branches": 14, "covered_branches": 78, "missing_branches": 36}, "missing_lines": [141, 149, 194, 250, 261, 268, 320, 322, 323, 324, 325, 327, 328, 334, 336, 337, 338, 339, 341, 342, 344, 345, 348, 349, 350, 351, 352, 354, 358, 359, 360, 361, 367, 370, 372, 395, 396, 397, 398, 401, 404, 405, 406, 407, 408, 409, 412], "excluded_lines": [], "executed_branches": [[75, 76], [75, 77], [77, -77], [77, 77], [77, 78], [82, 83], [82, 85], [86, -86], [86, -81], [86, 86], [105, 105], [105, 109], [105, 111], [111, 112], [111, 115], [117, 119], [117, 122], [122, 123], [124, 125], [124, 127], [133, 134], [133, 140], [140, 144], [144, 145], [144, 148], [148, 150], [156, 157], [156, 183], [158, 159], [158, 169], [160, 161], [160, 163], [163, 164], [163, 167], [183, 184], [183, 190], [190, 191], [211, 212], [211, 215], [219, 220], [219, 223], [229, 230], [229, 238], [239, 240], [239, 241], [242, 243], [242, 244], [247, 248], [247, 260], [249, 254], [256, 257], [256, 259], [260, 264], [264, 266], [264, 293], [267, 269], [272, 272], [272, 276], [272, 281], [283, 284], [283, 285], [286, 287], [286, 288], [289, 264], [289, 290], [357, -356], [364, 365], [364, 366], [366, 369], [369, 371], [371, 374], [374, -374], [374, 374], [374, 378], [378, -378], [378, 378], [378, 383], [383, -383], [383, 383], [383, 388], [388, -388], [388, 388], [388, 392], [394, 400], [400, 411], [411, 414]], "missing_branches": [[122, 129], [140, 141], [148, 149], [190, 194], [249, 250], [260, 261], [267, 268], [322, 323], [322, 324], [324, 325], [324, 327], [327, 328], [327, 334], [336, 337], [336, 338], [338, 339], [338, 341], [344, 345], [344, 349], [349, 350], [349, 354], [357, 358], [359, 360], [359, 361], [366, 367], [369, 370], [371, 372], [394, 395], [400, 401], [401, 404], [401, 405], [406, 407], [406, 409], [407, -407], [407, 408], [411, 412]], "functions": {"GoogleParser.__init__": {"executed_lines": [75, 76, 77, 78, 79], "summary": {"covered_lines": 5, "num_statements": 5, "percent_covered": 100.0, "percent_covered_display": "100", "missing_lines": 0, "excluded_lines": 0, "num_branches": 4, "num_partial_branches": 0, "covered_branches": 4, "missing_branches": 0}, "missing_lines": [], "excluded_lines": [], "executed_branches": [[75, 76], [75, 77], [77, -77], [77, 77], [77, 78]], "missing_branches": []}, "GoogleParser._setup": {"executed_lines": [82, 83, 85, 86], "summary": {"covered_lines": 4, "num_statements": 4, "percent_covered": 100.0, "percent_covered_display": "100", "missing_lines": 0, "excluded_lines": 0, "num_branches": 4, "num_partial_branches": 0, "covered_branches": 4, "missing_branches": 0}, "missing_lines": [], "excluded_lines": [], "executed_branches": [[82, 83], [82, 85], [86, -86], [86, -81], [86, 86]], "missing_branches": []}, "GoogleParser._build_meta": {"executed_lines": [103, 105, 109, 111, 112, 115, 117, 119, 120, 122, 123, 124, 125, 126, 127, 129], "summary": {"covered_lines": 16, "num_statements": 16, "percent_covered": 96.15384615384616, "percent_covered_display": "96", "missing_lines": 0, "excluded_lines": 0, "num_branches": 10, "num_partial_branches": 1, "covered_branches": 9, "missing_branches": 1}, "missing_lines": [], "excluded_lines": [], "executed_branches": [[105, 105], [105, 109], [105, 111], [111, 112], [111, 115], [117, 119], [117, 122], [122, 123], [124, 125], [124, 127]], "missing_branches": [[122, 129]]}, "GoogleParser._build_single_meta": {"executed_lines": [133, 134, 140, 144, 145, 148, 150], "summary": {"covered_lines": 7, "num_statements": 9, "percent_covered": 76.47058823529412, "percent_covered_display": "76", "missing_lines": 2, "excluded_lines": 0, "num_branches": 8, "num_partial_branches": 2, "covered_branches": 6, "missing_branches": 2}, "missing_lines": [141, 149], "excluded_lines": [], "executed_branches": [[133, 134], [133, 140], [140, 144], [144, 145], [144, 148], [148, 150]], "missing_branches": [[140, 141], [148, 149]]}, "GoogleParser._build_multi_meta": {"executed_lines": [156, 157, 158, 159, 160, 161, 162, 163, 164, 165, 167, 169, 170, 172, 173, 175, 183, 184, 190, 191], "summary": {"covered_lines": 20, "num_statements": 21, "percent_covered": 93.93939393939394, "percent_covered_display": "94", "missing_lines": 1, "excluded_lines": 0, "num_branches": 12, "num_partial_branches": 1, "covered_branches": 11, "missing_branches": 1}, "missing_lines": [194], "excluded_lines": [], "executed_branches": [[156, 157], [156, 183], [158, 159], [158, 169], [160, 161], [160, 163], [163, 164], [163, 167], [183, 184], [183, 190], [190, 191]], "missing_branches": [[190, 194]]}, "GoogleParser.add_section": {"executed_lines": [202, 203], "summary": {"covered_lines": 2, "num_statements": 2, "percent_covered": 100.0, "percent_covered_display": "100", "missing_lines": 0, "excluded_lines": 0, "num_branches": 0, "num_partial_branches": 0, "covered_branches": 0, "missing_branches": 0}, "missing_lines": [], "excluded_lines": [], "executed_branches": [], "missing_branches": []}, "GoogleParser.parse": {"executed_lines": [210, 211, 212, 215, 218, 219, 220, 221, 223, 224, 227, 228, 229, 230, 231, 234, 235, 238, 239, 240, 241, 242, 243, 244, 246, 247, 248, 249, 254, 255, 256, 257, 259, 260, 264, 266, 267, 269, 272, 276, 277, 278, 281, 282, 283, 284, 285, 286, 287, 288, 289, 290, 291, 293], "summary": {"covered_lines": 54, "num_statements": 57, "percent_covered": 93.10344827586206, "percent_covered_display": "93", "missing_lines": 3, "excluded_lines": 0, "num_branches": 30, "num_partial_branches": 3, "covered_branches": 27, "missing_branches": 3}, "missing_lines": [250, 261, 268], "excluded_lines": [], "executed_branches": [[211, 212], [211, 215], [219, 220], [219, 223], [229, 230], [229, 238], [239, 240], [239, 241], [242, 243], [242, 244], [247, 248], [247, 260], [249, 254], [256, 257], [256, 259], [260, 264], [264, 266], [264, 293], [267, 269], [272, 272], [272, 276], [272, 281], [283, 284], [283, 285], [286, 287], [286, 288], [289, 264], [289, 290]], "missing_branches": [[249, 250], [260, 261], [267, 268]]}, "parse": {"executed_lines": [301], "summary": {"covered_lines": 1, "num_statements": 1, "percent_covered": 100.0, "percent_covered_display": "100", "missing_lines": 0, "excluded_lines": 0, "num_branches": 0, "num_partial_branches": 0, "covered_branches": 0, "missing_branches": 0}, "missing_lines": [], "excluded_lines": [], "executed_branches": [], "missing_branches": []}, "compose": {"executed_lines": [317, 356, 363, 364, 365, 366, 369, 371, 374, 378, 383, 388, 392, 394, 400, 411, 414], "summary": {"covered_lines": 17, "num_statements": 32, "percent_covered": 55.0, "percent_covered_display": "55", "missing_lines": 15, "excluded_lines": 0, "num_branches": 28, "num_partial_branches": 6, "covered_branches": 16, "missing_branches": 12}, "missing_lines": [367, 370, 372, 395, 396, 397, 398, 401, 404, 405, 406, 407, 408, 409, 412], "excluded_lines": [], "executed_branches": [[364, 365], [364, 366], [366, 369], [369, 371], [371, 374], [374, -374], [374, 374], [374, 378], [378, -378], [378, 378], [378, 383], [383, -383], [383, 383], [383, 388], [388, -388], [388, 388], [388, 392], [394, 400], [400, 411], [411, 414]], "missing_branches": [[366, 367], [369, 370], [371, 372], [394, 395], [400, 401], [401, 404], [401, 405], [406, 407], [406, 409], [407, -407], [407, 408], [411, 412]]}, "compose.process_one": {"executed_lines": [], "summary": {"covered_lines": 0, "num_statements": 22, "percent_covered": 0.0, "percent_covered_display": "0", "missing_lines": 22, "excluded_lines": 0, "num_branches": 14, "num_partial_branches": 0, "covered_branches": 0, "missing_branches": 14}, "missing_lines": [320, 322, 323, 324, 325, 327, 328, 334, 336, 337, 338, 339, 341, 342, 344, 345, 348, 349, 350, 351, 352, 354], "excluded_lines": [], "executed_branches": [], "missing_branches": [[322, 323], [322, 324], [324, 325], [324, 327], [327, 328], [327, 334], [336, 337], [336, 338], [338, 339], [338, 341], [344, 345], [344, 349], [349, 350], [349, 354]]}, "compose.process_sect": {"executed_lines": [357], "summary": {"covered_lines": 1, "num_statements": 5, "percent_covered": 22.22222222222222, "percent_covered_display": "22", "missing_lines": 4, "excluded_lines": 0, "num_branches": 4, "num_partial_branches": 1, "covered_branches": 1, "missing_branches": 3}, "missing_lines": [358, 359, 360, 361], "excluded_lines": [], "executed_branches": [[357, -356]], "missing_branches": [[357, 358], [359, 360], [359, 361]]}, "": {"executed_lines": [1, 3, 4, 5, 6, 7, 9, 27, 28, 30, 31, 33, 34, 36, 37, 40, 41, 44, 45, 46, 48, 64, 65, 67, 81, 95, 131, 132, 152, 153, 196, 205, 296, 304], "summary": {"covered_lines": 30, "num_statements": 30, "percent_covered": 100.0, "percent_covered_display": "100", "missing_lines": 0, "excluded_lines": 0, "num_branches": 0, "num_partial_branches": 0, "covered_branches": 0, "missing_branches": 0}, "missing_lines": [], "excluded_lines": [], "executed_branches": [], "missing_branches": []}}, "classes": {"SectionType": {"executed_lines": [], "summary": {"covered_lines": 0, "num_statements": 0, "percent_covered": 100.0, "percent_covered_display": "100", "missing_lines": 0, "excluded_lines": 0, "num_branches": 0, "num_partial_branches": 0, "covered_branches": 0, "missing_branches": 0}, "missing_lines": [], "excluded_lines": [], "executed_branches": [], "missing_branches": []}, "Section": {"executed_lines": [], "summary": {"covered_lines": 0, "num_statements": 0, "percent_covered": 100.0, "percent_covered_display": "100", "missing_lines": 0, "excluded_lines": 0, "num_branches": 0, "num_partial_branches": 0, "covered_branches": 0, "missing_branches": 0}, "missing_lines": [], "excluded_lines": [], "executed_branches": [], "missing_branches": []}, "GoogleParser": {"executed_lines": [75, 76, 77, 78, 79, 82, 83, 85, 86, 103, 105, 109, 111, 112, 115, 117, 119, 120, 122, 123, 124, 125, 126, 127, 129, 133, 134, 140, 144, 145, 148, 150, 156, 157, 158, 159, 160, 161, 162, 163, 164, 165, 167, 169, 170, 172, 173, 175, 183, 184, 190, 191, 202, 203, 210, 211, 212, 215, 218, 219, 220, 221, 223, 224, 227, 228, 229, 230, 231, 234, 235, 238, 239, 240, 241, 242, 243, 244, 246, 247, 248, 249, 254, 255, 256, 257, 259, 260, 264, 266, 267, 269, 272, 276, 277, 278, 281, 282, 283, 284, 285, 286, 287, 288, 289, 290, 291, 293], "summary": {"covered_lines": 108, "num_statements": 114, "percent_covered": 92.85714285714286, "percent_covered_display": "93", "missing_lines": 6, "excluded_lines": 0, "num_branches": 68, "num_partial_branches": 7, "covered_branches": 61, "missing_branches": 7}, "missing_lines": [141, 149, 194, 250, 261, 268], "excluded_lines": [], "executed_branches": [[75, 76], [75, 77], [77, -77], [77, 77], [77, 78], [82, 83], [82, 85], [86, -86], [86, -81], [86, 86], [105, 105], [105, 109], [105, 111], [111, 112], [111, 115], [117, 119], [117, 122], [122, 123], [124, 125], [124, 127], [133, 134], [133, 140], [140, 144], [144, 145], [144, 148], [148, 150], [156, 157], [156, 183], [158, 159], [158, 169], [160, 161], [160, 163], [163, 164], [163, 167], [183, 184], [183, 190], [190, 191], [211, 212], [211, 215], [219, 220], [219, 223], [229, 230], [229, 238], [239, 240], [239, 241], [242, 243], [242, 244], [247, 248], [247, 260], [249, 254], [256, 257], [256, 259], [260, 264], [264, 266], [264, 293], [267, 269], [272, 272], [272, 276], [272, 281], [283, 284], [283, 285], [286, 287], [286, 288], [289, 264], [289, 290]], "missing_branches": [[122, 129], [140, 141], [148, 149], [190, 194], [249, 250], [260, 261], [267, 268]]}, "": {"executed_lines": [1, 3, 4, 5, 6, 7, 9, 27, 28, 30, 31, 33, 34, 36, 37, 40, 41, 44, 45, 46, 48, 64, 65, 67, 81, 95, 131, 132, 152, 153, 196, 205, 296, 301, 304, 317, 356, 357, 363, 364, 365, 366, 369, 371, 374, 378, 383, 388, 392, 394, 400, 411, 414], "summary": {"covered_lines": 49, "num_statements": 90, "percent_covered": 48.529411764705884, "percent_covered_display": "49", "missing_lines": 41, "excluded_lines": 0, "num_branches": 46, "num_partial_branches": 7, "covered_branches": 17, "missing_branches": 29}, "missing_lines": [320, 322, 323, 324, 325, 327, 328, 334, 336, 337, 338, 339, 341, 342, 344, 345, 348, 349, 350, 351, 352, 354, 358, 359, 360, 361, 367, 370, 372, 395, 396, 397, 398, 401, 404, 405, 406, 407, 408, 409, 412], "excluded_lines": [], "executed_branches": [[357, -356], [364, 365], [364, 366], [366, 369], [369, 371], [371, 374], [374, -374], [374, 374], [374, 378], [378, -378], [378, 378], [378, 383], [383, -383], [383, 383], [383, 388], [388, -388], [388, 388], [388, 392], [394, 400], [400, 411], [411, 414]], "missing_branches": [[322, 323], [322, 324], [324, 325], [324, 327], [327, 328], [327, 334], [336, 337], [336, 338], [338, 339], [338, 341], [344, 345], [344, 349], [349, 350], [349, 354], [357, 358], [359, 360], [359, 361], [366, 367], [369, 370], [371, 372], [394, 395], [400, 401], [401, 404], [401, 405], [406, 407], [406, 409], [407, -407], [407, 408], [411, 412]]}}}, "docstring_parser/numpydoc.py": {"executed_lines": [1, 6, 7, 8, 9, 10, 12, 25, 26, 27, 28, 31, 32, 33, 34, 35, 38, 39, 40, 44, 48, 51, 52, 61, 62, 63, 65, 66, 72, 73, 75, 81, 84, 85, 95, 98, 99, 100, 101, 102, 103, 108, 109, 116, 117, 118, 121, 122, 132, 133, 134, 135, 136, 137, 138, 139, 140, 141, 142, 144, 146, 147, 148, 149, 152, 162, 163, 170, 171, 178, 179, 188, 190, 191, 192, 193, 194, 199, 208, 209, 211, 214, 215, 217, 228, 229, 241, 266, 301, 302, 304, 309, 310, 311, 313, 314, 319, 328, 333, 334, 335, 338, 341, 342, 343, 344, 346, 347, 350, 351, 352, 353, 354, 357, 358, 360, 361, 362, 366, 367, 368, 370, 373, 378, 381, 395, 421, 422, 429, 430, 432, 435, 446, 448, 451, 456, 465, 474, 479, 485, 494, 503, 508, 513, 532], "summary": {"covered_lines": 134, "num_statements": 202, "percent_covered": 61.333333333333336, "percent_covered_display": "61", "missing_lines": 68, "excluded_lines": 0, "num_branches": 98, "num_partial_branches": 12, "covered_branches": 50, "missing_branches": 48}, "missing_lines": [96, 150, 196, 197, 218, 220, 221, 223, 247, 248, 249, 250, 251, 252, 253, 254, 255, 256, 257, 258, 259, 325, 326, 398, 399, 400, 401, 403, 405, 406, 407, 408, 409, 410, 412, 413, 415, 416, 417, 419, 423, 424, 425, 426, 427, 431, 433, 436, 437, 438, 439, 440, 442, 443, 444, 447, 449, 480, 481, 482, 483, 514, 523, 525, 526, 527, 529, 530], "excluded_lines": [], "executed_branches": [[33, 34], [33, 35], [99, -98], [99, 100], [135, 136], [138, 139], [138, 146], [140, 141], [140, 144], [147, 148], [147, 152], [149, 152], [192, 193], [310, -310], [310, 310], [310, 311], [314, -314], [314, -313], [314, 314], [334, 335], [334, 338], [342, 343], [342, 346], [352, 353], [352, 360], [360, 361], [360, 370], [361, 361], [361, 362], [422, -421], [430, 432], [432, 435], [435, 446], [446, 448], [448, 451], [451, -451], [451, 451], [451, 456], [456, -456], [456, 456], [456, 465], [465, -465], [465, 465], [465, 474], [474, -474], [474, 474], [474, 479], [479, 485], [485, -485], [485, 485], [485, 494], [494, -494], [494, 494], [494, 503], [503, -503], [503, 503], [503, 508], [508, -508], [508, 508], [508, 513], [513, 532]], "missing_branches": [[135, 146], [149, 150], [192, 196], [220, 221], [220, 223], [248, -241], [248, 249], [251, 252], [251, 255], [252, 253], [252, 254], [255, 256], [255, 259], [256, 257], [256, 258], [361, -361], [398, 399], [398, 400], [400, 401], [400, 403], [405, 406], [405, 407], [407, 408], [407, 409], [409, 410], [409, 412], [412, 413], [412, 415], [415, 416], [415, 419], [422, 423], [426, -421], [426, 427], [430, 431], [432, 433], [435, 436], [437, 438], [437, 439], [439, 440], [439, 442], [446, 447], [448, 449], [479, 480], [513, 514], [514, 523], [514, 525], [529, 513], [529, 530]], "functions": {"_pairwise": {"executed_lines": [26, 27, 28], "summary": {"covered_lines": 3, "num_statements": 3, "percent_covered": 100.0, "percent_covered_display": "100", "missing_lines": 0, "excluded_lines": 0, "num_branches": 0, "num_partial_branches": 0, "covered_branches": 0, "missing_branches": 0}, "missing_lines": [], "excluded_lines": [], "executed_branches": [], "missing_branches": []}, "_clean_str": {"executed_lines": [32, 33, 34, 35], "summary": {"covered_lines": 4, "num_statements": 4, "percent_covered": 100.0, "percent_covered_display": "100", "missing_lines": 0, "excluded_lines": 0, "num_branches": 2, "num_partial_branches": 0, "covered_branches": 2, "missing_branches": 0}, "missing_lines": [], "excluded_lines": [], "executed_branches": [[33, 34], [33, 35]], "missing_branches": []}, "Section.__init__": {"executed_lines": [62, 63], "summary": {"covered_lines": 2, "num_statements": 2, "percent_covered": 100.0, "percent_covered_display": "100", "missing_lines": 0, "excluded_lines": 0, "num_branches": 0, "num_partial_branches": 0, "covered_branches": 0, "missing_branches": 0}, "missing_lines": [], "excluded_lines": [], "executed_branches": [], "missing_branches": []}, "Section.title_pattern": {"executed_lines": [72, 73], "summary": {"covered_lines": 2, "num_statements": 2, "percent_covered": 100.0, "percent_covered_display": "100", "missing_lines": 0, "excluded_lines": 0, "num_branches": 0, "num_partial_branches": 0, "covered_branches": 0, "missing_branches": 0}, "missing_lines": [], "excluded_lines": [], "executed_branches": [], "missing_branches": []}, "Section.parse": {"executed_lines": [81], "summary": {"covered_lines": 1, "num_statements": 1, "percent_covered": 100.0, "percent_covered_display": "100", "missing_lines": 0, "excluded_lines": 0, "num_branches": 0, "num_partial_branches": 0, "covered_branches": 0, "missing_branches": 0}, "missing_lines": [], "excluded_lines": [], "executed_branches": [], "missing_branches": []}, "_KVSection._parse_item": {"executed_lines": [], "summary": {"covered_lines": 0, "num_statements": 1, "percent_covered": 0.0, "percent_covered_display": "0", "missing_lines": 1, "excluded_lines": 0, "num_branches": 0, "num_partial_branches": 0, "covered_branches": 0, "missing_branches": 0}, "missing_lines": [96], "excluded_lines": [], "executed_branches": [], "missing_branches": []}, "_KVSection.parse": {"executed_lines": [99, 100, 101, 102, 103], "summary": {"covered_lines": 5, "num_statements": 5, "percent_covered": 100.0, "percent_covered_display": "100", "missing_lines": 0, "excluded_lines": 0, "num_branches": 2, "num_partial_branches": 0, "covered_branches": 2, "missing_branches": 0}, "missing_lines": [], "excluded_lines": [], "executed_branches": [[99, -98], [99, 100]], "missing_branches": []}, "_SphinxSection.title_pattern": {"executed_lines": [118], "summary": {"covered_lines": 1, "num_statements": 1, "percent_covered": 100.0, "percent_covered_display": "100", "missing_lines": 0, "excluded_lines": 0, "num_branches": 0, "num_partial_branches": 0, "covered_branches": 0, "missing_branches": 0}, "missing_lines": [], "excluded_lines": [], "executed_branches": [], "missing_branches": []}, "ParamSection._parse_item": {"executed_lines": [133, 134, 135, 136, 137, 138, 139, 140, 141, 142, 144, 146, 147, 148, 149, 152], "summary": {"covered_lines": 16, "num_statements": 17, "percent_covered": 88.88888888888889, "percent_covered_display": "89", "missing_lines": 1, "excluded_lines": 0, "num_branches": 10, "num_partial_branches": 2, "covered_branches": 8, "missing_branches": 2}, "missing_lines": [150], "excluded_lines": [], "executed_branches": [[135, 136], [138, 139], [138, 146], [140, 141], [140, 144], [147, 148], [147, 152], [149, 152]], "missing_branches": [[135, 146], [149, 150]]}, "RaisesSection._parse_item": {"executed_lines": [171], "summary": {"covered_lines": 1, "num_statements": 1, "percent_covered": 100.0, "percent_covered_display": "100", "missing_lines": 0, "excluded_lines": 0, "num_branches": 0, "num_partial_branches": 0, "covered_branches": 0, "missing_branches": 0}, "missing_lines": [], "excluded_lines": [], "executed_branches": [], "missing_branches": []}, "ReturnsSection._parse_item": {"executed_lines": [191, 192, 193, 194, 199], "summary": {"covered_lines": 5, "num_statements": 7, "percent_covered": 66.66666666666667, "percent_covered_display": "67", "missing_lines": 2, "excluded_lines": 0, "num_branches": 2, "num_partial_branches": 1, "covered_branches": 1, "missing_branches": 1}, "missing_lines": [196, 197], "excluded_lines": [], "executed_branches": [[192, 193]], "missing_branches": [[192, 196]]}, "DeprecationSection.parse": {"executed_lines": [], "summary": {"covered_lines": 0, "num_statements": 4, "percent_covered": 0.0, "percent_covered_display": "0", "missing_lines": 4, "excluded_lines": 0, "num_branches": 2, "num_partial_branches": 0, "covered_branches": 0, "missing_branches": 2}, "missing_lines": [218, 220, 221, 223], "excluded_lines": [], "executed_branches": [], "missing_branches": [[220, 221], [220, 223]]}, "ExamplesSection.parse": {"executed_lines": [], "summary": {"covered_lines": 0, "num_statements": 13, "percent_covered": 0.0, "percent_covered_display": "0", "missing_lines": 13, "excluded_lines": 0, "num_branches": 10, "num_partial_branches": 0, "covered_branches": 0, "missing_branches": 10}, "missing_lines": [247, 248, 249, 250, 251, 252, 253, 254, 255, 256, 257, 258, 259], "excluded_lines": [], "executed_branches": [], "missing_branches": [[248, -241], [248, 249], [251, 252], [251, 255], [252, 253], [252, 254], [255, 256], [255, 259], [256, 257], [256, 258]]}, "NumpydocParser.__init__": {"executed_lines": [309, 310, 311], "summary": {"covered_lines": 3, "num_statements": 3, "percent_covered": 100.0, "percent_covered_display": "100", "missing_lines": 0, "excluded_lines": 0, "num_branches": 2, "num_partial_branches": 0, "covered_branches": 2, "missing_branches": 0}, "missing_lines": [], "excluded_lines": [], "executed_branches": [[310, -310], [310, 310], [310, 311]], "missing_branches": []}, "NumpydocParser._setup": {"executed_lines": [314], "summary": {"covered_lines": 1, "num_statements": 1, "percent_covered": 100.0, "percent_covered_display": "100", "missing_lines": 0, "excluded_lines": 0, "num_branches": 2, "num_partial_branches": 0, "covered_branches": 2, "missing_branches": 0}, "missing_lines": [], "excluded_lines": [], "executed_branches": [[314, -314], [314, -313], [314, 314]], "missing_branches": []}, "NumpydocParser.add_section": {"executed_lines": [], "summary": {"covered_lines": 0, "num_statements": 2, "percent_covered": 0.0, "percent_covered_display": "0", "missing_lines": 2, "excluded_lines": 0, "num_branches": 0, "num_partial_branches": 0, "covered_branches": 0, "missing_branches": 0}, "missing_lines": [325, 326], "excluded_lines": [], "executed_branches": [], "missing_branches": []}, "NumpydocParser.parse": {"executed_lines": [333, 334, 335, 338, 341, 342, 343, 344, 346, 347, 350, 351, 352, 353, 354, 357, 358, 360, 361, 362, 366, 367, 368, 370], "summary": {"covered_lines": 24, "num_statements": 24, "percent_covered": 97.05882352941177, "percent_covered_display": "97", "missing_lines": 0, "excluded_lines": 0, "num_branches": 10, "num_partial_branches": 1, "covered_branches": 9, "missing_branches": 1}, "missing_lines": [], "excluded_lines": [], "executed_branches": [[334, 335], [334, 338], [342, 343], [342, 346], [352, 353], [352, 360], [360, 361], [360, 370], [361, 361], [361, 362]], "missing_branches": [[361, -361]]}, "parse": {"executed_lines": [378], "summary": {"covered_lines": 1, "num_statements": 1, "percent_covered": 100.0, "percent_covered_display": "100", "missing_lines": 0, "excluded_lines": 0, "num_branches": 0, "num_partial_branches": 0, "covered_branches": 0, "missing_branches": 0}, "missing_lines": [], "excluded_lines": [], "executed_branches": [], "missing_branches": []}, "compose": {"executed_lines": [395, 421, 429, 430, 432, 435, 446, 448, 451, 456, 465, 474, 479, 485, 494, 503, 508, 513, 532], "summary": {"covered_lines": 19, "num_statements": 42, "percent_covered": 52.5, "percent_covered_display": "52", "missing_lines": 23, "excluded_lines": 0, "num_branches": 38, "num_partial_branches": 7, "covered_branches": 23, "missing_branches": 15}, "missing_lines": [431, 433, 436, 437, 438, 439, 440, 442, 443, 444, 447, 449, 480, 481, 482, 483, 514, 523, 525, 526, 527, 529, 530], "excluded_lines": [], "executed_branches": [[430, 432], [432, 435], [435, 446], [446, 448], [448, 451], [451, -451], [451, 451], [451, 456], [456, -456], [456, 456], [456, 465], [465, -465], [465, 465], [465, 474], [474, -474], [474, 474], [474, 479], [479, 485], [485, -485], [485, 485], [485, 494], [494, -494], [494, 494], [494, 503], [503, -503], [503, 503], [503, 508], [508, -508], [508, 508], [508, 513], [513, 532]], "missing_branches": [[430, 431], [432, 433], [435, 436], [437, 438], [437, 439], [439, 440], [439, 442], [446, 447], [448, 449], [479, 480], [513, 514], [514, 523], [514, 525], [529, 513], [529, 530]]}, "compose.process_one": {"executed_lines": [], "summary": {"covered_lines": 0, "num_statements": 17, "percent_covered": 0.0, "percent_covered_display": "0", "missing_lines": 17, "excluded_lines": 0, "num_branches": 14, "num_partial_branches": 0, "covered_branches": 0, "missing_branches": 14}, "missing_lines": [398, 399, 400, 401, 403, 405, 406, 407, 408, 409, 410, 412, 413, 415, 416, 417, 419], "excluded_lines": [], "executed_branches": [], "missing_branches": [[398, 399], [398, 400], [400, 401], [400, 403], [405, 406], [405, 407], [407, 408], [407, 409], [409, 410], [409, 412], [412, 413], [412, 415], [415, 416], [415, 419]]}, "compose.process_sect": {"executed_lines": [422], "summary": {"covered_lines": 1, "num_statements": 6, "percent_covered": 20.0, "percent_covered_display": "20", "missing_lines": 5, "excluded_lines": 0, "num_branches": 4, "num_partial_branches": 1, "covered_branches": 1, "missing_branches": 3}, "missing_lines": [423, 424, 425, 426, 427], "excluded_lines": [], "executed_branches": [[422, -421]], "missing_branches": [[422, 423], [426, -421], [426, 427]]}, "": {"executed_lines": [1, 6, 7, 8, 9, 10, 12, 25, 31, 38, 39, 40, 44, 48, 51, 52, 61, 65, 66, 75, 84, 85, 95, 98, 108, 109, 116, 117, 121, 122, 132, 162, 163, 170, 178, 179, 188, 190, 208, 209, 211, 214, 215, 217, 228, 229, 241, 266, 301, 302, 304, 313, 319, 328, 373, 381], "summary": {"covered_lines": 45, "num_statements": 45, "percent_covered": 100.0, "percent_covered_display": "100", "missing_lines": 0, "excluded_lines": 0, "num_branches": 0, "num_partial_branches": 0, "covered_branches": 0, "missing_branches": 0}, "missing_lines": [], "excluded_lines": [], "executed_branches": [], "missing_branches": []}}, "classes": {"Section": {"executed_lines": [62, 63, 72, 73, 81], "summary": {"covered_lines": 5, "num_statements": 5, "percent_covered": 100.0, "percent_covered_display": "100", "missing_lines": 0, "excluded_lines": 0, "num_branches": 0, "num_partial_branches": 0, "covered_branches": 0, "missing_branches": 0}, "missing_lines": [], "excluded_lines": [], "executed_branches": [], "missing_branches": []}, "_KVSection": {"executed_lines": [99, 100, 101, 102, 103], "summary": {"covered_lines": 5, "num_statements": 6, "percent_covered": 87.5, "percent_covered_display": "88", "missing_lines": 1, "excluded_lines": 0, "num_branches": 2, "num_partial_branches": 0, "covered_branches": 2, "missing_branches": 0}, "missing_lines": [96], "excluded_lines": [], "executed_branches": [[99, -98], [99, 100]], "missing_branches": []}, "_SphinxSection": {"executed_lines": [118], "summary": {"covered_lines": 1, "num_statements": 1, "percent_covered": 100.0, "percent_covered_display": "100", "missing_lines": 0, "excluded_lines": 0, "num_branches": 0, "num_partial_branches": 0, "covered_branches": 0, "missing_branches": 0}, "missing_lines": [], "excluded_lines": [], "executed_branches": [], "missing_branches": []}, "ParamSection": {"executed_lines": [133, 134, 135, 136, 137, 138, 139, 140, 141, 142, 144, 146, 147, 148, 149, 152], "summary": {"covered_lines": 16, "num_statements": 17, "percent_covered": 88.88888888888889, "percent_covered_display": "89", "missing_lines": 1, "excluded_lines": 0, "num_branches": 10, "num_partial_branches": 2, "covered_branches": 8, "missing_branches": 2}, "missing_lines": [150], "excluded_lines": [], "executed_branches": [[135, 136], [138, 139], [138, 146], [140, 141], [140, 144], [147, 148], [147, 152], [149, 152]], "missing_branches": [[135, 146], [149, 150]]}, "RaisesSection": {"executed_lines": [171], "summary": {"covered_lines": 1, "num_statements": 1, "percent_covered": 100.0, "percent_covered_display": "100", "missing_lines": 0, "excluded_lines": 0, "num_branches": 0, "num_partial_branches": 0, "covered_branches": 0, "missing_branches": 0}, "missing_lines": [], "excluded_lines": [], "executed_branches": [], "missing_branches": []}, "ReturnsSection": {"executed_lines": [191, 192, 193, 194, 199], "summary": {"covered_lines": 5, "num_statements": 7, "percent_covered": 66.66666666666667, "percent_covered_display": "67", "missing_lines": 2, "excluded_lines": 0, "num_branches": 2, "num_partial_branches": 1, "covered_branches": 1, "missing_branches": 1}, "missing_lines": [196, 197], "excluded_lines": [], "executed_branches": [[192, 193]], "missing_branches": [[192, 196]]}, "YieldsSection": {"executed_lines": [], "summary": {"covered_lines": 0, "num_statements": 0, "percent_covered": 100.0, "percent_covered_display": "100", "missing_lines": 0, "excluded_lines": 0, "num_branches": 0, "num_partial_branches": 0, "covered_branches": 0, "missing_branches": 0}, "missing_lines": [], "excluded_lines": [], "executed_branches": [], "missing_branches": []}, "DeprecationSection": {"executed_lines": [], "summary": {"covered_lines": 0, "num_statements": 4, "percent_covered": 0.0, "percent_covered_display": "0", "missing_lines": 4, "excluded_lines": 0, "num_branches": 2, "num_partial_branches": 0, "covered_branches": 0, "missing_branches": 2}, "missing_lines": [218, 220, 221, 223], "excluded_lines": [], "executed_branches": [], "missing_branches": [[220, 221], [220, 223]]}, "ExamplesSection": {"executed_lines": [], "summary": {"covered_lines": 0, "num_statements": 13, "percent_covered": 0.0, "percent_covered_display": "0", "missing_lines": 13, "excluded_lines": 0, "num_branches": 10, "num_partial_branches": 0, "covered_branches": 0, "missing_branches": 10}, "missing_lines": [247, 248, 249, 250, 251, 252, 253, 254, 255, 256, 257, 258, 259], "excluded_lines": [], "executed_branches": [], "missing_branches": [[248, -241], [248, 249], [251, 252], [251, 255], [252, 253], [252, 254], [255, 256], [255, 259], [256, 257], [256, 258]]}, "NumpydocParser": {"executed_lines": [309, 310, 311, 314, 333, 334, 335, 338, 341, 342, 343, 344, 346, 347, 350, 351, 352, 353, 354, 357, 358, 360, 361, 362, 366, 367, 368, 370], "summary": {"covered_lines": 28, "num_statements": 30, "percent_covered": 93.18181818181819, "percent_covered_display": "93", "missing_lines": 2, "excluded_lines": 0, "num_branches": 14, "num_partial_branches": 1, "covered_branches": 13, "missing_branches": 1}, "missing_lines": [325, 326], "excluded_lines": [], "executed_branches": [[310, -310], [310, 310], [310, 311], [314, -314], [314, -313], [314, 314], [334, 335], [334, 338], [342, 343], [342, 346], [352, 353], [352, 360], [360, 361], [360, 370], [361, 361], [361, 362]], "missing_branches": [[361, -361]]}, "": {"executed_lines": [1, 6, 7, 8, 9, 10, 12, 25, 26, 27, 28, 31, 32, 33, 34, 35, 38, 39, 40, 44, 48, 51, 52, 61, 65, 66, 75, 84, 85, 95, 98, 108, 109, 116, 117, 121, 122, 132, 162, 163, 170, 178, 179, 188, 190, 208, 209, 211, 214, 215, 217, 228, 229, 241, 266, 301, 302, 304, 313, 319, 328, 373, 378, 381, 395, 421, 422, 429, 430, 432, 435, 446, 448, 451, 456, 465, 474, 479, 485, 494, 503, 508, 513, 532], "summary": {"covered_lines": 73, "num_statements": 118, "percent_covered": 56.25, "percent_covered_display": "56", "missing_lines": 45, "excluded_lines": 0, "num_branches": 58, "num_partial_branches": 8, "covered_branches": 26, "missing_branches": 32}, "missing_lines": [398, 399, 400, 401, 403, 405, 406, 407, 408, 409, 410, 412, 413, 415, 416, 417, 419, 423, 424, 425, 426, 427, 431, 433, 436, 437, 438, 439, 440, 442, 443, 444, 447, 449, 480, 481, 482, 483, 514, 523, 525, 526, 527, 529, 530], "excluded_lines": [], "executed_branches": [[33, 34], [33, 35], [422, -421], [430, 432], [432, 435], [435, 446], [446, 448], [448, 451], [451, -451], [451, 451], [451, 456], [456, -456], [456, 456], [456, 465], [465, -465], [465, 465], [465, 474], [474, -474], [474, 474], [474, 479], [479, 485], [485, -485], [485, 485], [485, 494], [494, -494], [494, 494], [494, 503], [503, -503], [503, 503], [503, 508], [508, -508], [508, 508], [508, 513], [513, 532]], "missing_branches": [[398, 399], [398, 400], [400, 401], [400, 403], [405, 406], [405, 407], [407, 408], [407, 409], [409, 410], [409, 412], [412, 413], [412, 415], [415, 416], [415, 419], [422, 423], [426, -421], [426, 427], [430, 431], [432, 433], [435, 436], [437, 438], [437, 439], [439, 440], [439, 442], [446, 447], [448, 449], [479, 480], [513, 514], [514, 523], [514, 525], [529, 513], [529, 530]]}}}, "docstring_parser/parser.py": {"executed_lines": [1, 3, 4, 6, 7, 8, 15, 23, 32, 33, 35, 36, 37, 38, 39, 40, 41, 43, 45, 48, 51, 82], "summary": {"covered_lines": 21, "num_statements": 28, "percent_covered": 73.6842105263158, "percent_covered_display": "74", "missing_lines": 7, "excluded_lines": 0, "num_branches": 10, "num_partial_branches": 1, "covered_branches": 7, "missing_branches": 3}, "missing_lines": [46, 74, 76, 77, 79, 95, 98], "excluded_lines": [], "executed_branches": [[32, 33], [32, 35], [37, 38], [37, 45], [45, 48], [48, -48], [48, -23]], "missing_branches": [[45, 46], [76, 77], [76, 79]], "functions": {"parse": {"executed_lines": [32, 33, 35, 36, 37, 38, 39, 40, 41, 43, 45, 48], "summary": {"covered_lines": 12, "num_statements": 13, "percent_covered": 90.47619047619048, "percent_covered_display": "90", "missing_lines": 1, "excluded_lines": 0, "num_branches": 8, "num_partial_branches": 1, "covered_branches": 7, "missing_branches": 1}, "missing_lines": [46], "excluded_lines": [], "executed_branches": [[32, 33], [32, 35], [37, 38], [37, 45], [45, 48], [48, -48], [48, -23]], "missing_branches": [[45, 46]]}, "parse_from_object": {"executed_lines": [], "summary": {"covered_lines": 0, "num_statements": 4, "percent_covered": 0.0, "percent_covered_display": "0", "missing_lines": 4, "excluded_lines": 0, "num_branches": 2, "num_partial_branches": 0, "covered_branches": 0, "missing_branches": 2}, "missing_lines": [74, 76, 77, 79], "excluded_lines": [], "executed_branches": [], "missing_branches": [[76, 77], [76, 79]]}, "compose": {"executed_lines": [], "summary": {"covered_lines": 0, "num_statements": 2, "percent_covered": 0.0, "percent_covered_display": "0", "missing_lines": 2, "excluded_lines": 0, "num_branches": 0, "num_partial_branches": 0, "covered_branches": 0, "missing_branches": 0}, "missing_lines": [95, 98], "excluded_lines": [], "executed_branches": [], "missing_branches": []}, "": {"executed_lines": [1, 3, 4, 6, 7, 8, 15, 23, 51, 82], "summary": {"covered_lines": 9, "num_statements": 9, "percent_covered": 100.0, "percent_covered_display": "100", "missing_lines": 0, "excluded_lines": 0, "num_branches": 0, "num_partial_branches": 0, "covered_branches": 0, "missing_branches": 0}, "missing_lines": [], "excluded_lines": [], "executed_branches": [], "missing_branches": []}}, "classes": {"": {"executed_lines": [1, 3, 4, 6, 7, 8, 15, 23, 32, 33, 35, 36, 37, 38, 39, 40, 41, 43, 45, 48, 51, 82], "summary": {"covered_lines": 21, "num_statements": 28, "percent_covered": 73.6842105263158, "percent_covered_display": "74", "missing_lines": 7, "excluded_lines": 0, "num_branches": 10, "num_partial_branches": 1, "covered_branches": 7, "missing_branches": 3}, "missing_lines": [46, 74, 76, 77, 79, 95, 98], "excluded_lines": [], "executed_branches": [[32, 33], [32, 35], [37, 38], [37, 45], [45, 48], [48, -48], [48, -23]], "missing_branches": [[45, 46], [76, 77], [76, 79]]}}}, "docstring_parser/rest.py": {"executed_lines": [1, 3, 4, 5, 7, 25, 26, 28, 29, 30, 31, 35, 36, 37, 38, 39, 41, 45, 46, 48, 57, 58, 59, 60, 61, 67, 74, 75, 80, 86, 87, 88, 89, 90, 95, 99, 102, 107, 108, 109, 111, 112, 113, 114, 115, 117, 118, 120, 121, 122, 123, 124, 125, 126, 128, 129, 130, 133, 134, 136, 137, 138, 139, 142, 143, 145, 146, 147, 150, 152, 153, 155, 157, 158, 159, 160, 161, 163, 164, 165, 175, 178, 191, 207, 208, 209, 210, 211, 212, 214, 217, 218, 237, 238, 239, 241, 242, 246, 247, 259], "summary": {"covered_lines": 99, "num_statements": 140, "percent_covered": 67.84140969162996, "percent_covered_display": "68", "missing_lines": 41, "excluded_lines": 0, "num_branches": 87, "num_partial_branches": 14, "covered_branches": 55, "missing_branches": 32}, "missing_lines": [32, 33, 63, 92, 135, 151, 192, 193, 195, 196, 197, 199, 200, 201, 205, 213, 215, 219, 220, 226, 227, 228, 229, 230, 231, 232, 234, 235, 236, 243, 244, 245, 249, 250, 251, 252, 253, 254, 255, 257, 258], "excluded_lines": [], "executed_branches": [[28, 29], [28, 57], [29, 30], [29, 36], [31, 35], [36, 37], [36, 41], [57, 58], [57, 74], [58, 59], [58, 60], [60, 61], [74, 75], [74, 86], [86, 87], [86, 99], [87, 88], [87, 89], [89, 90], [108, 109], [108, 111], [113, 114], [113, 117], [122, 123], [122, 128], [130, 130], [130, 133], [130, 157], [134, 136], [145, 146], [145, 150], [150, 152], [152, 153], [152, 155], [157, 158], [157, 163], [158, 159], [158, 160], [160, 157], [160, 161], [163, -163], [163, 163], [163, 164], [163, 175], [164, 165], [164, 175], [208, 209], [210, 211], [212, 214], [214, 217], [217, 218], [217, 259], [218, 237], [237, 238], [241, 242], [242, 246], [246, 247]], "missing_branches": [[31, 32], [60, 63], [89, 92], [134, 135], [150, 151], [192, 193], [192, 195], [195, 196], [195, 199], [197, -197], [197, -191], [199, 200], [199, 205], [201, -201], [201, -191], [208, 210], [210, 212], [212, 213], [214, 215], [218, 219], [219, 220], [219, 226], [227, 228], [227, 234], [231, 217], [231, 232], [237, 252], [241, 249], [242, 243], [246, 217], [252, 253], [252, 257]], "functions": {"_build_meta": {"executed_lines": [26, 28, 29, 30, 31, 35, 36, 37, 38, 39, 41, 45, 46, 48, 57, 58, 59, 60, 61, 67, 74, 75, 80, 86, 87, 88, 89, 90, 95, 99], "summary": {"covered_lines": 30, "num_statements": 34, "percent_covered": 87.5, "percent_covered_display": "88", "missing_lines": 4, "excluded_lines": 0, "num_branches": 22, "num_partial_branches": 3, "covered_branches": 19, "missing_branches": 3}, "missing_lines": [32, 33, 63, 92], "excluded_lines": [], "executed_branches": [[28, 29], [28, 57], [29, 30], [29, 36], [31, 35], [36, 37], [36, 41], [57, 58], [57, 74], [58, 59], [58, 60], [60, 61], [74, 75], [74, 86], [86, 87], [86, 99], [87, 88], [87, 89], [89, 90]], "missing_branches": [[31, 32], [60, 63], [89, 92]]}, "parse": {"executed_lines": [107, 108, 109, 111, 112, 113, 114, 115, 117, 118, 120, 121, 122, 123, 124, 125, 126, 128, 129, 130, 133, 134, 136, 137, 138, 139, 142, 143, 145, 146, 147, 150, 152, 153, 155, 157, 158, 159, 160, 161, 163, 164, 165, 175], "summary": {"covered_lines": 44, "num_statements": 46, "percent_covered": 94.52054794520548, "percent_covered_display": "95", "missing_lines": 2, "excluded_lines": 0, "num_branches": 27, "num_partial_branches": 2, "covered_branches": 25, "missing_branches": 2}, "missing_lines": [135, 151], "excluded_lines": [], "executed_branches": [[108, 109], [108, 111], [113, 114], [113, 117], [122, 123], [122, 128], [130, 130], [130, 133], [130, 157], [134, 136], [145, 146], [145, 150], [150, 152], [152, 153], [152, 155], [157, 158], [157, 163], [158, 159], [158, 160], [160, 157], [160, 161], [163, -163], [163, 163], [163, 164], [163, 175], [164, 165], [164, 175]], "missing_branches": [[134, 135], [150, 151]]}, "compose": {"executed_lines": [191, 207, 208, 209, 210, 211, 212, 214, 217, 218, 237, 238, 239, 241, 242, 246, 247, 259], "summary": {"covered_lines": 18, "num_statements": 44, "percent_covered": 40.27777777777778, "percent_covered_display": "40", "missing_lines": 26, "excluded_lines": 0, "num_branches": 28, "num_partial_branches": 9, "covered_branches": 11, "missing_branches": 17}, "missing_lines": [213, 215, 219, 220, 226, 227, 228, 229, 230, 231, 232, 234, 235, 236, 243, 244, 245, 249, 250, 251, 252, 253, 254, 255, 257, 258], "excluded_lines": [], "executed_branches": [[208, 209], [210, 211], [212, 214], [214, 217], [217, 218], [217, 259], [218, 237], [237, 238], [241, 242], [242, 246], [246, 247]], "missing_branches": [[208, 210], [210, 212], [212, 213], [214, 215], [218, 219], [219, 220], [219, 226], [227, 228], [227, 234], [231, 217], [231, 232], [237, 252], [241, 249], [242, 243], [246, 217], [252, 253], [252, 257]]}, "compose.process_desc": {"executed_lines": [], "summary": {"covered_lines": 0, "num_statements": 9, "percent_covered": 0.0, "percent_covered_display": "0", "missing_lines": 9, "excluded_lines": 0, "num_branches": 10, "num_partial_branches": 0, "covered_branches": 0, "missing_branches": 10}, "missing_lines": [192, 193, 195, 196, 197, 199, 200, 201, 205], "excluded_lines": [], "executed_branches": [], "missing_branches": [[192, 193], [192, 195], [195, 196], [195, 199], [197, -197], [197, -191], [199, 200], [199, 205], [201, -201], [201, -191]]}, "": {"executed_lines": [1, 3, 4, 5, 7, 25, 102, 178], "summary": {"covered_lines": 7, "num_statements": 7, "percent_covered": 100.0, "percent_covered_display": "100", "missing_lines": 0, "excluded_lines": 0, "num_branches": 0, "num_partial_branches": 0, "covered_branches": 0, "missing_branches": 0}, "missing_lines": [], "excluded_lines": [], "executed_branches": [], "missing_branches": []}}, "classes": {"": {"executed_lines": [1, 3, 4, 5, 7, 25, 26, 28, 29, 30, 31, 35, 36, 37, 38, 39, 41, 45, 46, 48, 57, 58, 59, 60, 61, 67, 74, 75, 80, 86, 87, 88, 89, 90, 95, 99, 102, 107, 108, 109, 111, 112, 113, 114, 115, 117, 118, 120, 121, 122, 123, 124, 125, 126, 128, 129, 130, 133, 134, 136, 137, 138, 139, 142, 143, 145, 146, 147, 150, 152, 153, 155, 157, 158, 159, 160, 161, 163, 164, 165, 175, 178, 191, 207, 208, 209, 210, 211, 212, 214, 217, 218, 237, 238, 239, 241, 242, 246, 247, 259], "summary": {"covered_lines": 99, "num_statements": 140, "percent_covered": 67.84140969162996, "percent_covered_display": "68", "missing_lines": 41, "excluded_lines": 0, "num_branches": 87, "num_partial_branches": 14, "covered_branches": 55, "missing_branches": 32}, "missing_lines": [32, 33, 63, 92, 135, 151, 192, 193, 195, 196, 197, 199, 200, 201, 205, 213, 215, 219, 220, 226, 227, 228, 229, 230, 231, 232, 234, 235, 236, 243, 244, 245, 249, 250, 251, 252, 253, 254, 255, 257, 258], "excluded_lines": [], "executed_branches": [[28, 29], [28, 57], [29, 30], [29, 36], [31, 35], [36, 37], [36, 41], [57, 58], [57, 74], [58, 59], [58, 60], [60, 61], [74, 75], [74, 86], [86, 87], [86, 99], [87, 88], [87, 89], [89, 90], [108, 109], [108, 111], [113, 114], [113, 117], [122, 123], [122, 128], [130, 130], [130, 133], [130, 157], [134, 136], [145, 146], [145, 150], [150, 152], [152, 153], [152, 155], [157, 158], [157, 163], [158, 159], [158, 160], [160, 157], [160, 161], [163, -163], [163, 163], [163, 164], [163, 175], [164, 165], [164, 175], [208, 209], [210, 211], [212, 214], [214, 217], [217, 218], [217, 259], [218, 237], [237, 238], [241, 242], [242, 246], [246, 247]], "missing_branches": [[31, 32], [60, 63], [89, 92], [134, 135], [150, 151], [192, 193], [192, 195], [195, 196], [195, 199], [197, -197], [197, -191], [199, 200], [199, 205], [201, -201], [201, -191], [208, 210], [210, 212], [212, 213], [214, 215], [218, 219], [219, 220], [219, 226], [227, 228], [227, 234], [231, 217], [231, 232], [237, 252], [241, 249], [242, 243], [246, 217], [252, 253], [252, 257]]}}}, "docstring_parser/tests/__init__.py": {"executed_lines": [1], "summary": {"covered_lines": 0, "num_statements": 0, "percent_covered": 100.0, "percent_covered_display": "100", "missing_lines": 0, "excluded_lines": 0, "num_branches": 0, "num_partial_branches": 0, "covered_branches": 0, "missing_branches": 0}, "missing_lines": [], "excluded_lines": [], "executed_branches": [], "missing_branches": [], "functions": {"": {"executed_lines": [1], "summary": {"covered_lines": 0, "num_statements": 0, "percent_covered": 100.0, "percent_covered_display": "100", "missing_lines": 0, "excluded_lines": 0, "num_branches": 0, "num_partial_branches": 0, "covered_branches": 0, "missing_branches": 0}, "missing_lines": [], "excluded_lines": [], "executed_branches": [], "missing_branches": []}}, "classes": {"": {"executed_lines": [1], "summary": {"covered_lines": 0, "num_statements": 0, "percent_covered": 100.0, "percent_covered_display": "100", "missing_lines": 0, "excluded_lines": 0, "num_branches": 0, "num_partial_branches": 0, "covered_branches": 0, "missing_branches": 0}, "missing_lines": [], "excluded_lines": [], "executed_branches": [], "missing_branches": []}}}, "docstring_parser/tests/_pydoctor.py": {"executed_lines": [], "summary": {"covered_lines": 0, "num_statements": 9, "percent_covered": 0.0, "percent_covered_display": "0", "missing_lines": 9, "excluded_lines": 0, "num_branches": 2, "num_partial_branches": 0, "covered_branches": 0, "missing_branches": 2}, "missing_lines": [7, 8, 9, 10, 13, 16, 20, 21, 22], "excluded_lines": [], "executed_branches": [], "missing_branches": [[20, 21], [20, 22]], "functions": {"": {"executed_lines": [], "summary": {"covered_lines": 0, "num_statements": 9, "percent_covered": 0.0, "percent_covered_display": "0", "missing_lines": 9, "excluded_lines": 0, "num_branches": 2, "num_partial_branches": 0, "covered_branches": 0, "missing_branches": 2}, "missing_lines": [7, 8, 9, 10, 13, 16, 20, 21, 22], "excluded_lines": [], "executed_branches": [], "missing_branches": [[20, 21], [20, 22]]}}, "classes": {"": {"executed_lines": [], "summary": {"covered_lines": 0, "num_statements": 9, "percent_covered": 0.0, "percent_covered_display": "0", "missing_lines": 9, "excluded_lines": 0, "num_branches": 2, "num_partial_branches": 0, "covered_branches": 0, "missing_branches": 2}, "missing_lines": [7, 8, 9, 10, 13, 16, 20, 21, 22], "excluded_lines": [], "executed_branches": [], "missing_branches": [[20, 21], [20, 22]]}}}, "docstring_parser/tests/test_epydoc.py": {"executed_lines": [1, 3, 5, 6, 7, 10, 21, 31, 94, 108, 183, 199, 217, 241, 256, 310, 369, 402, 435, 465, 483, 681, 686, 724, 732, 774, 782], "summary": {"covered_lines": 26, "num_statements": 172, "percent_covered": 14.444444444444445, "percent_covered_display": "14", "missing_lines": 146, "excluded_lines": 0, "num_branches": 8, "num_partial_branches": 0, "covered_branches": 0, "missing_branches": 8}, "missing_lines": [25, 26, 27, 28, 101, 102, 103, 104, 105, 191, 192, 193, 194, 195, 196, 201, 211, 212, 213, 214, 219, 231, 232, 233, 234, 235, 236, 237, 238, 243, 250, 251, 252, 253, 258, 259, 261, 277, 278, 279, 280, 281, 282, 283, 284, 285, 286, 287, 288, 289, 290, 291, 292, 293, 294, 295, 298, 299, 300, 301, 302, 306, 307, 312, 313, 315, 331, 332, 333, 334, 335, 336, 337, 338, 339, 340, 341, 342, 343, 344, 345, 346, 347, 348, 349, 350, 351, 352, 353, 356, 357, 358, 359, 360, 361, 365, 366, 371, 376, 378, 384, 385, 386, 387, 389, 396, 397, 398, 399, 404, 409, 411, 417, 418, 419, 420, 422, 429, 430, 431, 432, 437, 442, 444, 450, 451, 452, 454, 460, 461, 462, 467, 468, 470, 471, 473, 474, 476, 477, 480, 683, 726, 776, 784, 785, 786], "excluded_lines": [], "executed_branches": [], "missing_branches": [[467, 468], [467, 470], [470, 471], [470, 473], [473, 474], [473, 476], [476, 477], [476, 480]], "functions": {"test_short_description": {"executed_lines": [], "summary": {"covered_lines": 0, "num_statements": 4, "percent_covered": 0.0, "percent_covered_display": "0", "missing_lines": 4, "excluded_lines": 0, "num_branches": 0, "num_partial_branches": 0, "covered_branches": 0, "missing_branches": 0}, "missing_lines": [25, 26, 27, 28], "excluded_lines": [], "executed_branches": [], "missing_branches": []}, "test_long_description": {"executed_lines": [], "summary": {"covered_lines": 0, "num_statements": 5, "percent_covered": 0.0, "percent_covered_display": "0", "missing_lines": 5, "excluded_lines": 0, "num_branches": 0, "num_partial_branches": 0, "covered_branches": 0, "missing_branches": 0}, "missing_lines": [101, 102, 103, 104, 105], "excluded_lines": [], "executed_branches": [], "missing_branches": []}, "test_meta_newlines": {"executed_lines": [], "summary": {"covered_lines": 0, "num_statements": 6, "percent_covered": 0.0, "percent_covered_display": "0", "missing_lines": 6, "excluded_lines": 0, "num_branches": 0, "num_partial_branches": 0, "covered_branches": 0, "missing_branches": 0}, "missing_lines": [191, 192, 193, 194, 195, 196], "excluded_lines": [], "executed_branches": [], "missing_branches": []}, "test_meta_with_multiline_description": {"executed_lines": [], "summary": {"covered_lines": 0, "num_statements": 5, "percent_covered": 0.0, "percent_covered_display": "0", "missing_lines": 5, "excluded_lines": 0, "num_branches": 0, "num_partial_branches": 0, "covered_branches": 0, "missing_branches": 0}, "missing_lines": [201, 211, 212, 213, 214], "excluded_lines": [], "executed_branches": [], "missing_branches": []}, "test_multiple_meta": {"executed_lines": [], "summary": {"covered_lines": 0, "num_statements": 9, "percent_covered": 0.0, "percent_covered_display": "0", "missing_lines": 9, "excluded_lines": 0, "num_branches": 0, "num_partial_branches": 0, "covered_branches": 0, "missing_branches": 0}, "missing_lines": [219, 231, 232, 233, 234, 235, 236, 237, 238], "excluded_lines": [], "executed_branches": [], "missing_branches": []}, "test_meta_with_args": {"executed_lines": [], "summary": {"covered_lines": 0, "num_statements": 5, "percent_covered": 0.0, "percent_covered_display": "0", "missing_lines": 5, "excluded_lines": 0, "num_branches": 0, "num_partial_branches": 0, "covered_branches": 0, "missing_branches": 0}, "missing_lines": [243, 250, 251, 252, 253], "excluded_lines": [], "executed_branches": [], "missing_branches": []}, "test_params": {"executed_lines": [], "summary": {"covered_lines": 0, "num_statements": 29, "percent_covered": 0.0, "percent_covered_display": "0", "missing_lines": 29, "excluded_lines": 0, "num_branches": 0, "num_partial_branches": 0, "covered_branches": 0, "missing_branches": 0}, "missing_lines": [258, 259, 261, 277, 278, 279, 280, 281, 282, 283, 284, 285, 286, 287, 288, 289, 290, 291, 292, 293, 294, 295, 298, 299, 300, 301, 302, 306, 307], "excluded_lines": [], "executed_branches": [], "missing_branches": []}, "test_attributes": {"executed_lines": [], "summary": {"covered_lines": 0, "num_statements": 34, "percent_covered": 0.0, "percent_covered_display": "0", "missing_lines": 34, "excluded_lines": 0, "num_branches": 0, "num_partial_branches": 0, "covered_branches": 0, "missing_branches": 0}, "missing_lines": [312, 313, 315, 331, 332, 333, 334, 335, 336, 337, 338, 339, 340, 341, 342, 343, 344, 345, 346, 347, 348, 349, 350, 351, 352, 353, 356, 357, 358, 359, 360, 361, 365, 366], "excluded_lines": [], "executed_branches": [], "missing_branches": []}, "test_returns": {"executed_lines": [], "summary": {"covered_lines": 0, "num_statements": 12, "percent_covered": 0.0, "percent_covered_display": "0", "missing_lines": 12, "excluded_lines": 0, "num_branches": 0, "num_partial_branches": 0, "covered_branches": 0, "missin
[...]
, 137, 138, 139, 140, 141, 146, 190, 191, 192, 197, 203, 204, 205, 206, 207, 208, 209, 210, 211, 212, 213, 214, 215, 216, 218, 219, 220, 221, 222, 223, 224, 225, 226, 233, 239, 241, 244, 246, 247], "excluded_lines": [], "executed_branches": [], "missing_branches": [[239, 241], [239, 244]], "functions": {"test_short_description": {"executed_lines": [], "summary": {"covered_lines": 0, "num_statements": 5, "percent_covered": 0.0, "percent_covered_display": "0", "missing_lines": 5, "excluded_lines": 0, "num_branches": 0, "num_partial_branches": 0, "covered_branches": 0, "missing_branches": 0}, "missing_lines": [25, 26, 27, 28, 29], "excluded_lines": [], "executed_branches": [], "missing_branches": []}, "test_rest": {"executed_lines": [], "summary": {"covered_lines": 0, "num_statements": 24, "percent_covered": 0.0, "percent_covered_display": "0", "missing_lines": 24, "excluded_lines": 0, "num_branches": 0, "num_partial_branches": 0, "covered_branches": 0, "missing_branches": 0}, "missing_lines": [34, 52, 53, 54, 59, 65, 66, 67, 68, 69, 70, 71, 72, 73, 74, 75, 76, 77, 78, 79, 80, 81, 82, 83], "excluded_lines": [], "executed_branches": [], "missing_branches": []}, "test_google": {"executed_lines": [], "summary": {"covered_lines": 0, "num_statements": 24, "percent_covered": 0.0, "percent_covered_display": "0", "missing_lines": 24, "excluded_lines": 0, "num_branches": 0, "num_partial_branches": 0, "covered_branches": 0, "missing_branches": 0}, "missing_lines": [88, 110, 111, 112, 117, 123, 124, 125, 126, 127, 128, 129, 130, 131, 132, 133, 134, 135, 136, 137, 138, 139, 140, 141], "excluded_lines": [], "executed_branches": [], "missing_branches": []}, "test_numpydoc": {"executed_lines": [], "summary": {"covered_lines": 0, "num_statements": 28, "percent_covered": 0.0, "percent_covered_display": "0", "missing_lines": 28, "excluded_lines": 0, "num_branches": 0, "num_partial_branches": 0, "covered_branches": 0, "missing_branches": 0}, "missing_lines": [146, 190, 191, 192, 197, 203, 204, 205, 206, 207, 208, 209, 210, 211, 212, 213, 214, 215, 216, 218, 219, 220, 221, 222, 223, 224, 225, 226], "excluded_lines": [], "executed_branches": [], "missing_branches": []}, "test_autodetection_error_detection": {"executed_lines": [], "summary": {"covered_lines": 0, "num_statements": 6, "percent_covered": 0.0, "percent_covered_display": "0", "missing_lines": 6, "excluded_lines": 0, "num_branches": 2, "num_partial_branches": 0, "covered_branches": 0, "missing_branches": 2}, "missing_lines": [233, 239, 241, 244, 246, 247], "excluded_lines": [], "executed_branches": [], "missing_branches": [[239, 241], [239, 244]]}, "": {"executed_lines": [1, 3, 5, 6, 7, 10, 21, 32, 86, 144, 229], "summary": {"covered_lines": 10, "num_statements": 10, "percent_covered": 100.0, "percent_covered_display": "100", "missing_lines": 0, "excluded_lines": 0, "num_branches": 0, "num_partial_branches": 0, "covered_branches": 0, "missing_branches": 0}, "missing_lines": [], "excluded_lines": [], "executed_branches": [], "missing_branches": []}}, "classes": {"": {"executed_lines": [1, 3, 5, 6, 7, 10, 21, 32, 86, 144, 229], "summary": {"covered_lines": 10, "num_statements": 97, "percent_covered": 10.1010101010101, "percent_covered_display": "10", "missing_lines": 87, "excluded_lines": 0, "num_branches": 2, "num_partial_branches": 0, "covered_branches": 0, "missing_branches": 2}, "missing_lines": [25, 26, 27, 28, 29, 34, 52, 53, 54, 59, 65, 66, 67, 68, 69, 70, 71, 72, 73, 74, 75, 76, 77, 78, 79, 80, 81, 82, 83, 88, 110, 111, 112, 117, 123, 124, 125, 126, 127, 128, 129, 130, 131, 132, 133, 134, 135, 136, 137, 138, 139, 140, 141, 146, 190, 191, 192, 197, 203, 204, 205, 206, 207, 208, 209, 210, 211, 212, 213, 214, 215, 216, 218, 219, 220, 221, 222, 223, 224, 225, 226, 233, 239, 241, 244, 246, 247], "excluded_lines": [], "executed_branches": [], "missing_branches": [[239, 241], [239, 244]]}}}, "docstring_parser/tests/test_rest.py": {"executed_lines": [1, 3, 5, 6, 7, 10, 21, 32, 95, 109, 191, 209, 227, 251, 266, 332, 381, 421, 451, 469, 482, 523, 540, 542, 543, 544, 545], "summary": {"covered_lines": 26, "num_statements": 169, "percent_covered": 14.689265536723164, "percent_covered_display": "15", "missing_lines": 143, "excluded_lines": 0, "num_branches": 8, "num_partial_branches": 0, "covered_branches": 0, "missing_branches": 8}, "missing_lines": [25, 26, 27, 28, 29, 102, 103, 104, 105, 106, 200, 201, 202, 203, 204, 205, 206, 211, 221, 222, 223, 224, 229, 241, 242, 243, 244, 245, 246, 247, 248, 253, 260, 261, 262, 263, 268, 269, 271, 283, 284, 285, 286, 287, 288, 289, 290, 291, 292, 293, 294, 295, 296, 297, 298, 299, 300, 301, 304, 305, 306, 307, 308, 312, 313, 315, 324, 325, 326, 327, 328, 329, 334, 339, 340, 341, 343, 349, 350, 351, 352, 353, 355, 361, 362, 363, 364, 365, 367, 374, 375, 376, 377, 378, 383, 388, 389, 390, 392, 398, 399, 400, 401, 402, 403, 404, 406, 412, 413, 414, 415, 416, 417, 418, 423, 428, 430, 436, 437, 438, 440, 446, 447, 448, 453, 454, 456, 457, 459, 460, 462, 463, 466, 471, 472, 473, 474, 476, 477, 478, 479, 526, 537], "excluded_lines": [], "executed_branches": [], "missing_branches": [[453, 454], [453, 456], [456, 457], [456, 459], [459, 460], [459, 462], [462, 463], [462, 466]], "functions": {"test_short_description": {"executed_lines": [], "summary": {"covered_lines": 0, "num_statements": 5, "percent_covered": 0.0, "percent_covered_display": "0", "missing_lines": 5, "excluded_lines": 0, "num_branches": 0, "num_partial_branches": 0, "covered_branches": 0, "missing_branches": 0}, "missing_lines": [25, 26, 27, 28, 29], "excluded_lines": [], "executed_branches": [], "missing_branches": []}, "test_long_description": {"executed_lines": [], "summary": {"covered_lines": 0, "num_statements": 5, "percent_covered": 0.0, "percent_covered_display": "0", "missing_lines": 5, "excluded_lines": 0, "num_branches": 0, "num_partial_branches": 0, "covered_branches": 0, "missing_branches": 0}, "missing_lines": [102, 103, 104, 105, 106], "excluded_lines": [], "executed_branches": [], "missing_branches": []}, "test_meta_newlines": {"executed_lines": [], "summary": {"covered_lines": 0, "num_statements": 7, "percent_covered": 0.0, "percent_covered_display": "0", "missing_lines": 7, "excluded_lines": 0, "num_branches": 0, "num_partial_branches": 0, "covered_branches": 0, "missing_branches": 0}, "missing_lines": [200, 201, 202, 203, 204, 205, 206], "excluded_lines": [], "executed_branches": [], "missing_branches": []}, "test_meta_with_multiline_description": {"executed_lines": [], "summary": {"covered_lines": 0, "num_statements": 5, "percent_covered": 0.0, "percent_covered_display": "0", "missing_lines": 5, "excluded_lines": 0, "num_branches": 0, "num_partial_branches": 0, "covered_branches": 0, "missing_branches": 0}, "missing_lines": [211, 221, 222, 223, 224], "excluded_lines": [], "executed_branches": [], "missing_branches": []}, "test_multiple_meta": {"executed_lines": [], "summary": {"covered_lines": 0, "num_statements": 9, "percent_covered": 0.0, "percent_covered_display": "0", "missing_lines": 9, "excluded_lines": 0, "num_branches": 0, "num_partial_branches": 0, "covered_branches": 0, "missing_branches": 0}, "missing_lines": [229, 241, 242, 243, 244, 245, 246, 247, 248], "excluded_lines": [], "executed_branches": [], "missing_branches": []}, "test_meta_with_args": {"executed_lines": [], "summary": {"covered_lines": 0, "num_statements": 5, "percent_covered": 0.0, "percent_covered_display": "0", "missing_lines": 5, "excluded_lines": 0, "num_branches": 0, "num_partial_branches": 0, "covered_branches": 0, "missing_branches": 0}, "missing_lines": [253, 260, 261, 262, 263], "excluded_lines": [], "executed_branches": [], "missing_branches": []}, "test_params": {"executed_lines": [], "summary": {"covered_lines": 0, "num_statements": 36, "percent_covered": 0.0, "percent_covered_display": "0", "missing_lines": 36, "excluded_lines": 0, "num_branches": 0, "num_partial_branches": 0, "covered_branches": 0, "missing_branches": 0}, "missing_lines": [268, 269, 271, 283, 284, 285, 286, 287, 288, 289, 290, 291, 292, 293, 294, 295, 296, 297, 298, 299, 300, 301, 304, 305, 306, 307, 308, 312, 313, 315, 324, 325, 326, 327, 328, 329], "excluded_lines": [], "executed_branches": [], "missing_branches": []}, "test_returns": {"executed_lines": [], "summary": {"covered_lines": 0, "num_statements": 22, "percent_covered": 0.0, "percent_covered_display": "0", "missing_lines": 22, "excluded_lines": 0, "num_branches": 0, "num_partial_branches": 0, "covered_branches": 0, "missing_branches": 0}, "missing_lines": [334, 339, 340, 341, 343, 349, 350, 351, 352, 353, 355, 361, 362, 363, 364, 365, 367, 374, 375, 376, 377, 378], "excluded_lines": [], "executed_branches": [], "missing_branches": []}, "test_yields": {"executed_lines": [], "summary": {"covered_lines": 0, "num_statements": 20, "percent_covered": 0.0, "percent_covered_display": "0", "missing_lines": 20, "excluded_lines": 0, "num_branches": 0, "num_partial_branches": 0, "covered_branches": 0, "missing_branches": 0}, "missing_lines": [383, 388, 389, 390, 392, 398, 399, 400, 401, 402, 403, 404, 406, 412, 413, 414, 415, 416, 417, 418], "excluded_lines": [], "executed_branches": [], "missing_branches": []}, "test_raises": {"executed_lines": [], "summary": {"covered_lines": 0, "num_statements": 10, "percent_covered": 0.0, "percent_covered_display": "0", "missing_lines": 10, "excluded_lines": 0, "num_branches": 0, "num_partial_branches": 0, "covered_branches": 0, "missing_branches": 0}, "missing_lines": [423, 428, 430, 436, 437, 438, 440, 446, 447, 448], "excluded_lines": [], "executed_branches": [], "missing_branches": []}, "test_broken_meta": {"executed_lines": [], "summary": {"covered_lines": 0, "num_statements": 9, "percent_covered": 0.0, "percent_covered_display": "0", "missing_lines": 9, "excluded_lines": 0, "num_branches": 8, "num_partial_branches": 0, "covered_branches": 0, "missing_branches": 8}, "missing_lines": [453, 454, 456, 457, 459, 460, 462, 463, 466], "excluded_lines": [], "executed_branches": [], "missing_branches": [[453, 454], [453, 456], [456, 457], [456, 459], [459, 460], [459, 462], [462, 463], [462, 466]]}, "test_deprecation": {"executed_lines": [], "summary": {"covered_lines": 0, "num_statements": 8, "percent_covered": 0.0, "percent_covered_display": "0", "missing_lines": 8, "excluded_lines": 0, "num_branches": 0, "num_partial_branches": 0, "covered_branches": 0, "missing_branches": 0}, "missing_lines": [471, 472, 473, 474, 476, 477, 478, 479], "excluded_lines": [], "executed_branches": [], "missing_branches": []}, "test_compose": {"executed_lines": [], "summary": {"covered_lines": 0, "num_statements": 2, "percent_covered": 0.0, "percent_covered_display": "0", "missing_lines": 2, "excluded_lines": 0, "num_branches": 0, "num_partial_branches": 0, "covered_branches": 0, "missing_branches": 0}, "missing_lines": [526, 537], "excluded_lines": [], "executed_branches": [], "missing_branches": []}, "test_short_rtype": {"executed_lines": [542, 543, 544, 545], "summary": {"covered_lines": 4, "num_statements": 4, "percent_covered": 100.0, "percent_covered_display": "100", "missing_lines": 0, "excluded_lines": 0, "num_branches": 0, "num_partial_branches": 0, "covered_branches": 0, "missing_branches": 0}, "missing_lines": [], "excluded_lines": [], "executed_branches": [], "missing_branches": []}, "": {"executed_lines": [1, 3, 5, 6, 7, 10, 21, 32, 95, 109, 191, 209, 227, 251, 266, 332, 381, 421, 451, 469, 482, 523, 540], "summary": {"covered_lines": 22, "num_statements": 22, "percent_covered": 100.0, "percent_covered_display": "100", "missing_lines": 0, "excluded_lines": 0, "num_branches": 0, "num_partial_branches": 0, "covered_branches": 0, "missing_branches": 0}, "missing_lines": [], "excluded_lines": [], "executed_branches": [], "missing_branches": []}}, "classes": {"": {"executed_lines": [1, 3, 5, 6, 7, 10, 21, 32, 95, 109, 191, 209, 227, 251, 266, 332, 381, 421, 451, 469, 482, 523, 540, 542, 543, 544, 545], "summary": {"covered_lines": 26, "num_statements": 169, "percent_covered": 14.689265536723164, "percent_covered_display": "15", "missing_lines": 143, "excluded_lines": 0, "num_branches": 8, "num_partial_branches": 0, "covered_branches": 0, "missing_branches": 8}, "missing_lines": [25, 26, 27, 28, 29, 102, 103, 104, 105, 106, 200, 201, 202, 203, 204, 205, 206, 211, 221, 222, 223, 224, 229, 241, 242, 243, 244, 245, 246, 247, 248, 253, 260, 261, 262, 263, 268, 269, 271, 283, 284, 285, 286, 287, 288, 289, 290, 291, 292, 293, 294, 295, 296, 297, 298, 299, 300, 301, 304, 305, 306, 307, 308, 312, 313, 315, 324, 325, 326, 327, 328, 329, 334, 339, 340, 341, 343, 349, 350, 351, 352, 353, 355, 361, 362, 363, 364, 365, 367, 374, 375, 376, 377, 378, 383, 388, 389, 390, 392, 398, 399, 400, 401, 402, 403, 404, 406, 412, 413, 414, 415, 416, 417, 418, 423, 428, 430, 436, 437, 438, 440, 446, 447, 448, 453, 454, 456, 457, 459, 460, 462, 463, 466, 471, 472, 473, 474, 476, 477, 478, 479, 526, 537], "excluded_lines": [], "executed_branches": [], "missing_branches": [[453, 454], [453, 456], [456, 457], [456, 459], [459, 460], [459, 462], [462, 463], [462, 466]]}}}, "docstring_parser/tests/test_util.py": {"executed_lines": [], "summary": {"covered_lines": 0, "num_statements": 15, "percent_covered": 0.0, "percent_covered_display": "0", "missing_lines": 15, "excluded_lines": 0, "num_branches": 0, "num_partial_branches": 0, "covered_branches": 0, "missing_branches": 0}, "missing_lines": [3, 4, 7, 10, 17, 19, 28, 30, 31, 36, 38, 51, 52, 53, 55], "excluded_lines": [], "executed_branches": [], "missing_branches": [], "functions": {"test_combine_docstrings": {"executed_lines": [], "summary": {"covered_lines": 0, "num_statements": 8, "percent_covered": 0.0, "percent_covered_display": "0", "missing_lines": 8, "excluded_lines": 0, "num_branches": 0, "num_partial_branches": 0, "covered_branches": 0, "missing_branches": 0}, "missing_lines": [10, 19, 30, 31, 38, 51, 52, 55], "excluded_lines": [], "executed_branches": [], "missing_branches": []}, "test_combine_docstrings.fun1": {"executed_lines": [], "summary": {"covered_lines": 0, "num_statements": 1, "percent_covered": 0.0, "percent_covered_display": "0", "missing_lines": 1, "excluded_lines": 0, "num_branches": 0, "num_partial_branches": 0, "covered_branches": 0, "missing_branches": 0}, "missing_lines": [17], "excluded_lines": [], "executed_branches": [], "missing_branches": []}, "test_combine_docstrings.fun2": {"executed_lines": [], "summary": {"covered_lines": 0, "num_statements": 1, "percent_covered": 0.0, "percent_covered_display": "0", "missing_lines": 1, "excluded_lines": 0, "num_branches": 0, "num_partial_branches": 0, "covered_branches": 0, "missing_branches": 0}, "missing_lines": [28], "excluded_lines": [], "executed_branches": [], "missing_branches": []}, "test_combine_docstrings.decorated1": {"executed_lines": [], "summary": {"covered_lines": 0, "num_statements": 1, "percent_covered": 0.0, "percent_covered_display": "0", "missing_lines": 1, "excluded_lines": 0, "num_branches": 0, "num_partial_branches": 0, "covered_branches": 0, "missing_branches": 0}, "missing_lines": [36], "excluded_lines": [], "executed_branches": [], "missing_branches": []}, "test_combine_docstrings.decorated2": {"executed_lines": [], "summary": {"covered_lines": 0, "num_statements": 1, "percent_covered": 0.0, "percent_covered_display": "0", "missing_lines": 1, "excluded_lines": 0, "num_branches": 0, "num_partial_branches": 0, "covered_branches": 0, "missing_branches": 0}, "missing_lines": [53], "excluded_lines": [], "executed_branches": [], "missing_branches": []}, "": {"executed_lines": [], "summary": {"covered_lines": 0, "num_statements": 3, "percent_covered": 0.0, "percent_covered_display": "0", "missing_lines": 3, "excluded_lines": 0, "num_branches": 0, "num_partial_branches": 0, "covered_branches": 0, "missing_branches": 0}, "missing_lines": [3, 4, 7], "excluded_lines": [], "executed_branches": [], "missing_branches": []}}, "classes": {"": {"executed_lines": [], "summary": {"covered_lines": 0, "num_statements": 15, "percent_covered": 0.0, "percent_covered_display": "0", "missing_lines": 15, "excluded_lines": 0, "num_branches": 0, "num_partial_branches": 0, "covered_branches": 0, "missing_branches": 0}, "missing_lines": [3, 4, 7, 10, 17, 19, 28, 30, 31, 36, 38, 51, 52, 53, 55], "excluded_lines": [], "executed_branches": [], "missing_branches": []}}}, "docstring_parser/util.py": {"executed_lines": [1, 3, 4, 5, 6, 8, 15, 17, 19, 22], "summary": {"covered_lines": 9, "num_statements": 41, "percent_covered": 14.285714285714286, "percent_covered_display": "14", "missing_lines": 32, "excluded_lines": 0, "num_branches": 22, "num_partial_branches": 0, "covered_branches": 0, "missing_branches": 22}, "missing_lines": [93, 94, 96, 97, 98, 107, 108, 109, 110, 111, 114, 116, 117, 118, 119, 120, 123, 125, 126, 127, 128, 129, 130, 131, 132, 133, 134, 136, 139, 140, 143, 145], "excluded_lines": [], "executed_branches": [], "missing_branches": [[97, -97], [97, 98], [98, -98], [98, 107], [107, 108], [107, 116], [108, 109], [108, 110], [116, 117], [116, 125], [117, 118], [117, 119], [126, 127], [126, 136], [128, 129], [128, 133], [130, 131], [130, 132], [133, 126], [133, 134], [136, -136], [136, 139]], "functions": {"combine_docstrings": {"executed_lines": [], "summary": {"covered_lines": 0, "num_statements": 2, "percent_covered": 0.0, "percent_covered_display": "0", "missing_lines": 2, "excluded_lines": 0, "num_branches": 0, "num_partial_branches": 0, "covered_branches": 0, "missing_branches": 0}, "missing_lines": [93, 145], "excluded_lines": [], "executed_branches": [], "missing_branches": []}, "combine_docstrings.wrapper": {"executed_lines": [], "summary": {"covered_lines": 0, "num_statements": 30, "percent_covered": 0.0, "percent_covered_display": "0", "missing_lines": 30, "excluded_lines": 0, "num_branches": 22, "num_partial_branches": 0, "covered_branches": 0, "missing_branches": 22}, "missing_lines": [94, 96, 97, 98, 107, 108, 109, 110, 111, 114, 116, 117, 118, 119, 120, 123, 125, 126, 127, 128, 129, 130, 131, 132, 133, 134, 136, 139, 140, 143], "excluded_lines": [], "executed_branches": [], "missing_branches": [[97, -97], [97, 98], [98, -98], [98, 107], [107, 108], [107, 116], [108, 109], [108, 110], [116, 117], [116, 125], [117, 118], [117, 119], [126, 127], [126, 136], [128, 129], [128, 133], [130, 131], [130, 132], [133, 126], [133, 134], [136, -136], [136, 139]]}, "": {"executed_lines": [1, 3, 4, 5, 6, 8, 15, 17, 19, 22], "summary": {"covered_lines": 9, "num_statements": 9, "percent_covered": 100.0, "percent_covered_display": "100", "missing_lines": 0, "excluded_lines": 0, "num_branches": 0, "num_partial_branches": 0, "covered_branches": 0, "missing_branches": 0}, "missing_lines": [], "excluded_lines": [], "executed_branches": [], "missing_branches": []}}, "classes": {"": {"executed_lines": [1, 3, 4, 5, 6, 8, 15, 17, 19, 22], "summary": {"covered_lines": 9, "num_statements": 41, "percent_covered": 14.285714285714286, "percent_covered_display": "14", "missing_lines": 32, "excluded_lines": 0, "num_branches": 22, "num_partial_branches": 0, "covered_branches": 0, "missing_branches": 22}, "missing_lines": [93, 94, 96, 97, 98, 107, 108, 109, 110, 111, 114, 116, 117, 118, 119, 120, 123, 125, 126, 127, 128, 129, 130, 131, 132, 133, 134, 136, 139, 140, 143, 145], "excluded_lines": [], "executed_branches": [], "missing_branches": [[97, -97], [97, 98], [98, -98], [98, 107], [107, 108], [107, 116], [108, 109], [108, 110], [116, 117], [116, 125], [117, 118], [117, 119], [126, 127], [126, 136], [128, 129], [128, 133], [130, 131], [130, 132], [133, 126], [133, 134], [136, -136], [136, 139]]}}}}, "totals": {"covered_lines": 810, "num_statements": 1911, "percent_covered": 45.29558701082431, "percent_covered_display": "45", "missing_lines": 1101, "excluded_lines": 0, "num_branches": 491, "num_partial_branches": 59, "covered_branches": 278, "missing_branches": 213}}