{"meta": {"format": 3, "version": "7.6.1", "timestamp": "2026-03-21T22:26:50.658478", "branch_coverage": true, "show_contexts": false}, "files": {"dataclasses_json/__init__.py": {"executed_lines": [2, 4, 6, 8, 10], "summary": {"covered_lines": 5, "num_statements": 5, "percent_covered": 100.0, "percent_covered_display": "100", "missing_lines": 0, "excluded_lines": 0, "num_branches": 0, "num_partial_branches": 0, "covered_branches": 0, "missing_branches": 0}, "missing_lines": [], "excluded_lines": [], "executed_branches": [], "missing_branches": [], "functions": {"": {"executed_lines": [2, 4, 6, 8, 10], "summary": {"covered_lines": 5, "num_statements": 5, "percent_covered": 100.0, "percent_covered_display": "100", "missing_lines": 0, "excluded_lines": 0, "num_branches": 0, "num_partial_branches": 0, "covered_branches": 0, "missing_branches": 0}, "missing_lines": [], "excluded_lines": [], "executed_branches": [], "missing_branches": []}}, "classes": {"": {"executed_lines": [2, 4, 6, 8, 10], "summary": {"covered_lines": 5, "num_statements": 5, "percent_covered": 100.0, "percent_covered_display": "100", "missing_lines": 0, "excluded_lines": 0, "num_branches": 0, "num_partial_branches": 0, "covered_branches": 0, "missing_branches": 0}, "missing_lines": [], "excluded_lines": [], "executed_branches": [], "missing_branches": []}}}, "dataclasses_json/__version__.py": {"executed_lines": [1, 6], "summary": {"covered_lines": 1, "num_statements": 1, "percent_covered": 100.0, "percent_covered_display": "100", "missing_lines": 0, "excluded_lines": 0, "num_branches": 0, "num_partial_branches": 0, "covered_branches": 0, "missing_branches": 0}, "missing_lines": [], "excluded_lines": [], "executed_branches": [], "missing_branches": [], "functions": {"": {"executed_lines": [1, 6], "summary": {"covered_lines": 1, "num_statements": 1, "percent_covered": 100.0, "percent_covered_display": "100", "missing_lines": 0, "excluded_lines": 0, "num_branches": 0, "num_partial_branches": 0, "covered_branches": 0, "missing_branches": 0}, "missing_lines": [], "excluded_lines": [], "executed_branches": [], "missing_branches": []}}, "classes": {"": {"executed_lines": [1, 6], "summary": {"covered_lines": 1, "num_statements": 1, "percent_covered": 100.0, "percent_covered_display": "100", "missing_lines": 0, "excluded_lines": 0, "num_branches": 0, "num_partial_branches": 0, "covered_branches": 0, "missing_branches": 0}, "missing_lines": [], "excluded_lines": [], "executed_branches": [], "missing_branches": []}}}, "dataclasses_json/api.py": {"executed_lines": [1, 2, 3, 5, 6, 8, 9, 10, 13, 14, 15, 18, 19, 24, 26, 37, 49, 50, 58, 63, 65, 66, 70, 72, 73, 75, 76, 105, 106, 110, 111, 115, 127, 128, 130, 132, 135, 137, 141, 144, 145, 146, 147, 149, 152, 153], "summary": {"covered_lines": 45, "num_statements": 53, "percent_covered": 75.38461538461539, "percent_covered_display": "75", "missing_lines": 8, "excluded_lines": 0, "num_branches": 12, "num_partial_branches": 4, "covered_branches": 4, "missing_branches": 8}, "missing_lines": [87, 89, 90, 91, 93, 95, 131, 138], "excluded_lines": [], "executed_branches": [[106, 106], [106, 110], [111, 111], [111, 115], [130, 132], [137, 141]], "missing_branches": [[89, 90], [89, 95], [91, 93], [91, 95], [106, -105], [111, -110], [130, 131], [137, 138]], "functions": {"DataClassJsonMixin.to_json": {"executed_lines": [37], "summary": {"covered_lines": 1, "num_statements": 1, "percent_covered": 100.0, "percent_covered_display": "100", "missing_lines": 0, "excluded_lines": 0, "num_branches": 0, "num_partial_branches": 0, "covered_branches": 0, "missing_branches": 0}, "missing_lines": [], "excluded_lines": [], "executed_branches": [], "missing_branches": []}, "DataClassJsonMixin.from_json": {"executed_lines": [58, 63], "summary": {"covered_lines": 2, "num_statements": 2, "percent_covered": 100.0, "percent_covered_display": "100", "missing_lines": 0, "excluded_lines": 0, "num_branches": 0, "num_partial_branches": 0, "covered_branches": 0, "missing_branches": 0}, "missing_lines": [], "excluded_lines": [], "executed_branches": [], "missing_branches": []}, "DataClassJsonMixin.from_dict": {"executed_lines": [70], "summary": {"covered_lines": 1, "num_statements": 1, "percent_covered": 100.0, "percent_covered_display": "100", "missing_lines": 0, "excluded_lines": 0, "num_branches": 0, "num_partial_branches": 0, "covered_branches": 0, "missing_branches": 0}, "missing_lines": [], "excluded_lines": [], "executed_branches": [], "missing_branches": []}, "DataClassJsonMixin.to_dict": {"executed_lines": [73], "summary": {"covered_lines": 1, "num_statements": 1, "percent_covered": 100.0, "percent_covered_display": "100", "missing_lines": 0, "excluded_lines": 0, "num_branches": 0, "num_partial_branches": 0, "covered_branches": 0, "missing_branches": 0}, "missing_lines": [], "excluded_lines": [], "executed_branches": [], "missing_branches": []}, "DataClassJsonMixin.schema": {"executed_lines": [], "summary": {"covered_lines": 0, "num_statements": 6, "percent_covered": 0.0, "percent_covered_display": "0", "missing_lines": 6, "excluded_lines": 0, "num_branches": 4, "num_partial_branches": 0, "covered_branches": 0, "missing_branches": 4}, "missing_lines": [87, 89, 90, 91, 93, 95], "excluded_lines": [], "executed_branches": [], "missing_branches": [[89, 90], [89, 95], [91, 93], [91, 95]]}, "dataclass_json": {"executed_lines": [127, 130, 132], "summary": {"covered_lines": 3, "num_statements": 4, "percent_covered": 66.66666666666667, "percent_covered_display": "67", "missing_lines": 1, "excluded_lines": 0, "num_branches": 2, "num_partial_branches": 1, "covered_branches": 1, "missing_branches": 1}, "missing_lines": [131], "excluded_lines": [], "executed_branches": [[130, 132]], "missing_branches": [[130, 131]]}, "dataclass_json.wrap": {"executed_lines": [128], "summary": {"covered_lines": 1, "num_statements": 1, "percent_covered": 100.0, "percent_covered_display": "100", "missing_lines": 0, "excluded_lines": 0, "num_branches": 0, "num_partial_branches": 0, "covered_branches": 0, "missing_branches": 0}, "missing_lines": [], "excluded_lines": [], "executed_branches": [], "missing_branches": []}, "_process_class": {"executed_lines": [137, 141, 144, 145, 146, 147, 149, 152, 153], "summary": {"covered_lines": 9, "num_statements": 10, "percent_covered": 83.33333333333333, "percent_covered_display": "83", "missing_lines": 1, "excluded_lines": 0, "num_branches": 2, "num_partial_branches": 1, "covered_branches": 1, "missing_branches": 1}, "missing_lines": [138], "excluded_lines": [], "executed_branches": [[137, 141]], "missing_branches": [[137, 138]]}, "": {"executed_lines": [1, 2, 3, 5, 6, 8, 9, 10, 13, 14, 15, 18, 19, 24, 26, 49, 50, 65, 66, 72, 75, 76, 105, 106, 110, 111, 115, 135], "summary": {"covered_lines": 27, "num_statements": 27, "percent_covered": 93.54838709677419, "percent_covered_display": "94", "missing_lines": 0, "excluded_lines": 0, "num_branches": 4, "num_partial_branches": 2, "covered_branches": 2, "missing_branches": 2}, "missing_lines": [], "excluded_lines": [], "executed_branches": [[106, 106], [106, 110], [111, 111], [111, 115]], "missing_branches": [[106, -105], [111, -110]]}}, "classes": {"DataClassJsonMixin": {"executed_lines": [37, 58, 63, 70, 73], "summary": {"covered_lines": 5, "num_statements": 11, "percent_covered": 33.333333333333336, "percent_covered_display": "33", "missing_lines": 6, "excluded_lines": 0, "num_branches": 4, "num_partial_branches": 0, "covered_branches": 0, "missing_branches": 4}, "missing_lines": [87, 89, 90, 91, 93, 95], "excluded_lines": [], "executed_branches": [], "missing_branches": [[89, 90], [89, 95], [91, 93], [91, 95]]}, "": {"executed_lines": [1, 2, 3, 5, 6, 8, 9, 10, 13, 14, 15, 18, 19, 24, 26, 49, 50, 65, 66, 72, 75, 76, 105, 106, 110, 111, 115, 127, 128, 130, 132, 135, 137, 141, 144, 145, 146, 147, 149, 152, 153], "summary": {"covered_lines": 40, "num_statements": 42, "percent_covered": 88.0, "percent_covered_display": "88", "missing_lines": 2, "excluded_lines": 0, "num_branches": 8, "num_partial_branches": 4, "covered_branches": 4, "missing_branches": 4}, "missing_lines": [131, 138], "excluded_lines": [], "executed_branches": [[106, 106], [106, 110], [111, 111], [111, 115], [130, 132], [137, 141]], "missing_branches": [[106, -105], [111, -110], [130, 131], [137, 138]]}}}, "dataclasses_json/cfg.py": {"executed_lines": [1, 2, 3, 5, 7, 9, 11, 14, 15, 19, 20, 24, 26, 27, 28, 29, 47, 50, 51, 52, 53, 54, 57, 68, 71, 73, 74, 76, 77, 79, 82, 92, 93, 95, 97, 98, 99, 100, 107, 110], "summary": {"covered_lines": 39, "num_statements": 51, "percent_covered": 72.15189873417721, "percent_covered_display": "72", "missing_lines": 12, "excluded_lines": 0, "num_branches": 28, "num_partial_branches": 8, "covered_branches": 18, "missing_branches": 10}, "missing_lines": [69, 80, 83, 84, 85, 86, 88, 89, 90, 103, 105, 108], "excluded_lines": [], "executed_branches": [[19, 20], [20, -14], [68, 71], [73, 74], [73, 76], [76, 77], [76, 79], [79, 82], [82, 92], [92, 93], [92, 95], [95, 97], [95, 107], [97, 98], [98, 99], [99, -99], [99, 99], [99, 100], [107, 110]], "missing_branches": [[19, -19], [20, -20], [68, 69], [79, 80], [82, 83], [83, 84], [83, 88], [97, 105], [98, 103], [107, 108]], "functions": {"_GlobalConfig.__init__": {"executed_lines": [27, 28, 29], "summary": {"covered_lines": 3, "num_statements": 3, "percent_covered": 100.0, "percent_covered_display": "100", "missing_lines": 0, "excluded_lines": 0, "num_branches": 0, "num_partial_branches": 0, "covered_branches": 0, "missing_branches": 0}, "missing_lines": [], "excluded_lines": [], "executed_branches": [], "missing_branches": []}, "config": {"executed_lines": [68, 71, 73, 74, 76, 77, 79, 82, 92, 93, 95, 97, 98, 99, 100, 107, 110], "summary": {"covered_lines": 17, "num_statements": 28, "percent_covered": 63.46153846153846, "percent_covered_display": "63", "missing_lines": 11, "excluded_lines": 0, "num_branches": 24, "num_partial_branches": 6, "covered_branches": 16, "missing_branches": 8}, "missing_lines": [69, 80, 83, 84, 85, 88, 89, 90, 103, 105, 108], "excluded_lines": [], "executed_branches": [[68, 71], [73, 74], [73, 76], [76, 77], [76, 79], [79, 82], [82, 92], [92, 93], [92, 95], [95, 97], [95, 107], [97, 98], [98, 99], [99, -99], [99, 99], [99, 100], [107, 110]], "missing_branches": [[68, 69], [79, 80], [82, 83], [83, 84], [83, 88], [97, 105], [98, 103], [107, 108]]}, "config.override": {"executed_lines": [], "summary": {"covered_lines": 0, "num_statements": 1, "percent_covered": 0.0, "percent_covered_display": "0", "missing_lines": 1, "excluded_lines": 0, "num_branches": 0, "num_partial_branches": 0, "covered_branches": 0, "missing_branches": 0}, "missing_lines": [86], "excluded_lines": [], "executed_branches": [], "missing_branches": []}, "": {"executed_lines": [1, 2, 3, 5, 7, 9, 11, 14, 15, 19, 20, 24, 26, 47, 50, 51, 52, 53, 54, 57], "summary": {"covered_lines": 19, "num_statements": 19, "percent_covered": 91.30434782608695, "percent_covered_display": "91", "missing_lines": 0, "excluded_lines": 0, "num_branches": 4, "num_partial_branches": 2, "covered_branches": 2, "missing_branches": 2}, "missing_lines": [], "excluded_lines": [], "executed_branches": [[19, 20], [20, -14]], "missing_branches": [[19, -19], [20, -20]]}}, "classes": {"Exclude": {"executed_lines": [], "summary": {"covered_lines": 0, "num_statements": 0, "percent_covered": 100.0, "percent_covered_display": "100", "missing_lines": 0, "excluded_lines": 0, "num_branches": 0, "num_partial_branches": 0, "covered_branches": 0, "missing_branches": 0}, "missing_lines": [], "excluded_lines": [], "executed_branches": [], "missing_branches": []}, "_GlobalConfig": {"executed_lines": [27, 28, 29], "summary": {"covered_lines": 3, "num_statements": 3, "percent_covered": 100.0, "percent_covered_display": "100", "missing_lines": 0, "excluded_lines": 0, "num_branches": 0, "num_partial_branches": 0, "covered_branches": 0, "missing_branches": 0}, "missing_lines": [], "excluded_lines": [], "executed_branches": [], "missing_branches": []}, "LetterCase": {"executed_lines": [], "summary": {"covered_lines": 0, "num_statements": 0, "percent_covered": 100.0, "percent_covered_display": "100", "missing_lines": 0, "excluded_lines": 0, "num_branches": 0, "num_partial_branches": 0, "covered_branches": 0, "missing_branches": 0}, "missing_lines": [], "excluded_lines": [], "executed_branches": [], "missing_branches": []}, "": {"executed_lines": [1, 2, 3, 5, 7, 9, 11, 14, 15, 19, 20, 24, 26, 47, 50, 51, 52, 53, 54, 57, 68, 71, 73, 74, 76, 77, 79, 82, 92, 93, 95, 97, 98, 99, 100, 107, 110], "summary": {"covered_lines": 36, "num_statements": 48, "percent_covered": 71.05263157894737, "percent_covered_display": "71", "missing_lines": 12, "excluded_lines": 0, "num_branches": 28, "num_partial_branches": 8, "covered_branches": 18, "missing_branches": 10}, "missing_lines": [69, 80, 83, 84, 85, 86, 88, 89, 90, 103, 105, 108], "excluded_lines": [], "executed_branches": [[19, 20], [20, -14], [68, 71], [73, 74], [73, 76], [76, 77], [76, 79], [79, 82], [82, 92], [92, 93], [92, 95], [95, 97], [95, 107], [97, 98], [98, 99], [99, -99], [99, 99], [99, 100], [107, 110]], "missing_branches": [[19, -19], [20, -20], [68, 69], [79, 80], [82, 83], [83, 84], [83, 88], [97, 105], [98, 103], [107, 108]]}}}, "dataclasses_json/core.py": {"executed_lines": [1, 2, 3, 4, 5, 6, 8, 12, 13, 14, 15, 16, 18, 20, 22, 23, 33, 35, 36, 37, 48, 49, 51, 52, 53, 55, 56, 57, 58, 59, 60, 61, 62, 63, 65, 66, 69, 70, 71, 72, 73, 74, 75, 77, 79, 81, 82, 84, 85, 87, 88, 89, 91, 92, 94, 96, 99, 101, 102, 103, 106, 107, 108, 109, 110, 111, 113, 117, 118, 119, 120, 121, 124, 126, 127, 128, 129, 135, 136, 138, 139, 140, 141, 144, 146, 147, 148, 149, 150, 151, 153, 156, 157, 159, 160, 161, 162, 163, 164, 166, 167, 168, 175, 177, 178, 179, 182, 185, 186, 187, 207, 208, 209, 213, 221, 232, 233, 237, 240, 243, 244, 246, 248, 250, 253, 254, 258, 261, 262, 263, 264, 267, 268, 271, 272, 276, 277, 280, 281, 283, 284, 285, 286, 290, 291, 293, 298, 319, 320, 321, 323, 324, 327, 328, 329, 331, 332, 333, 346, 349, 354, 361, 369, 376, 413, 416, 417, 418, 419, 422, 425, 430, 431, 432, 433, 434, 437, 441, 443, 445, 447, 448, 452, 453, 456, 459, 462, 463, 466, 467, 470, 471, 474, 475], "summary": {"covered_lines": 194, "num_statements": 278, "percent_covered": 64.60176991150442, "percent_covered_display": "65", "missing_lines": 84, "excluded_lines": 0, "num_branches": 174, "num_partial_branches": 34, "covered_branches": 98, "missing_branches": 76}, "missing_lines": [76, 78, 80, 93, 95, 97, 114, 125, 130, 152, 158, 169, 170, 171, 172, 183, 188, 189, 193, 194, 201, 204, 205, 211, 216, 217, 219, 226, 227, 229, 231, 245, 247, 249, 259, 282, 292, 296, 299, 300, 303, 304, 305, 306, 307, 308, 309, 311, 312, 313, 315, 317, 318, 326, 334, 335, 336, 337, 338, 339, 340, 341, 342, 362, 370, 371, 373, 386, 387, 388, 389, 390, 392, 394, 396, 399, 400, 402, 403, 404, 406, 410, 435, 457], "excluded_lines": [], "executed_branches": [[51, 52], [51, 56], [52, 53], [52, 55], [56, 57], [56, 58], [58, 59], [58, 60], [60, 61], [60, 62], [62, 63], [62, 65], [74, 75], [74, 81], [75, 77], [77, 79], [79, 74], [88, 89], [88, 103], [92, 94], [94, 96], [96, 99], [107, 108], [108, 109], [108, 110], [109, -109], [109, -106], [109, 109], [110, 111], [110, 113], [111, -111], [111, -106], [111, 111], [119, 120], [119, 141], [120, 121], [124, 126], [129, 135], [138, 139], [138, 140], [147, 148], [147, 153], [149, 150], [151, 147], [157, 159], [161, -161], [161, 161], [161, 162], [163, -163], [163, 163], [163, 164], [164, -164], [164, 164], [164, 166], [166, 167], [166, 175], [167, 168], [179, 182], [179, 240], [182, 185], [187, 207], [208, 209], [213, 213], [213, 221], [221, 232], [232, 233], [232, 237], [244, 246], [246, 248], [248, 250], [254, 258], [254, 263], [258, 261], [263, 264], [263, 267], [267, 268], [267, 271], [271, 272], [271, 276], [281, 283], [291, 293], [293, 298], [298, 319], [319, 320], [319, 323], [324, 327], [327, 328], [327, 331], [333, 346], [361, 369], [369, -349], [430, 431], [430, 447], [433, 434], [433, 443], [434, 437], [447, 448], [447, 452], [448, -448], [448, -425], [448, 448], [452, 453], [452, 456], [453, -453], [453, -425], [453, 453], [456, 459]], "missing_branches": [[75, 76], [77, 78], [79, 80], [92, 93], [94, 95], [96, 97], [107, 114], [120, 138], [124, 125], [129, 130], [149, 147], [151, 152], [157, 158], [167, 169], [169, 170], [169, 171], [171, 166], [171, 172], [182, 183], [187, 188], [188, 189], [188, 204], [193, 194], [193, 201], [208, 211], [213, 216], [216, 217], [216, 219], [221, 226], [226, 227], [226, 229], [244, 245], [246, 247], [248, 249], [258, 259], [281, 282], [291, 292], [293, 296], [298, 299], [299, 300], [299, 306], [306, 307], [306, 312], [308, 309], [308, 311], [312, 313], [312, 315], [324, 326], [333, 334], [334, 335], [334, 341], [335, 334], [335, 336], [341, 342], [341, 346], [361, 362], [362, -362], [362, 373], [369, 370], [369, 373], [387, 388], [387, 394], [388, 387], [388, 389], [399, 400], [399, 402], [402, 403], [402, 410], [403, 404], [403, 406], [404, -404], [404, -376], [410, -410], [410, -376], [434, 435], [456, 457]], "functions": {"_ExtendedEncoder.default": {"executed_lines": [51, 52, 53, 55, 56, 57, 58, 59, 60, 61, 62, 63, 65, 66], "summary": {"covered_lines": 14, "num_statements": 14, "percent_covered": 100.0, "percent_covered_display": "100", "missing_lines": 0, "excluded_lines": 0, "num_branches": 12, "num_partial_branches": 0, "covered_branches": 12, "missing_branches": 0}, "missing_lines": [], "excluded_lines": [], "executed_branches": [[51, 52], [51, 56], [52, 53], [52, 55], [56, 57], [56, 58], [58, 59], [58, 60], [60, 61], [60, 62], [62, 63], [62, 65]], "missing_branches": []}, "_user_overrides_or_exts": {"executed_lines": [70, 71, 72, 73, 74, 75, 77, 79, 81, 82, 84, 85, 87, 88, 89, 91, 92, 94, 96, 99, 101, 102, 103], "summary": {"covered_lines": 23, "num_statements": 29, "percent_covered": 73.33333333333333, "percent_covered_display": "73", "missing_lines": 6, "excluded_lines": 0, "num_branches": 16, "num_partial_branches": 6, "covered_branches": 10, "missing_branches": 6}, "missing_lines": [76, 78, 80, 93, 95, 97], "excluded_lines": [], "executed_branches": [[74, 75], [74, 81], [75, 77], [77, 79], [79, 74], [88, 89], [88, 103], [92, 94], [94, 96], [96, 99]], "missing_branches": [[75, 76], [77, 78], [79, 80], [92, 93], [94, 95], [96, 97]]}, "_encode_json_type": {"executed_lines": [107, 108, 109, 110, 111, 113], "summary": {"covered_lines": 6, "num_statements": 7, "percent_covered": 88.23529411764706, "percent_covered_display": "88", "missing_lines": 1, "excluded_lines": 0, "num_branches": 10, "num_partial_branches": 1, "covered_branches": 9, "missing_branches": 1}, "missing_lines": [114], "excluded_lines": [], "executed_branches": [[107, 108], [108, 109], [108, 110], [109, -109], [109, -106], [109, 109], [110, 111], [110, 113], [111, -111], [111, -106], [111, 111]], "missing_branches": [[107, 114]]}, "_encode_overrides": {"executed_lines": [118, 119, 120, 121, 124, 126, 127, 128, 129, 135, 136, 138, 139, 140, 141], "summary": {"covered_lines": 15, "num_statements": 17, "percent_covered": 81.48148148148148, "percent_covered_display": "81", "missing_lines": 2, "excluded_lines": 0, "num_branches": 10, "num_partial_branches": 3, "covered_branches": 7, "missing_branches": 3}, "missing_lines": [125, 130], "excluded_lines": [], "executed_branches": [[119, 120], [119, 141], [120, 121], [124, 126], [129, 135], [138, 139], [138, 140]], "missing_branches": [[120, 138], [124, 125], [129, 130]]}, "_decode_letter_case_overrides": {"executed_lines": [146, 147, 148, 149, 150, 151, 153], "summary": {"covered_lines": 7, "num_statements": 8, "percent_covered": 78.57142857142857, "percent_covered_display": "79", "missing_lines": 1, "excluded_lines": 0, "num_branches": 6, "num_partial_branches": 2, "covered_branches": 4, "missing_branches": 2}, "missing_lines": [152], "excluded_lines": [], "executed_branches": [[147, 148], [147, 153], [149, 150], [151, 147]], "missing_branches": [[149, 147], [151, 152]]}, "_decode_dataclass": {"executed_lines": [157, 159, 160, 161, 162, 163, 164, 166, 167, 168, 175, 177, 178, 179, 182, 185, 186, 187, 207, 208, 209, 213, 221, 232, 233, 237, 240], "summary": {"covered_lines": 27, "num_statements": 48, "percent_covered": 53.48837209302326, "percent_covered_display": "53", "missing_lines": 21, "excluded_lines": 0, "num_branches": 38, "num_partial_branches": 7, "covered_branches": 19, "missing_branches": 19}, "missing_lines": [158, 169, 170, 171, 172, 183, 188, 189, 193, 194, 201, 204, 205, 211, 216, 217, 219, 226, 227, 229, 231], "excluded_lines": [], "executed_branches": [[157, 159], [161, -161], [161, 161], [161, 162], [163, -163], [163, 163], [163, 164], [164, -164], [164, 164], [164, 166], [166, 167], [166, 175], [167, 168], [179, 182], [179, 240], [182, 185], [187, 207], [208, 209], [213, 213], [213, 221], [221, 232], [232, 233], [232, 237]], "missing_branches": [[157, 158], [167, 169], [169, 170], [169, 171], [171, 166], [171, 172], [182, 183], [187, 188], [188, 189], [188, 204], [193, 194], [193, 201], [208, 211], [213, 216], [216, 217], [216, 219], [221, 226], [226, 227], [226, 229]]}, "_decode_type": {"executed_lines": [244, 246, 248, 250], "summary": {"covered_lines": 4, "num_statements": 7, "percent_covered": 53.84615384615385, "percent_covered_display": "54", "missing_lines": 3, "excluded_lines": 0, "num_branches": 6, "num_partial_branches": 3, "covered_branches": 3, "missing_branches": 3}, "missing_lines": [245, 247, 249], "excluded_lines": [], "executed_branches": [[244, 246], [246, 248], [248, 250]], "missing_branches": [[244, 245], [246, 247], [248, 249]]}, "_support_extended_types": {"executed_lines": [254, 258, 261, 262, 263, 264, 267, 268, 271, 272, 276, 277], "summary": {"covered_lines": 12, "num_statements": 13, "percent_covered": 91.30434782608695, "percent_covered_display": "91", "missing_lines": 1, "excluded_lines": 0, "num_branches": 10, "num_partial_branches": 1, "covered_branches": 9, "missing_branches": 1}, "missing_lines": [259], "excluded_lines": [], "executed_branches": [[254, 258], [254, 263], [258, 261], [263, 264], [263, 267], [267, 268], [267, 271], [271, 272], [271, 276]], "missing_branches": [[258, 259]]}, "_is_supported_generic": {"executed_lines": [281, 283, 284, 285, 286], "summary": {"covered_lines": 5, "num_statements": 6, "percent_covered": 75.0, "percent_covered_display": "75", "missing_lines": 1, "excluded_lines": 0, "num_branches": 2, "num_partial_branches": 1, "covered_branches": 1, "missing_branches": 1}, "missing_lines": [282], "excluded_lines": [], "executed_branches": [[281, 283]], "missing_branches": [[281, 282]]}, "_decode_generic": {"executed_lines": [291, 293, 298, 319, 320, 321, 323, 324, 327, 328, 329, 331, 332, 333, 346], "summary": {"covered_lines": 15, "num_statements": 42, "percent_covered": 34.285714285714285, "percent_covered_display": "34", "missing_lines": 27, "excluded_lines": 0, "num_branches": 28, "num_partial_branches": 5, "covered_branches": 9, "missing_branches": 19}, "missing_lines": [292, 296, 299, 300, 303, 304, 305, 306, 307, 308, 309, 311, 312, 313, 315, 317, 318, 326, 334, 335, 336, 337, 338, 339, 340, 341, 342], "excluded_lines": [], "executed_branches": [[291, 293], [293, 298], [298, 319], [319, 320], [319, 323], [324, 327], [327, 328], [327, 331], [333, 346]], "missing_branches": [[291, 292], [293, 296], [298, 299], [299, 300], [299, 306], [306, 307], [306, 312], [308, 309], [308, 311], [312, 313], [312, 315], [324, 326], [333, 334], [334, 335], [334, 341], [335, 334], [335, 336], [341, 342], [341, 346]]}, "_decode_dict_keys": {"executed_lines": [354, 361, 369], "summary": {"covered_lines": 3, "num_statements": 7, "percent_covered": 30.76923076923077, "percent_covered_display": "31", "missing_lines": 4, "excluded_lines": 0, "num_branches": 6, "num_partial_branches": 3, "covered_branches": 1, "missing_branches": 5}, "missing_lines": [362, 370, 371, 373], "excluded_lines": [], "executed_branches": [[361, 369], [369, -349]], "missing_branches": [[361, 362], [362, -362], [362, 373], [369, 370], [369, 373]]}, "_decode_items": {"executed_lines": [], "summary": {"covered_lines": 0, "num_statements": 8, "percent_covered": 0.0, "percent_covered_display": "0", "missing_lines": 8, "excluded_lines": 0, "num_branches": 10, "num_partial_branches": 0, "covered_branches": 0, "missing_branches": 10}, "missing_lines": [386, 399, 400, 402, 403, 404, 406, 410], "excluded_lines": [], "executed_branches": [], "missing_branches": [[399, 400], [399, 402], [402, 403], [402, 410], [403, 404], [403, 406], [404, -404], [404, -376], [410, -410], [410, -376]]}, "_decode_items.handle_pep0673": {"executed_lines": [], "summary": {"covered_lines": 0, "num_statements": 7, "percent_covered": 0.0, "percent_covered_display": "0", "missing_lines": 7, "excluded_lines": 0, "num_branches": 4, "num_partial_branches": 0, "covered_branches": 0, "missing_branches": 4}, "missing_lines": [387, 388, 389, 390, 392, 394, 396], "excluded_lines": [], "executed_branches": [], "missing_branches": [[387, 388], [387, 394], [388, 387], [388, 389]]}, "_resolve_collection_type_to_decode_to": {"executed_lines": [416, 417, 418, 419, 422], "summary": {"covered_lines": 5, "num_statements": 5, "percent_covered": 100.0, "percent_covered_display": "100", "missing_lines": 0, "excluded_lines": 0, "num_branches": 0, "num_partial_branches": 0, "covered_branches": 0, "missing_branches": 0}, "missing_lines": [], "excluded_lines": [], "executed_branches": [], "missing_branches": []}, "_asdict": {"executed_lines": [430, 431, 432, 433, 434, 437, 441, 443, 445, 447, 448, 452, 453, 456, 459], "summary": {"covered_lines": 15, "num_statements": 17, "percent_covered": 87.87878787878788, "percent_covered_display": "88", "missing_lines": 2, "excluded_lines": 0, "num_branches": 16, "num_partial_branches": 2, "covered_branches": 14, "missing_branches": 2}, "missing_lines": [435, 457], "excluded_lines": [], "executed_branches": [[430, 431], [430, 447], [433, 434], [433, 443], [434, 437], [447, 448], [447, 452], [448, -448], [448, -425], [448, 448], [452, 453], [452, 456], [453, -453], [453, -425], [453, 453], [456, 459]], "missing_branches": [[434, 435], [456, 457]]}, "_has_decoder_in_global_config": {"executed_lines": [463], "summary": {"covered_lines": 1, "num_statements": 1, "percent_covered": 100.0, "percent_covered_display": "100", "missing_lines": 0, "excluded_lines": 0, "num_branches": 0, "num_partial_branches": 0, "covered_branches": 0, "missing_branches": 0}, "missing_lines": [], "excluded_lines": [], "executed_branches": [], "missing_branches": []}, "_get_decoder_in_global_config": {"executed_lines": [467], "summary": {"covered_lines": 1, "num_statements": 1, "percent_covered": 100.0, "percent_covered_display": "100", "missing_lines": 0, "excluded_lines": 0, "num_branches": 0, "num_partial_branches": 0, "covered_branches": 0, "missing_branches": 0}, "missing_lines": [], "excluded_lines": [], "executed_branches": [], "missing_branches": []}, "_has_encoder_in_global_config": {"executed_lines": [471], "summary": {"covered_lines": 1, "num_statements": 1, "percent_covered": 100.0, "percent_covered_display": "100", "missing_lines": 0, "excluded_lines": 0, "num_branches": 0, "num_partial_branches": 0, "covered_branches": 0, "missing_branches": 0}, "missing_lines": [], "excluded_lines": [], "executed_branches": [], "missing_branches": []}, "_get_encoder_in_global_config": {"executed_lines": [475], "summary": {"covered_lines": 1, "num_statements": 1, "percent_covered": 100.0, "percent_covered_display": "100", "missing_lines": 0, "excluded_lines": 0, "num_branches": 0, "num_partial_branches": 0, "covered_branches": 0, "missing_branches": 0}, "missing_lines": [], "excluded_lines": [], "executed_branches": [], "missing_branches": []}, "": {"executed_lines": [1, 2, 3, 4, 5, 6, 8, 12, 13, 14, 15, 16, 18, 20, 22, 23, 33, 35, 36, 37, 48, 49, 69, 106, 117, 144, 156, 243, 253, 280, 290, 349, 376, 413, 425, 462, 466, 470, 474], "summary": {"covered_lines": 39, "num_statements": 39, "percent_covered": 100.0, "percent_covered_display": "100", "missing_lines": 0, "excluded_lines": 0, "num_branches": 0, "num_partial_branches": 0, "covered_branches": 0, "missing_branches": 0}, "missing_lines": [], "excluded_lines": [], "executed_branches": [], "missing_branches": []}}, "classes": {"_ExtendedEncoder": {"executed_lines": [51, 52, 53, 55, 56, 57, 58, 59, 60, 61, 62, 63, 65, 66], "summary": {"covered_lines": 14, "num_statements": 14, "percent_covered": 100.0, "percent_covered_display": "100", "missing_lines": 0, "excluded_lines": 0, "num_branches": 12, "num_partial_branches": 0, "covered_branches": 12, "missing_branches": 0}, "missing_lines": [], "excluded_lines": [], "executed_branches": [[51, 52], [51, 56], [52, 53], [52, 55], [56, 57], [56, 58], [58, 59], [58, 60], [60, 61], [60, 62], [62, 63], [62, 65]], "missing_branches": []}, "": {"executed_lines": [1, 2, 3, 4, 5, 6, 8, 12, 13, 14, 15, 16, 18, 20, 22, 23, 33, 35, 36, 37, 48, 49, 69, 70, 71, 72, 73, 74, 75, 77, 79, 81, 82, 84, 85, 87, 88, 89, 91, 92, 94, 96, 99, 101, 102, 103, 106, 107, 108, 109, 110, 111, 113, 117, 118, 119, 120, 121, 124, 126, 127, 128, 129, 135, 136, 138, 139, 140, 141, 144, 146, 147, 148, 149, 150, 151, 153, 156, 157, 159, 160, 161, 162, 163, 164, 166, 167, 168, 175, 177, 178, 179, 182, 185, 186, 187, 207, 208, 209, 213, 221, 232, 233, 237, 240, 243, 244, 246, 248, 250, 253, 254, 258, 261, 262, 263, 264, 267, 268, 271, 272, 276, 277, 280, 281, 283, 284, 285, 286, 290, 291, 293, 298, 319, 320, 321, 323, 324, 327, 328, 329, 331, 332, 333, 346, 349, 354, 361, 369, 376, 413, 416, 417, 418, 419, 422, 425, 430, 431, 432, 433, 434, 437, 441, 443, 445, 447, 448, 452, 453, 456, 459, 462, 463, 466, 467, 470, 471, 474, 475], "summary": {"covered_lines": 180, "num_statements": 264, "percent_covered": 62.44131455399061, "percent_covered_display": "62", "missing_lines": 84, "excluded_lines": 0, "num_branches": 162, "num_partial_branches": 34, "covered_branches": 86, "missing_branches": 76}, "missing_lines": [76, 78, 80, 93, 95, 97, 114, 125, 130, 152, 158, 169, 170, 171, 172, 183, 188, 189, 193, 194, 201, 204, 205, 211, 216, 217, 219, 226, 227, 229, 231, 245, 247, 249, 259, 282, 292, 296, 299, 300, 303, 304, 305, 306, 307, 308, 309, 311, 312, 313, 315, 317, 318, 326, 334, 335, 336, 337, 338, 339, 340, 341, 342, 362, 370, 371, 373, 386, 387, 388, 389, 390, 392, 394, 396, 399, 400, 402, 403, 404, 406, 410, 435, 457], "excluded_lines": [], "executed_branches": [[74, 75], [74, 81], [75, 77], [77, 79], [79, 74], [88, 89], [88, 103], [92, 94], [94, 96], [96, 99], [107, 108], [108, 109], [108, 110], [109, -109], [109, -106], [109, 109], [110, 111], [110, 113], [111, -111], [111, -106], [111, 111], [119, 120], [119, 141], [120, 121], [124, 126], [129, 135], [138, 139], [138, 140], [147, 148], [147, 153], [149, 150], [151, 147], [157, 159], [161, -161], [161, 161], [161, 162], [163, -163], [163, 163], [163, 164], [164, -164], [164, 164], [164, 166], [166, 167], [166, 175], [167, 168], [179, 182], [179, 240], [182, 185], [187, 207], [208, 209], [213, 213], [213, 221], [221, 232], [232, 233], [232, 237], [244, 246], [246, 248], [248, 250], [254, 258], [254, 263], [258, 261], [263, 264], [263, 267], [267, 268], [267, 271], [271, 272], [271, 276], [281, 283], [291, 293], [293, 298], [298, 319], [319, 320], [319, 323], [324, 327], [327, 328], [327, 331], [333, 346], [361, 369], [369, -349], [430, 431], [430, 447], [433, 434], [433, 443], [434, 437], [447, 448], [447, 452], [448, -448], [448, -425], [448, 448], [452, 453], [452, 456], [453, -453], [453, -425], [453, 453], [456, 459]], "missing_branches": [[75, 76], [77, 78], [79, 80], [92, 93], [94, 95], [96, 97], [107, 114], [120, 138], [124, 125], [129, 130], [149, 147], [151, 152], [157, 158], [167, 169], [169, 170], [169, 171], [171, 166], [171, 172], [182, 183], [187, 188], [188, 189], [188, 204], [193, 194], [193, 201], [208, 211], [213, 216], [216, 217], [216, 219], [221, 226], [226, 227], [226, 229], [244, 245], [246, 247], [248, 249], [258, 259], [281, 282], [291, 292], [293, 296], [298, 299], [299, 300], [299, 306], [306, 307], [306, 312], [308, 309], [308, 311], [312, 313], [312, 315], [324, 326], [333, 334], [334, 335], [334, 341], [335, 334], [335, 336], [341, 342], [341, 346], [361, 362], [362, -362], [362, 373], [369, 370], [369, 373], [387, 388], [387, 394], [388, 387], [388, 389], [399, 400], [399, 402], [402, 403], [402, 410], [403, 404], [403, 406], [404, -404], [404, -376], [410, -410], [410, -376], [434, 435], [456, 457]]}}}, "dataclasses_json/mm.py": {"executed_lines": [3, 4, 5, 6, 8, 9, 10, 11, 12, 14, 16, 17, 19, 21, 28, 29, 30, 33, 34, 36, 38, 39, 40, 42, 43, 48, 49, 58, 68, 69, 70, 71, 72, 73, 75, 95, 124, 125, 128, 133, 154, 155, 156, 157, 158, 160, 161, 162, 164, 170, 171, 173, 174, 178, 179, 182, 186, 187, 191, 192, 195, 199, 200, 207, 208, 213, 218, 219, 227, 233, 238, 296, 347], "summary": {"covered_lines": 71, "num_statements": 205, "percent_covered": 25.91362126245847, "percent_covered_display": "26", "missing_lines": 134, "excluded_lines": 0, "num_branches": 96, "num_partial_branches": 3, "covered_branches": 7, "missing_branches": 89}, "missing_lines": [31, 45, 50, 51, 53, 54, 56, 59, 60, 62, 63, 65, 76, 77, 78, 79, 80, 81, 82, 83, 84, 85, 86, 88, 93, 96, 97, 98, 99, 100, 101, 102, 103, 104, 110, 112, 113, 114, 116, 121, 129, 130, 176, 180, 184, 189, 193, 197, 205, 211, 216, 225, 230, 235, 239, 240, 241, 242, 244, 246, 247, 248, 251, 253, 260, 262, 263, 266, 267, 269, 270, 271, 272, 273, 275, 276, 277, 279, 280, 282, 283, 285, 286, 288, 291, 293, 297, 298, 301, 302, 303, 304, 306, 307, 308, 309, 310, 311, 312, 314, 316, 317, 319, 320, 321, 322, 324, 326, 327, 329, 330, 338, 341, 342, 344, 351, 361, 362, 363, 365, 366, 367, 369, 371, 372, 373, 379, 380, 381, 385, 387, 389, 390, 399], "excluded_lines": [], "executed_branches": [[30, 33], [33, 34], [33, 36], [39, 40], [39, 42], [42, 43], [160, 161]], "missing_branches": [[30, 31], [42, 45], [50, 51], [50, 53], [53, 54], [53, 56], [59, 60], [59, 62], [62, 63], [62, 65], [76, 77], [76, 78], [78, 79], [78, 88], [79, 80], [79, 85], [80, 81], [80, 84], [85, 78], [85, 86], [97, 98], [97, 103], [99, -95], [99, 100], [100, 99], [100, 101], [103, 104], [103, 112], [112, 113], [112, 116], [113, 112], [113, 114], [160, 235], [241, 242], [241, 244], [246, 247], [246, 262], [247, 248], [247, 253], [263, -263], [263, 266], [266, 267], [266, 269], [269, 270], [269, 271], [271, 272], [271, 276], [272, 273], [272, 275], [276, 277], [276, 279], [279, 280], [279, 282], [282, 283], [282, 288], [283, -283], [283, 285], [301, 302], [301, 344], [303, 304], [303, 306], [309, 310], [309, 311], [311, 312], [311, 314], [316, 317], [316, 319], [319, 320], [319, 326], [322, 324], [322, 326], [324, -324], [324, 326], [326, 327], [326, 329], [330, 338], [330, 341], [338, -338], [338, 341], [341, 301], [341, 342], [351, -351], [351, 361], [366, 367], [366, 369], [379, 380], [379, 385], [380, 381], [380, 387]], "functions": {"_TimestampField._serialize": {"executed_lines": [30, 33, 34, 36], "summary": {"covered_lines": 4, "num_statements": 5, "percent_covered": 77.77777777777777, "percent_covered_display": "78", "missing_lines": 1, "excluded_lines": 0, "num_branches": 4, "num_partial_branches": 1, "covered_branches": 3, "missing_branches": 1}, "missing_lines": [31], "excluded_lines": [], "executed_branches": [[30, 33], [33, 34], [33, 36]], "missing_branches": [[30, 31]]}, "_TimestampField._deserialize": {"executed_lines": [39, 40, 42, 43], "summary": {"covered_lines": 4, "num_statements": 5, "percent_covered": 77.77777777777777, "percent_covered_display": "78", "missing_lines": 1, "excluded_lines": 0, "num_branches": 4, "num_partial_branches": 1, "covered_branches": 3, "missing_branches": 1}, "missing_lines": [45], "excluded_lines": [], "executed_branches": [[39, 40], [39, 42], [42, 43]], "missing_branches": [[42, 45]]}, "_IsoField._serialize": {"executed_lines": [], "summary": {"covered_lines": 0, "num_statements": 5, "percent_covered": 0.0, "percent_covered_display": "0", "missing_lines": 5, "excluded_lines": 0, "num_branches": 4, "num_partial_branches": 0, "covered_branches": 0, "missing_branches": 4}, "missing_lines": [50, 51, 53, 54, 56], "excluded_lines": [], "executed_branches": [], "missing_branches": [[50, 51], [50, 53], [53, 54], [53, 56]]}, "_IsoField._deserialize": {"executed_lines": [], "summary": {"covered_lines": 0, "num_statements": 5, "percent_covered": 0.0, "percent_covered_display": "0", "missing_lines": 5, "excluded_lines": 0, "num_branches": 4, "num_partial_branches": 0, "covered_branches": 0, "missing_branches": 4}, "missing_lines": [59, 60, 62, 63, 65], "excluded_lines": [], "executed_branches": [], "missing_branches": [[59, 60], [59, 62], [62, 63], [62, 65]]}, "_UnionField.__init__": {"executed_lines": [70, 71, 72, 73], "summary": {"covered_lines": 4, "num_statements": 4, "percent_covered": 100.0, "percent_covered_display": "100", "missing_lines": 0, "excluded_lines": 0, "num_branches": 0, "num_partial_branches": 0, "covered_branches": 0, "missing_branches": 0}, "missing_lines": [], "excluded_lines": [], "executed_branches": [], "missing_branches": []}, "_UnionField._serialize": {"executed_lines": [], "summary": {"covered_lines": 0, "num_statements": 13, "percent_covered": 0.0, "percent_covered_display": "0", "missing_lines": 13, "excluded_lines": 0, "num_branches": 10, "num_partial_branches": 0, "covered_branches": 0, "missing_branches": 10}, "missing_lines": [76, 77, 78, 79, 80, 81, 82, 83, 84, 85, 86, 88, 93], "excluded_lines": [], "executed_branches": [], "missing_branches": [[76, 77], [76, 78], [78, 79], [78, 88], [79, 80], [79, 85], [80, 81], [80, 84], [85, 78], [85, 86]]}, "_UnionField._deserialize": {"executed_lines": [], "summary": {"covered_lines": 0, "num_statements": 15, "percent_covered": 0.0, "percent_covered_display": "0", "missing_lines": 15, "excluded_lines": 0, "num_branches": 12, "num_partial_branches": 0, "covered_branches": 0, "missing_branches": 12}, "missing_lines": [96, 97, 98, 99, 100, 101, 102, 103, 104, 110, 112, 113, 114, 116, 121], "excluded_lines": [], "executed_branches": [], "missing_branches": [[97, 98], [97, 103], [99, -95], [99, 100], [100, 99], [100, 101], [103, 104], [103, 112], [112, 113], [112, 116], [113, 112], [113, 114]]}, "_TupleVarLen._deserialize": {"executed_lines": [], "summary": {"covered_lines": 0, "num_statements": 2, "percent_covered": 0.0, "percent_covered_display": "0", "missing_lines": 2, "excluded_lines": 0, "num_branches": 0, "num_partial_branches": 0, "covered_branches": 0, "missing_branches": 0}, "missing_lines": [129, 130], "excluded_lines": [], "executed_branches": [], "missing_branches": []}, "SchemaF.__init__": {"executed_lines": [170, 171], "summary": {"covered_lines": 2, "num_statements": 2, "percent_covered": 100.0, "percent_covered_display": "100", "missing_lines": 0, "excluded_lines": 0, "num_branches": 0, "num_partial_branches": 0, "covered_branches": 0, "missing_branches": 0}, "missing_lines": [], "excluded_lines": [], "executed_branches": [], "missing_branches": []}, "SchemaF.dump": {"executed_lines": [], "summary": {"covered_lines": 0, "num_statements": 1, "percent_covered": 0.0, "percent_covered_display": "0", "missing_lines": 1, "excluded_lines": 0, "num_branches": 0, "num_partial_branches": 0, "covered_branches": 0, "missing_branches": 0}, "missing_lines": [184], "excluded_lines": [], "executed_branches": [], "missing_branches": []}, "SchemaF.dumps": {"executed_lines": [], "summary": {"covered_lines": 0, "num_statements": 1, "percent_covered": 0.0, "percent_covered_display": "0", "missing_lines": 1, "excluded_lines": 0, "num_branches": 0, "num_partial_branches": 0, "covered_branches": 0, "missing_branches": 0}, "missing_lines": [197], "excluded_lines": [], "executed_branches": [], "missing_branches": []}, "SchemaF.load": {"executed_lines": [], "summary": {"covered_lines": 0, "num_statements": 1, "percent_covered": 0.0, "percent_covered_display": "0", "missing_lines": 1, "excluded_lines": 0, "num_branches": 0, "num_partial_branches": 0, "covered_branches": 0, "missing_branches": 0}, "missing_lines": [216], "excluded_lines": [], "executed_branches": [], "missing_branches": []}, "SchemaF.loads": {"executed_lines": [], "summary": {"covered_lines": 0, "num_statements": 1, "percent_covered": 0.0, "percent_covered_display": "0", "missing_lines": 1, "excluded_lines": 0, "num_branches": 0, "num_partial_branches": 0, "covered_branches": 0, "missing_branches": 0}, "missing_lines": [230], "excluded_lines": [], "executed_branches": [], "missing_branches": []}, "build_type": {"executed_lines": [], "summary": {"covered_lines": 0, "num_statements": 2, "percent_covered": 0.0, "percent_covered_display": "0", "missing_lines": 2, "excluded_lines": 0, "num_branches": 0, "num_partial_branches": 0, "covered_branches": 0, "missing_branches": 0}, "missing_lines": [239, 293], "excluded_lines": [], "executed_branches": [], "missing_branches": []}, "build_type.inner": {"executed_lines": [], "summary": {"covered_lines": 0, "num_statements": 30, "percent_covered": 0.0, "percent_covered_display": "0", "missing_lines": 30, "excluded_lines": 0, "num_branches": 24, "num_partial_branches": 0, "covered_branches": 0, "missing_branches": 24}, "missing_lines": [240, 241, 242, 244, 246, 247, 248, 251, 253, 260, 262, 263, 266, 267, 269, 270, 271, 272, 273, 275, 276, 277, 279, 280, 282, 283, 285, 286, 288, 291], "excluded_lines": [], "executed_branches": [], "missing_branches": [[241, 242], [241, 244], [246, 247], [246, 262], [247, 248], [247, 253], [263, -263], [263, 266], [266, 267], [266, 269], [269, 270], [269, 271], [271, 272], [271, 276], [272, 273], [272, 275], [276, 277], [276, 279], [279, 280], [279, 282], [282, 283], [282, 288], [283, -283], [283, 285]]}, "schema": {"executed_lines": [], "summary": {"covered_lines": 0, "num_statements": 29, "percent_covered": 0.0, "percent_covered_display": "0", "missing_lines": 29, "excluded_lines": 0, "num_branches": 24, "num_partial_branches": 0, "covered_branches": 0, "missing_branches": 24}, "missing_lines": [297, 298, 301, 302, 303, 304, 306, 307, 308, 309, 310, 311, 312, 314, 316, 317, 319, 320, 321, 322, 324, 326, 327, 329, 330, 338, 341, 342, 344], "excluded_lines": [], "executed_branches": [], "missing_branches": [[301, 302], [301, 344], [303, 304], [303, 306], [309, 310], [309, 311], [311, 312], [311, 314], [316, 317], [316, 319], [319, 320], [319, 326], [322, 324], [322, 326], [324, -324], [324, 326], [326, 327], [326, 329], [330, 338], [330, 341], [338, -338], [338, 341], [341, 301], [341, 342]]}, "build_schema": {"executed_lines": [], "summary": {"covered_lines": 0, "num_statements": 8, "percent_covered": 0.0, "percent_covered_display": "0", "missing_lines": 8, "excluded_lines": 0, "num_branches": 2, "num_partial_branches": 0, "covered_branches": 0, "missing_branches": 2}, "missing_lines": [351, 361, 362, 365, 371, 389, 390, 399], "excluded_lines": [], "executed_branches": [], "missing_branches": [[351, -351], [351, 361]]}, "build_schema.make_instance": {"executed_lines": [], "summary": {"covered_lines": 0, "num_statements": 1, "percent_covered": 0.0, "percent_covered_display": "0", "missing_lines": 1, "excluded_lines": 0, "num_branches": 0, "num_partial_branches": 0, "covered_branches": 0, "missing_branches": 0}, "missing_lines": [363], "excluded_lines": [], "executed_branches": [], "missing_branches": []}, "build_schema.dumps": {"executed_lines": [], "summary": {"covered_lines": 0, "num_statements": 3, "percent_covered": 0.0, "percent_covered_display": "0", "missing_lines": 3, "excluded_lines": 0, "num_branches": 2, "num_partial_branches": 0, "covered_branches": 0, "missing_branches": 2}, "missing_lines": [366, 367, 369], "excluded_lines": [], "executed_branches": [], "missing_branches": [[366, 367], [366, 369]]}, "build_schema.dump": {"executed_lines": [], "summary": {"covered_lines": 0, "num_statements": 7, "percent_covered": 0.0, "percent_covered_display": "0", "missing_lines": 7, "excluded_lines": 0, "num_branches": 4, "num_partial_branches": 0, "covered_branches": 0, "missing_branches": 4}, "missing_lines": [372, 373, 379, 380, 381, 385, 387], "excluded_lines": [], "executed_branches": [], "missing_branches": [[379, 380], [379, 385], [380, 381], [380, 387]]}, "": {"executed_lines": [3, 4, 5, 6, 8, 9, 10, 11, 12, 14, 16, 17, 19, 21, 28, 29, 38, 48, 49, 58, 68, 69, 75, 95, 124, 125, 128, 133, 154, 155, 156, 157, 158, 160, 161, 162, 164, 173, 174, 178, 179, 182, 186, 187, 191, 192, 195, 199, 200, 207, 208, 213, 218, 219, 227, 233, 238, 296, 347], "summary": {"covered_lines": 57, "num_statements": 58, "percent_covered": 96.66666666666667, "percent_covered_display": "97", "missing_lines": 1, "excluded_lines": 0, "num_branches": 2, "num_partial_branches": 1, "covered_branches": 1, "missing_branches": 1}, "missing_lines": [235], "excluded_lines": [], "executed_branches": [[160, 161]], "missing_branches": [[160, 235]]}}, "classes": {"_TimestampField": {"executed_lines": [30, 33, 34, 36, 39, 40, 42, 43], "summary": {"covered_lines": 8, "num_statements": 10, "percent_covered": 77.77777777777777, "percent_covered_display": "78", "missing_lines": 2, "excluded_lines": 0, "num_branches": 8, "num_partial_branches": 2, "covered_branches": 6, "missing_branches": 2}, "missing_lines": [31, 45], "excluded_lines": [], "executed_branches": [[30, 33], [33, 34], [33, 36], [39, 40], [39, 42], [42, 43]], "missing_branches": [[30, 31], [42, 45]]}, "_IsoField": {"executed_lines": [], "summary": {"covered_lines": 0, "num_statements": 10, "percent_covered": 0.0, "percent_covered_display": "0", "missing_lines": 10, "excluded_lines": 0, "num_branches": 8, "num_partial_branches": 0, "covered_branches": 0, "missing_branches": 8}, "missing_lines": [50, 51, 53, 54, 56, 59, 60, 62, 63, 65], "excluded_lines": [], "executed_branches": [], "missing_branches": [[50, 51], [50, 53], [53, 54], [53, 56], [59, 60], [59, 62], [62, 63], [62, 65]]}, "_UnionField": {"executed_lines": [70, 71, 72, 73], "summary": {"covered_lines": 4, "num_statements": 32, "percent_covered": 7.407407407407407, "percent_covered_display": "7", "missing_lines": 28, "excluded_lines": 0, "num_branches": 22, "num_partial_branches": 0, "covered_branches": 0, "missing_branches": 22}, "missing_lines": [76, 77, 78, 79, 80, 81, 82, 83, 84, 85, 86, 88, 93, 96, 97, 98, 99, 100, 101, 102, 103, 104, 110, 112, 113, 114, 116, 121], "excluded_lines": [], "executed_branches": [], "missing_branches": [[76, 77], [76, 78], [78, 79], [78, 88], [79, 80], [79, 85], [80, 81], [80, 84], [85, 78], [85, 86], [97, 98], [97, 103], [99, -95], [99, 100], [100, 99], [100, 101], [103, 104], [103, 112], [112, 113], [112, 116], [113, 112], [113, 114]]}, "_TupleVarLen": {"executed_lines": [], "summary": {"covered_lines": 0, "num_statements": 2, "percent_covered": 0.0, "percent_covered_display": "0", "missing_lines": 2, "excluded_lines": 0, "num_branches": 0, "num_partial_branches": 0, "covered_branches": 0, "missing_branches": 0}, "missing_lines": [129, 130], "excluded_lines": [], "executed_branches": [], "missing_branches": []}, "SchemaF": {"executed_lines": [170, 171], "summary": {"covered_lines": 2, "num_statements": 13, "percent_covered": 15.384615384615385, "percent_covered_display": "15", "missing_lines": 11, "excluded_lines": 0, "num_branches": 0, "num_partial_branches": 0, "covered_branches": 0, "missing_branches": 0}, "missing_lines": [176, 180, 184, 189, 193, 197, 205, 211, 216, 225, 230], "excluded_lines": [], "executed_branches": [], "missing_branches": []}, "": {"executed_lines": [3, 4, 5, 6, 8, 9, 10, 11, 12, 14, 16, 17, 19, 21, 28, 29, 38, 48, 49, 58, 68, 69, 75, 95, 124, 125, 128, 133, 154, 155, 156, 157, 158, 160, 161, 162, 164, 173, 174, 178, 179, 182, 186, 187, 191, 192, 195, 199, 200, 207, 208, 213, 218, 219, 227, 233, 238, 296, 347], "summary": {"covered_lines": 57, "num_statements": 138, "percent_covered": 29.591836734693878, "percent_covered_display": "30", "missing_lines": 81, "excluded_lines": 0, "num_branches": 58, "num_partial_branches": 1, "covered_branches": 1, "missing_branches": 57}, "missing_lines": [235, 239, 240, 241, 242, 244, 246, 247, 248, 251, 253, 260, 262, 263, 266, 267, 269, 270, 271, 272, 273, 275, 276, 277, 279, 280, 282, 283, 285, 286, 288, 291, 293, 297, 298, 301, 302, 303, 304, 306, 307, 308, 309, 310, 311, 312, 314, 316, 317, 319, 320, 321, 322, 324, 326, 327, 329, 330, 338, 341, 342, 344, 351, 361, 362, 363, 365, 366, 367, 369, 371, 372, 373, 379, 380, 381, 385, 387, 389, 390, 399], "excluded_lines": [], "executed_branches": [[160, 161]], "missing_branches": [[160, 235], [241, 242], [241, 244], [246, 247], [246, 262], [247, 248], [247, 253], [263, -263], [263, 266], [266, 267], [266, 269], [269, 270], [269, 271], [271, 272], [271, 276], [272, 273], [272, 275], [276, 277], [276, 279], [279, 280], [279, 282], [282, 283], [282, 288], [283, -283], [283, 285], [301, 302], [301, 344], [303, 304], [303, 306], [309, 310], [309, 311], [311, 312], [311, 314], [316, 317], [316, 319], [319, 320], [319, 326], [322, 324], [322, 326], [324, -324], [324, 326], [326, 327], [326, 329], [330, 338], [330, 341], [338, -338], [338, 341], [341, 301], [341, 342], [351, -351], [351, 361], [366, 367], [366, 369], [379, 380], [379, 385], [380, 381], [380, 387]]}}}, "dataclasses_json/stringcase.py": {"executed_lines": [26, 29, 39, 40, 41, 42, 45, 57, 58, 59, 60, 63, 74, 75, 76, 77, 83, 95, 96, 97, 104, 116, 119, 130], "summary": {"covered_lines": 24, "num_statements": 25, "percent_covered": 87.17948717948718, "percent_covered_display": "87", "missing_lines": 1, "excluded_lines": 0, "num_branches": 14, "num_partial_branches": 2, "covered_branches": 10, "missing_branches": 4}, "missing_lines": [98], "excluded_lines": [], "executed_branches": [[39, 40], [39, 41], [41, 42], [58, 59], [58, 60], [75, 76], [75, 77], [77, -77], [77, -63], [77, 77], [96, 97]], "missing_branches": [[41, -29], [96, 98], [98, -98], [98, -83]], "functions": {"uplowcase": {"executed_lines": [39, 40, 41, 42], "summary": {"covered_lines": 4, "num_statements": 4, "percent_covered": 87.5, "percent_covered_display": "88", "missing_lines": 0, "excluded_lines": 0, "num_branches": 4, "num_partial_branches": 1, "covered_branches": 3, "missing_branches": 1}, "missing_lines": [], "excluded_lines": [], "executed_branches": [[39, 40], [39, 41], [41, 42]], "missing_branches": [[41, -29]]}, "capitalcase": {"executed_lines": [57, 58, 59, 60], "summary": {"covered_lines": 4, "num_statements": 4, "percent_covered": 100.0, "percent_covered_display": "100", "missing_lines": 0, "excluded_lines": 0, "num_branches": 2, "num_partial_branches": 0, "covered_branches": 2, "missing_branches": 0}, "missing_lines": [], "excluded_lines": [], "executed_branches": [[58, 59], [58, 60]], "missing_branches": []}, "camelcase": {"executed_lines": [74, 75, 76, 77], "summary": {"covered_lines": 4, "num_statements": 4, "percent_covered": 100.0, "percent_covered_display": "100", "missing_lines": 0, "excluded_lines": 0, "num_branches": 4, "num_partial_branches": 0, "covered_branches": 4, "missing_branches": 0}, "missing_lines": [], "excluded_lines": [], "executed_branches": [[75, 76], [75, 77], [77, -77], [77, -63], [77, 77]], "missing_branches": []}, "snakecase": {"executed_lines": [95, 96, 97], "summary": {"covered_lines": 3, "num_statements": 4, "percent_covered": 50.0, "percent_covered_display": "50", "missing_lines": 1, "excluded_lines": 0, "num_branches": 4, "num_partial_branches": 1, "covered_branches": 1, "missing_branches": 3}, "missing_lines": [98], "excluded_lines": [], "executed_branches": [[96, 97]], "missing_branches": [[96, 98], [98, -98], [98, -83]]}, "spinalcase": {"executed_lines": [116], "summary": {"covered_lines": 1, "num_statements": 1, "percent_covered": 100.0, "percent_covered_display": "100", "missing_lines": 0, "excluded_lines": 0, "num_branches": 0, "num_partial_branches": 0, "covered_branches": 0, "missing_branches": 0}, "missing_lines": [], "excluded_lines": [], "executed_branches": [], "missing_branches": []}, "pascalcase": {"executed_lines": [130], "summary": {"covered_lines": 1, "num_statements": 1, "percent_covered": 100.0, "percent_covered_display": "100", "missing_lines": 0, "excluded_lines": 0, "num_branches": 0, "num_partial_branches": 0, "covered_branches": 0, "missing_branches": 0}, "missing_lines": [], "excluded_lines": [], "executed_branches": [], "missing_branches": []}, "": {"executed_lines": [26, 29, 45, 63, 83, 104, 119], "summary": {"covered_lines": 7, "num_statements": 7, "percent_covered": 100.0, "percent_covered_display": "100", "missing_lines": 0, "excluded_lines": 0, "num_branches": 0, "num_partial_branches": 0, "covered_branches": 0, "missing_branches": 0}, "missing_lines": [], "excluded_lines": [], "executed_branches": [], "missing_branches": []}}, "classes": {"": {"executed_lines": [26, 29, 39, 40, 41, 42, 45, 57, 58, 59, 60, 63, 74, 75, 76, 77, 83, 95, 96, 97, 104, 116, 119, 130], "summary": {"covered_lines": 24, "num_statements": 25, "percent_covered": 87.17948717948718, "percent_covered_display": "87", "missing_lines": 1, "excluded_lines": 0, "num_branches": 14, "num_partial_branches": 2, "covered_branches": 10, "missing_branches": 4}, "missing_lines": [98], "excluded_lines": [], "executed_branches": [[39, 40], [39, 41], [41, 42], [58, 59], [58, 60], [75, 76], [75, 77], [77, -77], [77, -63], [77, 77], [96, 97]], "missing_branches": [[41, -29], [96, 98], [98, -98], [98, -83]]}}}, "dataclasses_json/undefined.py": {"executed_lines": [1, 2, 3, 4, 5, 6, 7, 8, 10, 12, 14, 15, 18, 19, 20, 21, 27, 28, 34, 35, 41, 42, 45, 46, 51, 52, 53, 55, 57, 60, 61, 66, 67, 68, 71, 72, 74, 77, 80, 81, 87, 88, 89, 94, 95, 122, 123, 131, 132, 134, 135, 170, 171, 198, 199, 200, 208, 209, 214, 215, 248, 249, 250, 251, 252, 266, 267, 271, 272, 273, 276, 277, 280], "summary": {"covered_lines": 68, "num_statements": 146, "percent_covered": 42.22222222222222, "percent_covered_display": "42", "missing_lines": 78, "excluded_lines": 0, "num_branches": 34, "num_partial_branches": 2, "covered_branches": 8, "missing_branches": 26}, "missing_lines": [25, 32, 39, 43, 92, 96, 97, 99, 100, 101, 104, 106, 108, 109, 111, 113, 114, 115, 117, 119, 136, 138, 141, 143, 144, 146, 149, 150, 151, 152, 153, 155, 156, 157, 159, 163, 165, 167, 168, 177, 180, 184, 188, 189, 190, 194, 196, 202, 203, 204, 206, 210, 212, 216, 217, 219, 220, 221, 224, 226, 228, 229, 231, 233, 236, 238, 239, 240, 241, 242, 244, 246, 254, 255, 256, 258, 259, 263], "excluded_lines": [], "executed_branches": [[52, -52], [52, 52], [52, 53], [53, -53], [53, 53], [53, 55], [55, -55], [55, 55], [55, 57], [71, 72], [71, 74], [252, -248], [252, 252]], "missing_branches": [[141, 143], [141, 165], [149, 150], [149, 151], [151, 152], [151, 153], [153, 155], [153, 159], [156, 157], [156, 167], [188, 189], [188, 190], [190, 194], [190, 196], [203, 204], [203, 206], [226, 228], [226, 229], [236, -236], [236, 238], [252, -252], [252, 254], [255, 256], [255, 258], [258, 259], [258, 263]], "functions": {"_UndefinedParameterAction.handle_from_dict": {"executed_lines": [], "summary": {"covered_lines": 0, "num_statements": 1, "percent_covered": 0.0, "percent_covered_display": "0", "missing_lines": 1, "excluded_lines": 0, "num_branches": 0, "num_partial_branches": 0, "covered_branches": 0, "missing_branches": 0}, "missing_lines": [25], "excluded_lines": [], "executed_branches": [], "missing_branches": []}, "_UndefinedParameterAction.handle_to_dict": {"executed_lines": [], "summary": {"covered_lines": 0, "num_statements": 1, "percent_covered": 0.0, "percent_covered_display": "0", "missing_lines": 1, "excluded_lines": 0, "num_branches": 0, "num_partial_branches": 0, "covered_branches": 0, "missing_branches": 0}, "missing_lines": [32], "excluded_lines": [], "executed_branches": [], "missing_branches": []}, "_UndefinedParameterAction.handle_dump": {"executed_lines": [], "summary": {"covered_lines": 0, "num_statements": 1, "percent_covered": 0.0, "percent_covered_display": "0", "missing_lines": 1, "excluded_lines": 0, "num_branches": 0, "num_partial_branches": 0, "covered_branches": 0, "missing_branches": 0}, "missing_lines": [39], "excluded_lines": [], "executed_branches": [], "missing_branches": []}, "_UndefinedParameterAction.create_init": {"executed_lines": [], "summary": {"covered_lines": 0, "num_statements": 1, "percent_covered": 0.0, "percent_covered_display": "0", "missing_lines": 1, "excluded_lines": 0, "num_branches": 0, "num_partial_branches": 0, "covered_branches": 0, "missing_branches": 0}, "missing_lines": [43], "excluded_lines": [], "executed_branches": [], "missing_branches": []}, "_UndefinedParameterAction._separate_defined_undefined_kvs": {"executed_lines": [51, 52, 53, 55, 57], "summary": {"covered_lines": 5, "num_statements": 5, "percent_covered": 100.0, "percent_covered_display": "100", "missing_lines": 0, "excluded_lines": 0, "num_branches": 6, "num_partial_branches": 0, "covered_branches": 6, "missing_branches": 0}, "missing_lines": [], "excluded_lines": [], "executed_branches": [[52, -52], [52, 52], [52, 53], [53, -53], [53, 53], [53, 55], [55, -55], [55, 55], [55, 57]], "missing_branches": []}, "_RaiseUndefinedParameters.handle_from_dict": {"executed_lines": [68, 71, 72, 74], "summary": {"covered_lines": 4, "num_statements": 4, "percent_covered": 100.0, "percent_covered_display": "100", "missing_lines": 0, "excluded_lines": 0, "num_branches": 2, "num_partial_branches": 0, "covered_branches": 2, "missing_branches": 0}, "missing_lines": [], "excluded_lines": [], "executed_branches": [[71, 72], [71, 74]], "missing_branches": []}, "_IgnoreUndefinedParameters.handle_from_dict": {"executed_lines": [89], "summary": {"covered_lines": 1, "num_statements": 2, "percent_covered": 50.0, "percent_covered_display": "50", "missing_lines": 1, "excluded_lines": 0, "num_branches": 0, "num_partial_branches": 0, "covered_branches": 0, "missing_branches": 0}, "missing_lines": [92], "excluded_lines": [], "executed_branches": [], "missing_branches": []}, "_IgnoreUndefinedParameters.create_init": {"executed_lines": [], "summary": {"covered_lines": 0, "num_statements": 5, "percent_covered": 0.0, "percent_covered_display": "0", "missing_lines": 5, "excluded_lines": 0, "num_branches": 0, "num_partial_branches": 0, "covered_branches": 0, "missing_branches": 0}, "missing_lines": [96, 97, 99, 100, 119], "excluded_lines": [], "executed_branches": [], "missing_branches": []}, "_IgnoreUndefinedParameters.create_init._ignore_init": {"executed_lines": [], "summary": {"covered_lines": 0, "num_statements": 10, "percent_covered": 0.0, "percent_covered_display": "0", "missing_lines": 10, "excluded_lines": 0, "num_branches": 0, "num_partial_branches": 0, "covered_branches": 0, "missing_branches": 0}, "missing_lines": [101, 104, 106, 108, 109, 111, 113, 114, 115, 117], "excluded_lines": [], "executed_branches": [], "missing_branches": []}, "_CatchAllUndefinedParameters.handle_from_dict": {"executed_lines": [], "summary": {"covered_lines": 0, "num_statements": 19, "percent_covered": 0.0, "percent_covered_display": "0", "missing_lines": 19, "excluded_lines": 0, "num_branches": 10, "num_partial_branches": 0, "covered_branches": 0, "missing_branches": 10}, "missing_lines": [136, 138, 141, 143, 144, 146, 149, 150, 151, 152, 153, 155, 156, 157, 159, 163, 165, 167, 168], "excluded_lines": [], "executed_branches": [], "missing_branches": [[141, 143], [141, 165], [149, 150], [149, 151], [151, 152], [151, 153], [153, 155], [153, 159], [156, 157], [156, 167]]}, "_CatchAllUndefinedParameters._get_default": {"executed_lines": [], "summary": {"covered_lines": 0, "num_statements": 8, "percent_covered": 0.0, "percent_covered_display": "0", "missing_lines": 8, "excluded_lines": 0, "num_branches": 4, "num_partial_branches": 0, "covered_branches": 0, "missing_branches": 4}, "missing_lines": [177, 180, 184, 188, 189, 190, 194, 196], "excluded_lines": [], "executed_branches": [], "missing_branches": [[188, 189], [188, 190], [190, 194], [190, 196]]}, "_CatchAllUndefinedParameters.handle_to_dict": {"executed_lines": [200], "summary": {"covered_lines": 1, "num_statements": 5, "percent_covered": 14.285714285714286, "percent_covered_display": "14", "missing_lines": 4, "excluded_lines": 0, "num_branches": 2, "num_partial_branches": 0, "covered_branches": 0, "missing_branches": 2}, "missing_lines": [202, 203, 204, 206], "excluded_lines": [], "executed_branches": [], "missing_branches": [[203, 204], [203, 206]]}, "_CatchAllUndefinedParameters.handle_dump": {"executed_lines": [], "summary": {"covered_lines": 0, "num_statements": 2, "percent_covered": 0.0, "percent_covered_display": "0", "missing_lines": 2, "excluded_lines": 0, "num_branches": 0, "num_partial_branches": 0, "covered_branches": 0, "missing_branches": 0}, "missing_lines": [210, 212], "excluded_lines": [], "executed_branches": [], "missing_branches": []}, "_CatchAllUndefinedParameters.create_init": {"executed_lines": [], "summary": {"covered_lines": 0, "num_statements": 5, "percent_covered": 0.0, "percent_covered_display": "0", "missing_lines": 5, "excluded_lines": 0, "num_branches": 0, "num_partial_branches": 0, "covered_branches": 0, "missing_branches": 0}, "missing_lines": [216, 217, 219, 220, 246], "excluded_lines": [], "executed_branches": [], "missing_branches": []}, "_CatchAllUndefinedParameters.create_init._catch_all_init": {"executed_lines": [], "summary": {"covered_lines": 0, "num_statements": 14, "percent_covered": 0.0, "percent_covered_display": "0", "missing_lines": 14, "excluded_lines": 0, "num_branches": 4, "num_partial_branches": 0, "covered_branches": 0, "missing_branches": 4}, "missing_lines": [221, 224, 226, 228, 229, 231, 233, 236, 238, 239, 240, 241, 242, 244], "excluded_lines": [], "executed_branches": [], "missing_branches": [[226, 228], [226, 229], [236, -236], [236, 238]]}, "_CatchAllUndefinedParameters._get_catch_all_field": {"executed_lines": [250, 251, 252], "summary": {"covered_lines": 3, "num_statements": 9, "percent_covered": 20.0, "percent_covered_display": "20", "missing_lines": 6, "excluded_lines": 0, "num_branches": 6, "num_partial_branches": 2, "covered_branches": 0, "missing_branches": 6}, "missing_lines": [254, 255, 256, 258, 259, 263], "excluded_lines": [], "executed_branches": [[252, -248], [252, 252]], "missing_branches": [[252, -252], [252, 254], [255, 256], [255, 258], [258, 259], [258, 263]]}, "": {"executed_lines": [1, 2, 3, 4, 5, 6, 7, 8, 10, 12, 14, 15, 18, 19, 20, 21, 27, 28, 34, 35, 41, 42, 45, 46, 60, 61, 66, 67, 77, 80, 81, 87, 88, 94, 95, 122, 123, 131, 132, 134, 135, 170, 171, 198, 199, 208, 209, 214, 215, 248, 249, 266, 267, 271, 272, 273, 276, 277, 280], "summary": {"covered_lines": 54, "num_statements": 54, "percent_covered": 100.0, "percent_covered_display": "100", "missing_lines": 0, "excluded_lines": 0, "num_branches": 0, "num_partial_branches": 0, "covered_branches": 0, "missing_branches": 0}, "missing_lines": [], "excluded_lines": [], "executed_branches": [], "missing_branches": []}}, "classes": {"_UndefinedParameterAction": {"executed_lines": [51, 52, 53, 55, 57], "summary": {"covered_lines": 5, "num_statements": 9, "percent_covered": 73.33333333333333, "percent_covered_display": "73", "missing_lines": 4, "excluded_lines": 0, "num_branches": 6, "num_partial_branches": 0, "covered_branches": 6, "missing_branches": 0}, "missing_lines": [25, 32, 39, 43], "excluded_lines": [], "executed_branches": [[52, -52], [52, 52], [52, 53], [53, -53], [53, 53], [53, 55], [55, -55], [55, 55], [55, 57]], "missing_branches": []}, "_RaiseUndefinedParameters": {"executed_lines": [68, 71, 72, 74], "summary": {"covered_lines": 4, "num_statements": 4, "percent_covered": 100.0, "percent_covered_display": "100", "missing_lines": 0, "excluded_lines": 0, "num_branches": 2, "num_partial_branches": 0, "covered_branches": 2, "missing_branches": 0}, "missing_lines": [], "excluded_lines": [], "executed_branches": [[71, 72], [71, 74]], "missing_branches": []}, "_IgnoreUndefinedParameters": {"executed_lines": [89], "summary": {"covered_lines": 1, "num_statements": 17, "percent_covered": 5.882352941176471, "percent_covered_display": "6", "missing_lines": 16, "excluded_lines": 0, "num_branches": 0, "num_partial_branches": 0, "covered_branches": 0, "missing_branches": 0}, "missing_lines": [92, 96, 97, 99, 100, 101, 104, 106, 108, 109, 111, 113, 114, 115, 117, 119], "excluded_lines": [], "executed_branches": [], "missing_branches": []}, "_CatchAllUndefinedParameters": {"executed_lines": [200, 250, 251, 252], "summary": {"covered_lines": 4, "num_statements": 62, "percent_covered": 4.545454545454546, "percent_covered_display": "5", "missing_lines": 58, "excluded_lines": 0, "num_branches": 26, "num_partial_branches": 2, "covered_branches": 0, "missing_branches": 26}, "missing_lines": [136, 138, 141, 143, 144, 146, 149, 150, 151, 152, 153, 155, 156, 157, 159, 163, 165, 167, 168, 177, 180, 184, 188, 189, 190, 194, 196, 202, 203, 204, 206, 210, 212, 216, 217, 219, 220, 221, 224, 226, 228, 229, 231, 233, 236, 238, 239, 240, 241, 242, 244, 246, 254, 255, 256, 258, 259, 263], "excluded_lines": [], "executed_branches": [[252, -248], [252, 252]], "missing_branches": [[141, 143], [141, 165], [149, 150], [149, 151], [151, 152], [151, 153], [153, 155], [153, 159], [156, 157], [156, 167], [188, 189], [188, 190], [190, 194], [190, 196], [203, 204], [203, 206], [226, 228], [226, 229], [236, -236], [236, 238], [252, -252], [252, 254], [255, 256], [255, 258], [258, 259], [258, 263]]}, "_CatchAllUndefinedParameters._SentinelNoDefault": {"executed_lines": [], "summary": {"covered_lines": 0, "num_statements": 0, "percent_covered": 100.0, "percent_covered_display": "100", "missing_lines": 0, "excluded_lines": 0, "num_branches": 0, "num_partial_branches": 0, "covered_branches": 0, "missing_branches": 0}, "missing_lines": [], "excluded_lines": [], "executed_branches": [], "missing_branches": []}, "Undefined": {"executed_lines": [], "summary": {"covered_lines": 0, "num_statements": 0, "percent_covered": 100.0, "percent_covered_display": "100", "missing_lines": 0, "excluded_lines": 0, "num_branches": 0, "num_partial_branches": 0, "covered_branches": 0, "missing_branches": 0}, "missing_lines": [], "excluded_lines": [], "executed_branches": [], "missing_branches": []}, "UndefinedParameterError": {"executed_lines": [], "summary": {"covered_lines": 0, "num_statements": 0, "percent_covered": 100.0, "percent_covered_display": "100", "missing_lines": 0, "excluded_lines": 0, "num_branches": 0, "num_partial_branches": 0, "covered_branches": 0, "missing_branches": 0}, "missing_lines": [], "excluded_lines": [], "executed_branches": [], "missing_branches": []}, "": {"executed_lines": [1, 2, 3, 4, 5, 6, 7, 8, 10, 12, 14, 15, 18, 19, 20, 21, 27, 28, 34, 35, 41, 42, 45, 46, 60, 61, 66, 67, 77, 80, 81, 87, 88, 94, 95, 122, 123, 131, 132, 134, 135, 170, 171, 198, 199, 208, 209, 214, 215, 248, 249, 266, 267, 271, 272, 273, 276, 277, 280], "summary": {"covered_lines": 54, "num_statements": 54, "percent_covered": 100.0, "percent_covered_display": "100", "missing_lines": 0, "excluded_lines": 0, "num_branches": 0, "num_partial_branches": 0, "covered_branches": 0, "missing_branches": 0}, "missing_lines": [], "excluded_lines": [], "executed_branches": [], "missing_branches": []}}}, "dataclasses_json/utils.py": {"executed_lines": [1, 2, 3, 4, 5, 6, 10, 12, 28, 32, 35, 38, 39, 40, 43, 45, 52, 53, 54, 57, 58, 59, 60, 61, 68, 71, 72, 73, 75, 76, 78, 79, 81, 82, 85, 88, 90, 91, 92, 96, 97, 98, 99, 100, 101, 102, 104, 107, 108, 109, 113, 116, 117, 118, 119, 120, 125, 126, 128, 131, 132, 137, 138, 141, 142, 147, 148, 151, 152, 155, 156, 159, 160, 163, 164, 168, 169, 172, 173, 174, 175, 178, 179, 180, 181, 182, 183, 184, 192, 197, 198, 199, 200, 219], "summary": {"covered_lines": 94, "num_statements": 134, "percent_covered": 64.28571428571429, "percent_covered_display": "64", "missing_lines": 40, "excluded_lines": 0, "num_branches": 34, "num_partial_branches": 8, "covered_branches": 14, "missing_branches": 20}, "missing_lines": [13, 14, 15, 16, 17, 18, 19, 21, 23, 24, 25, 26, 29, 46, 47, 48, 49, 51, 62, 63, 64, 66, 93, 110, 111, 129, 133, 134, 186, 187, 189, 201, 202, 204, 205, 207, 208, 209, 210, 212], "excluded_lines": [], "executed_branches": [[12, 28], [45, 52], [52, 53], [52, 54], [59, -59], [59, 59], [59, 60], [59, 68], [60, 61], [90, 91], [91, 92], [98, 99], [128, 131], [180, 181], [180, 182], [180, 183], [199, 200]], "missing_branches": [[12, 13], [45, 46], [60, 62], [63, 64], [63, 66], [90, 93], [91, 93], [98, 104], [128, 129], [186, 187], [186, 189], [199, 201], [201, 202], [201, 204], [204, 205], [204, 207], [207, 208], [207, 209], [209, 210], [209, 212]], "functions": {"_get_type_cons": {"executed_lines": [12, 28], "summary": {"covered_lines": 2, "num_statements": 15, "percent_covered": 17.647058823529413, "percent_covered_display": "18", "missing_lines": 13, "excluded_lines": 0, "num_branches": 2, "num_partial_branches": 1, "covered_branches": 1, "missing_branches": 1}, "missing_lines": [13, 14, 15, 16, 17, 18, 19, 21, 23, 24, 25, 26, 29], "excluded_lines": [], "executed_branches": [[12, 28]], "missing_branches": [[12, 13]]}, "_get_type_origin": {"executed_lines": [38, 39, 40, 43, 45, 52, 53, 54], "summary": {"covered_lines": 8, "num_statements": 13, "percent_covered": 64.70588235294117, "percent_covered_display": "65", "missing_lines": 5, "excluded_lines": 0, "num_branches": 4, "num_partial_branches": 1, "covered_branches": 3, "missing_branches": 1}, "missing_lines": [46, 47, 48, 49, 51], "excluded_lines": [], "executed_branches": [[45, 52], [52, 53], [52, 54]], "missing_branches": [[45, 46]]}, "_hasargs": {"executed_lines": [58, 59, 60, 61, 68], "summary": {"covered_lines": 5, "num_statements": 9, "percent_covered": 53.333333333333336, "percent_covered_display": "53", "missing_lines": 4, "excluded_lines": 0, "num_branches": 6, "num_partial_branches": 1, "covered_branches": 3, "missing_branches": 3}, "missing_lines": [62, 63, 64, 66], "excluded_lines": [], "executed_branches": [[59, -59], [59, 59], [59, 60], [59, 68], [60, 61]], "missing_branches": [[60, 62], [63, 64], [63, 66]]}, "_NoArgs.__bool__": {"executed_lines": [73], "summary": {"covered_lines": 1, "num_statements": 1, "percent_covered": 100.0, "percent_covered_display": "100", "missing_lines": 0, "excluded_lines": 0, "num_branches": 0, "num_partial_branches": 0, "covered_branches": 0, "missing_branches": 0}, "missing_lines": [], "excluded_lines": [], "executed_branches": [], "missing_branches": []}, "_NoArgs.__len__": {"executed_lines": [76], "summary": {"covered_lines": 1, "num_statements": 1, "percent_covered": 100.0, "percent_covered_display": "100", "missing_lines": 0, "excluded_lines": 0, "num_branches": 0, "num_partial_branches": 0, "covered_branches": 0, "missing_branches": 0}, "missing_lines": [], "excluded_lines": [], "executed_branches": [], "missing_branches": []}, "_NoArgs.__iter__": {"executed_lines": [79], "summary": {"covered_lines": 1, "num_statements": 1, "percent_covered": 100.0, "percent_covered_display": "100", "missing_lines": 0, "excluded_lines": 0, "num_branches": 0, "num_partial_branches": 0, "covered_branches": 0, "missing_branches": 0}, "missing_lines": [], "excluded_lines": [], "executed_branches": [], "missing_branches": []}, "_NoArgs.__next__": {"executed_lines": [82], "summary": {"covered_lines": 1, "num_statements": 1, "percent_covered": 100.0, "percent_covered_display": "100", "missing_lines": 0, "excluded_lines": 0, "num_branches": 0, "num_partial_branches": 0, "covered_branches": 0, "missing_branches": 0}, "missing_lines": [], "excluded_lines": [], "executed_branches": [], "missing_branches": []}, "_get_type_args": {"executed_lines": [90, 91, 92], "summary": {"covered_lines": 3, "num_statements": 4, "percent_covered": 62.5, "percent_covered_display": "62", "missing_lines": 1, "excluded_lines": 0, "num_branches": 4, "num_partial_branches": 2, "covered_branches": 2, "missing_branches": 2}, "missing_lines": [93], "excluded_lines": [], "executed_branches": [[90, 91], [91, 92]], "missing_branches": [[90, 93], [91, 93]]}, "_get_type_arg_param": {"executed_lines": [97, 98, 99, 100, 101, 102, 104], "summary": {"covered_lines": 7, "num_statements": 7, "percent_covered": 88.88888888888889, "percent_covered_display": "89", "missing_lines": 0, "excluded_lines": 0, "num_branches": 2, "num_partial_branches": 1, "covered_branches": 1, "missing_branches": 1}, "missing_lines": [], "excluded_lines": [], "executed_branches": [[98, 99]], "missing_branches": [[98, 104]]}, "_isinstance_safe": {"executed_lines": [108, 109, 113], "summary": {"covered_lines": 3, "num_statements": 5, "percent_covered": 60.0, "percent_covered_display": "60", "missing_lines": 2, "excluded_lines": 0, "num_branches": 0, "num_partial_branches": 0, "covered_branches": 0, "missing_branches": 0}, "missing_lines": [110, 111], "excluded_lines": [], "executed_branches": [], "missing_branches": []}, "_issubclass_safe": {"executed_lines": [117, 118, 119, 120], "summary": {"covered_lines": 4, "num_statements": 4, "percent_covered": 100.0, "percent_covered_display": "100", "missing_lines": 0, "excluded_lines": 0, "num_branches": 0, "num_partial_branches": 0, "covered_branches": 0, "missing_branches": 0}, "missing_lines": [], "excluded_lines": [], "executed_branches": [], "missing_branches": []}, "_is_new_type_subclass_safe": {"executed_lines": [126, 128, 131, 132], "summary": {"covered_lines": 4, "num_statements": 7, "percent_covered": 55.55555555555556, "percent_covered_display": "56", "missing_lines": 3, "excluded_lines": 0, "num_branches": 2, "num_partial_branches": 1, "covered_branches": 1, "missing_branches": 1}, "missing_lines": [129, 133, 134], "excluded_lines": [], "executed_branches": [[128, 131]], "missing_branches": [[128, 129]]}, "_is_new_type": {"executed_lines": [138], "summary": {"covered_lines": 1, "num_statements": 1, "percent_covered": 100.0, "percent_covered_display": "100", "missing_lines": 0, "excluded_lines": 0, "num_branches": 0, "num_partial_branches": 0, "covered_branches": 0, "missing_branches": 0}, "missing_lines": [], "excluded_lines": [], "executed_branches": [], "missing_branches": []}, "_is_optional": {"executed_lines": [142], "summary": {"covered_lines": 1, "num_statements": 1, "percent_covered": 100.0, "percent_covered_display": "100", "missing_lines": 0, "excluded_lines": 0, "num_branches": 0, "num_partial_branches": 0, "covered_branches": 0, "missing_branches": 0}, "missing_lines": [], "excluded_lines": [], "executed_branches": [], "missing_branches": []}, "_is_counter": {"executed_lines": [148], "summary": {"covered_lines": 1, "num_statements": 1, "percent_covered": 100.0, "percent_covered_display": "100", "missing_lines": 0, "excluded_lines": 0, "num_branches": 0, "num_partial_branches": 0, "covered_branches": 0, "missing_branches": 0}, "missing_lines": [], "excluded_lines": [], "executed_branches": [], "missing_branches": []}, "_is_mapping": {"executed_lines": [152], "summary": {"covered_lines": 1, "num_statements": 1, "percent_covered": 100.0, "percent_covered_display": "100", "missing_lines": 0, "excluded_lines": 0, "num_branches": 0, "num_partial_branches": 0, "covered_branches": 0, "missing_branches": 0}, "missing_lines": [], "excluded_lines": [], "executed_branches": [], "missing_branches": []}, "_is_collection": {"executed_lines": [156], "summary": {"covered_lines": 1, "num_statements": 1, "percent_covered": 100.0, "percent_covered_display": "100", "missing_lines": 0, "excluded_lines": 0, "num_branches": 0, "num_partial_branches": 0, "covered_branches": 0, "missing_branches": 0}, "missing_lines": [], "excluded_lines": [], "executed_branches": [], "missing_branches": []}, "_is_tuple": {"executed_lines": [160], "summary": {"covered_lines": 1, "num_statements": 1, "percent_covered": 100.0, "percent_covered_display": "100", "missing_lines": 0, "excluded_lines": 0, "num_branches": 0, "num_partial_branches": 0, "covered_branches": 0, "missing_branches": 0}, "missing_lines": [], "excluded_lines": [], "executed_branches": [], "missing_branches": []}, "_is_nonstr_collection": {"executed_lines": [164], "summary": {"covered_lines": 1, "num_statements": 1, "percent_covered": 100.0, "percent_covered_display": "100", "missing_lines": 0, "excluded_lines": 0, "num_branches": 0, "num_partial_branches": 0, "covered_branches": 0, "missing_branches": 0}, "missing_lines": [], "excluded_lines": [], "executed_branches": [], "missing_branches": []}, "_is_generic_dataclass": {"executed_lines": [169], "summary": {"covered_lines": 1, "num_statements": 1, "percent_covered": 100.0, "percent_covered_display": "100", "missing_lines": 0, "excluded_lines": 0, "num_branches": 0, "num_partial_branches": 0, "covered_branches": 0, "missing_branches": 0}, "missing_lines": [], "excluded_lines": [], "executed_branches": [], "missing_branches": []}, "_timestamp_to_dt_aware": {"executed_lines": [173, 174, 175], "summary": {"covered_lines": 3, "num_statements": 3, "percent_covered": 100.0, "percent_covered_display": "100", "missing_lines": 0, "excluded_lines": 0, "num_branches": 0, "num_partial_branches": 0, "covered_branches": 0, "missing_branches": 0}, "missing_lines": [], "excluded_lines": [], "executed_branches": [], "missing_branches": []}, "_undefined_parameter_action_safe": {"executed_lines": [179, 180, 181, 182, 183, 184], "summary": {"covered_lines": 6, "num_statements": 9, "percent_covered": 61.53846153846154, "percent_covered_display": "62", "missing_lines": 3, "excluded_lines": 0, "num_branches": 4, "num_partial_branches": 0, "covered_branches": 2, "missing_branches": 2}, "missing_lines": [186, 187, 189], "excluded_lines": [], "executed_branches": [[180, 181], [180, 182], [180, 183]], "missing_branches": [[186, 187], [186, 189]]}, "_handle_undefined_parameters_safe": {"executed_lines": [197, 198, 199, 200], "summary": {"covered_lines": 4, "num_statements": 13, "percent_covered": 21.73913043478261, "percent_covered_display": "22", "missing_lines": 9, "excluded_lines": 0, "num_branches": 10, "num_partial_branches": 1, "covered_branches": 1, "missing_branches": 9}, "missing_lines": [201, 202, 204, 205, 207, 208, 209, 210, 212], "excluded_lines": [], "executed_branches": [[199, 200]], "missing_branches": [[199, 201], [201, 202], [201, 204], [204, 205], [204, 207], [207, 208], [207, 209], [209, 210], [209, 212]]}, "": {"executed_lines": [1, 2, 3, 4, 5, 6, 10, 32, 35, 57, 71, 72, 75, 78, 81, 85, 88, 96, 107, 116, 125, 137, 141, 147, 151, 155, 159, 163, 168, 172, 178, 192, 219], "summary": {"covered_lines": 33, "num_statements": 33, "percent_covered": 100.0, "percent_covered_display": "100", "missing_lines": 0, "excluded_lines": 0, "num_branches": 0, "num_partial_branches": 0, "covered_branches": 0, "missing_branches": 0}, "missing_lines": [], "excluded_lines": [], "executed_branches": [], "missing_branches": []}}, "classes": {"_NoArgs": {"executed_lines": [73, 76, 79, 82], "summary": {"covered_lines": 4, "num_statements": 4, "percent_covered": 100.0, "percent_covered_display": "100", "missing_lines": 0, "excluded_lines": 0, "num_branches": 0, "num_partial_branches": 0, "covered_branches": 0, "missing_branches": 0}, "missing_lines": [], "excluded_lines": [], "executed_branches": [], "missing_branches": []}, "": {"executed_lines": [1, 2, 3, 4, 5, 6, 10, 12, 28, 32, 35, 38, 39, 40, 43, 45, 52, 53, 54, 57, 58, 59, 60, 61, 68, 71, 72, 75, 78, 81, 85, 88, 90, 91, 92, 96, 97, 98, 99, 100, 101, 102, 104, 107, 108, 109, 113, 116, 117, 118, 119, 120, 125, 126, 128, 131, 132, 137, 138, 141, 142, 147, 148, 151, 152, 155, 156, 159, 160, 163, 164, 168, 169, 172, 173, 174, 175, 178, 179, 180, 181, 182, 183, 184, 192, 197, 198, 199, 200, 219], "summary": {"covered_lines": 90, "num_statements": 130, "percent_covered": 63.41463414634146, "percent_covered_display": "63", "missing_lines": 40, "excluded_lines": 0, "num_branches": 34, "num_partial_branches": 8, "covered_branches": 14, "missing_branches": 20}, "missing_lines": [13, 14, 15, 16, 17, 18, 19, 21, 23, 24, 25, 26, 29, 46, 47, 48, 49, 51, 62, 63, 64, 66, 93, 110, 111, 129, 133, 134, 186, 187, 189, 201, 202, 204, 205, 207, 208, 209, 210, 212], "excluded_lines": [], "executed_branches": [[12, 28], [45, 52], [52, 53], [52, 54], [59, -59], [59, 59], [59, 60], [59, 68], [60, 61], [90, 91], [91, 92], [98, 99], [128, 131], [180, 181], [180, 182], [180, 183], [199, 200]], "missing_branches": [[12, 13], [45, 46], [60, 62], [63, 64], [63, 66], [90, 93], [91, 93], [98, 104], [128, 129], [186, 187], [186, 189], [199, 201], [201, 202], [201, 204], [204, 205], [204, 207], [207, 208], [207, 209], [209, 210], [209, 212]]}}}}, "totals": {"covered_lines": 541, "num_statements": 898, "percent_covered": 54.263565891472865, "percent_covered_display": "54", "missing_lines": 357, "excluded_lines": 0, "num_branches": 392, "num_partial_branches": 61, "covered_branches": 159, "missing_branches": 233}}