{"meta": {"format": 3, "version": "7.6.1", "timestamp": "2026-03-20T21:39:02.751092", "branch_coverage": true, "show_contexts": false}, "files": {"dataclasses_json/__init__.py": {"executed_lines": [2, 4, 6, 8, 10], "summary": {"covered_lines": 5, "num_statements": 5, "percent_covered": 100.0, "percent_covered_display": "100", "missing_lines": 0, "excluded_lines": 0, "num_branches": 0, "num_partial_branches": 0, "covered_branches": 0, "missing_branches": 0}, "missing_lines": [], "excluded_lines": [], "executed_branches": [], "missing_branches": [], "functions": {"": {"executed_lines": [2, 4, 6, 8, 10], "summary": {"covered_lines": 5, "num_statements": 5, "percent_covered": 100.0, "percent_covered_display": "100", "missing_lines": 0, "excluded_lines": 0, "num_branches": 0, "num_partial_branches": 0, "covered_branches": 0, "missing_branches": 0}, "missing_lines": [], "excluded_lines": [], "executed_branches": [], "missing_branches": []}}, "classes": {"": {"executed_lines": [2, 4, 6, 8, 10], "summary": {"covered_lines": 5, "num_statements": 5, "percent_covered": 100.0, "percent_covered_display": "100", "missing_lines": 0, "excluded_lines": 0, "num_branches": 0, "num_partial_branches": 0, "covered_branches": 0, "missing_branches": 0}, "missing_lines": [], "excluded_lines": [], "executed_branches": [], "missing_branches": []}}}, "dataclasses_json/__version__.py": {"executed_lines": [1, 6], "summary": {"covered_lines": 1, "num_statements": 1, "percent_covered": 100.0, "percent_covered_display": "100", "missing_lines": 0, "excluded_lines": 0, "num_branches": 0, "num_partial_branches": 0, "covered_branches": 0, "missing_branches": 0}, "missing_lines": [], "excluded_lines": [], "executed_branches": [], "missing_branches": [], "functions": {"": {"executed_lines": [1, 6], "summary": {"covered_lines": 1, "num_statements": 1, "percent_covered": 100.0, "percent_covered_display": "100", "missing_lines": 0, "excluded_lines": 0, "num_branches": 0, "num_partial_branches": 0, "covered_branches": 0, "missing_branches": 0}, "missing_lines": [], "excluded_lines": [], "executed_branches": [], "missing_branches": []}}, "classes": {"": {"executed_lines": [1, 6], "summary": {"covered_lines": 1, "num_statements": 1, "percent_covered": 100.0, "percent_covered_display": "100", "missing_lines": 0, "excluded_lines": 0, "num_branches": 0, "num_partial_branches": 0, "covered_branches": 0, "missing_branches": 0}, "missing_lines": [], "excluded_lines": [], "executed_branches": [], "missing_branches": []}}}, "dataclasses_json/api.py": {"executed_lines": [1, 2, 3, 5, 6, 8, 9, 10, 13, 14, 15, 18, 19, 24, 26, 37, 49, 50, 65, 66, 72, 73, 75, 76, 105, 106, 110, 111, 115, 127, 128, 130, 132, 135, 137, 141, 144, 145, 146, 147, 149, 152, 153], "summary": {"covered_lines": 42, "num_statements": 53, "percent_covered": 70.76923076923077, "percent_covered_display": "71", "missing_lines": 11, "excluded_lines": 0, "num_branches": 12, "num_partial_branches": 4, "covered_branches": 4, "missing_branches": 8}, "missing_lines": [58, 63, 70, 87, 89, 90, 91, 93, 95, 131, 138], "excluded_lines": [], "executed_branches": [[106, 106], [106, 110], [111, 111], [111, 115], [130, 132], [137, 141]], "missing_branches": [[89, 90], [89, 95], [91, 93], [91, 95], [106, -105], [111, -110], [130, 131], [137, 138]], "functions": {"DataClassJsonMixin.to_json": {"executed_lines": [37], "summary": {"covered_lines": 1, "num_statements": 1, "percent_covered": 100.0, "percent_covered_display": "100", "missing_lines": 0, "excluded_lines": 0, "num_branches": 0, "num_partial_branches": 0, "covered_branches": 0, "missing_branches": 0}, "missing_lines": [], "excluded_lines": [], "executed_branches": [], "missing_branches": []}, "DataClassJsonMixin.from_json": {"executed_lines": [], "summary": {"covered_lines": 0, "num_statements": 2, "percent_covered": 0.0, "percent_covered_display": "0", "missing_lines": 2, "excluded_lines": 0, "num_branches": 0, "num_partial_branches": 0, "covered_branches": 0, "missing_branches": 0}, "missing_lines": [58, 63], "excluded_lines": [], "executed_branches": [], "missing_branches": []}, "DataClassJsonMixin.from_dict": {"executed_lines": [], "summary": {"covered_lines": 0, "num_statements": 1, "percent_covered": 0.0, "percent_covered_display": "0", "missing_lines": 1, "excluded_lines": 0, "num_branches": 0, "num_partial_branches": 0, "covered_branches": 0, "missing_branches": 0}, "missing_lines": [70], "excluded_lines": [], "executed_branches": [], "missing_branches": []}, "DataClassJsonMixin.to_dict": {"executed_lines": [73], "summary": {"covered_lines": 1, "num_statements": 1, "percent_covered": 100.0, "percent_covered_display": "100", "missing_lines": 0, "excluded_lines": 0, "num_branches": 0, "num_partial_branches": 0, "covered_branches": 0, "missing_branches": 0}, "missing_lines": [], "excluded_lines": [], "executed_branches": [], "missing_branches": []}, "DataClassJsonMixin.schema": {"executed_lines": [], "summary": {"covered_lines": 0, "num_statements": 6, "percent_covered": 0.0, "percent_covered_display": "0", "missing_lines": 6, "excluded_lines": 0, "num_branches": 4, "num_partial_branches": 0, "covered_branches": 0, "missing_branches": 4}, "missing_lines": [87, 89, 90, 91, 93, 95], "excluded_lines": [], "executed_branches": [], "missing_branches": [[89, 90], [89, 95], [91, 93], [91, 95]]}, "dataclass_json": {"executed_lines": [127, 130, 132], "summary": {"covered_lines": 3, "num_statements": 4, "percent_covered": 66.66666666666667, "percent_covered_display": "67", "missing_lines": 1, "excluded_lines": 0, "num_branches": 2, "num_partial_branches": 1, "covered_branches": 1, "missing_branches": 1}, "missing_lines": [131], "excluded_lines": [], "executed_branches": [[130, 132]], "missing_branches": [[130, 131]]}, "dataclass_json.wrap": {"executed_lines": [128], "summary": {"covered_lines": 1, "num_statements": 1, "percent_covered": 100.0, "percent_covered_display": "100", "missing_lines": 0, "excluded_lines": 0, "num_branches": 0, "num_partial_branches": 0, "covered_branches": 0, "missing_branches": 0}, "missing_lines": [], "excluded_lines": [], "executed_branches": [], "missing_branches": []}, "_process_class": {"executed_lines": [137, 141, 144, 145, 146, 147, 149, 152, 153], "summary": {"covered_lines": 9, "num_statements": 10, "percent_covered": 83.33333333333333, "percent_covered_display": "83", "missing_lines": 1, "excluded_lines": 0, "num_branches": 2, "num_partial_branches": 1, "covered_branches": 1, "missing_branches": 1}, "missing_lines": [138], "excluded_lines": [], "executed_branches": [[137, 141]], "missing_branches": [[137, 138]]}, "": {"executed_lines": [1, 2, 3, 5, 6, 8, 9, 10, 13, 14, 15, 18, 19, 24, 26, 49, 50, 65, 66, 72, 75, 76, 105, 106, 110, 111, 115, 135], "summary": {"covered_lines": 27, "num_statements": 27, "percent_covered": 93.54838709677419, "percent_covered_display": "94", "missing_lines": 0, "excluded_lines": 0, "num_branches": 4, "num_partial_branches": 2, "covered_branches": 2, "missing_branches": 2}, "missing_lines": [], "excluded_lines": [], "executed_branches": [[106, 106], [106, 110], [111, 111], [111, 115]], "missing_branches": [[106, -105], [111, -110]]}}, "classes": {"DataClassJsonMixin": {"executed_lines": [37, 73], "summary": {"covered_lines": 2, "num_statements": 11, "percent_covered": 13.333333333333334, "percent_covered_display": "13", "missing_lines": 9, "excluded_lines": 0, "num_branches": 4, "num_partial_branches": 0, "covered_branches": 0, "missing_branches": 4}, "missing_lines": [58, 63, 70, 87, 89, 90, 91, 93, 95], "excluded_lines": [], "executed_branches": [], "missing_branches": [[89, 90], [89, 95], [91, 93], [91, 95]]}, "": {"executed_lines": [1, 2, 3, 5, 6, 8, 9, 10, 13, 14, 15, 18, 19, 24, 26, 49, 50, 65, 66, 72, 75, 76, 105, 106, 110, 111, 115, 127, 128, 130, 132, 135, 137, 141, 144, 145, 146, 147, 149, 152, 153], "summary": {"covered_lines": 40, "num_statements": 42, "percent_covered": 88.0, "percent_covered_display": "88", "missing_lines": 2, "excluded_lines": 0, "num_branches": 8, "num_partial_branches": 4, "covered_branches": 4, "missing_branches": 4}, "missing_lines": [131, 138], "excluded_lines": [], "executed_branches": [[106, 106], [106, 110], [111, 111], [111, 115], [130, 132], [137, 141]], "missing_branches": [[106, -105], [111, -110], [130, 131], [137, 138]]}}}, "dataclasses_json/cfg.py": {"executed_lines": [1, 2, 3, 5, 7, 9, 11, 14, 15, 19, 20, 24, 26, 27, 28, 29, 47, 50, 51, 52, 53, 54, 57, 68, 71, 73, 76, 79, 82, 92, 95, 97, 98, 99, 100], "summary": {"covered_lines": 34, "num_statements": 51, "percent_covered": 59.49367088607595, "percent_covered_display": "59", "missing_lines": 17, "excluded_lines": 0, "num_branches": 28, "num_partial_branches": 11, "covered_branches": 13, "missing_branches": 15}, "missing_lines": [69, 74, 77, 80, 83, 84, 85, 86, 88, 89, 90, 93, 103, 105, 107, 108, 110], "excluded_lines": [], "executed_branches": [[19, 20], [20, -14], [68, 71], [73, 76], [76, 79], [79, 82], [82, 92], [92, 95], [95, 97], [97, 98], [98, 99], [99, -99], [99, 99], [99, 100]], "missing_branches": [[19, -19], [20, -20], [68, 69], [73, 74], [76, 77], [79, 80], [82, 83], [83, 84], [83, 88], [92, 93], [95, 107], [97, 105], [98, 103], [107, 108], [107, 110]], "functions": {"_GlobalConfig.__init__": {"executed_lines": [27, 28, 29], "summary": {"covered_lines": 3, "num_statements": 3, "percent_covered": 100.0, "percent_covered_display": "100", "missing_lines": 0, "excluded_lines": 0, "num_branches": 0, "num_partial_branches": 0, "covered_branches": 0, "missing_branches": 0}, "missing_lines": [], "excluded_lines": [], "executed_branches": [], "missing_branches": []}, "config": {"executed_lines": [68, 71, 73, 76, 79, 82, 92, 95, 97, 98, 99, 100], "summary": {"covered_lines": 12, "num_statements": 28, "percent_covered": 44.23076923076923, "percent_covered_display": "44", "missing_lines": 16, "excluded_lines": 0, "num_branches": 24, "num_partial_branches": 9, "covered_branches": 11, "missing_branches": 13}, "missing_lines": [69, 74, 77, 80, 83, 84, 85, 88, 89, 90, 93, 103, 105, 107, 108, 110], "excluded_lines": [], "executed_branches": [[68, 71], [73, 76], [76, 79], [79, 82], [82, 92], [92, 95], [95, 97], [97, 98], [98, 99], [99, -99], [99, 99], [99, 100]], "missing_branches": [[68, 69], [73, 74], [76, 77], [79, 80], [82, 83], [83, 84], [83, 88], [92, 93], [95, 107], [97, 105], [98, 103], [107, 108], [107, 110]]}, "config.override": {"executed_lines": [], "summary": {"covered_lines": 0, "num_statements": 1, "percent_covered": 0.0, "percent_covered_display": "0", "missing_lines": 1, "excluded_lines": 0, "num_branches": 0, "num_partial_branches": 0, "covered_branches": 0, "missing_branches": 0}, "missing_lines": [86], "excluded_lines": [], "executed_branches": [], "missing_branches": []}, "": {"executed_lines": [1, 2, 3, 5, 7, 9, 11, 14, 15, 19, 20, 24, 26, 47, 50, 51, 52, 53, 54, 57], "summary": {"covered_lines": 19, "num_statements": 19, "percent_covered": 91.30434782608695, "percent_covered_display": "91", "missing_lines": 0, "excluded_lines": 0, "num_branches": 4, "num_partial_branches": 2, "covered_branches": 2, "missing_branches": 2}, "missing_lines": [], "excluded_lines": [], "executed_branches": [[19, 20], [20, -14]], "missing_branches": [[19, -19], [20, -20]]}}, "classes": {"Exclude": {"executed_lines": [], "summary": {"covered_lines": 0, "num_statements": 0, "percent_covered": 100.0, "percent_covered_display": "100", "missing_lines": 0, "excluded_lines": 0, "num_branches": 0, "num_partial_branches": 0, "covered_branches": 0, "missing_branches": 0}, "missing_lines": [], "excluded_lines": [], "executed_branches": [], "missing_branches": []}, "_GlobalConfig": {"executed_lines": [27, 28, 29], "summary": {"covered_lines": 3, "num_statements": 3, "percent_covered": 100.0, "percent_covered_display": "100", "missing_lines": 0, "excluded_lines": 0, "num_branches": 0, "num_partial_branches": 0, "covered_branches": 0, "missing_branches": 0}, "missing_lines": [], "excluded_lines": [], "executed_branches": [], "missing_branches": []}, "LetterCase": {"executed_lines": [], "summary": {"covered_lines": 0, "num_statements": 0, "percent_covered": 100.0, "percent_covered_display": "100", "missing_lines": 0, "excluded_lines": 0, "num_branches": 0, "num_partial_branches": 0, "covered_branches": 0, "missing_branches": 0}, "missing_lines": [], "excluded_lines": [], "executed_branches": [], "missing_branches": []}, "": {"executed_lines": [1, 2, 3, 5, 7, 9, 11, 14, 15, 19, 20, 24, 26, 47, 50, 51, 52, 53, 54, 57, 68, 71, 73, 76, 79, 82, 92, 95, 97, 98, 99, 100], "summary": {"covered_lines": 31, "num_statements": 48, "percent_covered": 57.89473684210526, "percent_covered_display": "58", "missing_lines": 17, "excluded_lines": 0, "num_branches": 28, "num_partial_branches": 11, "covered_branches": 13, "missing_branches": 15}, "missing_lines": [69, 74, 77, 80, 83, 84, 85, 86, 88, 89, 90, 93, 103, 105, 107, 108, 110], "excluded_lines": [], "executed_branches": [[19, 20], [20, -14], [68, 71], [73, 76], [76, 79], [79, 82], [82, 92], [92, 95], [95, 97], [97, 98], [98, 99], [99, -99], [99, 99], [99, 100]], "missing_branches": [[19, -19], [20, -20], [68, 69], [73, 74], [76, 77], [79, 80], [82, 83], [83, 84], [83, 88], [92, 93], [95, 107], [97, 105], [98, 103], [107, 108], [107, 110]]}}}, "dataclasses_json/core.py": {"executed_lines": [1, 2, 3, 4, 5, 6, 8, 12, 13, 14, 15, 16, 18, 20, 22, 23, 33, 35, 36, 37, 48, 49, 51, 56, 58, 60, 62, 65, 69, 70, 71, 72, 106, 107, 108, 109, 117, 118, 119, 120, 121, 124, 126, 127, 128, 129, 135, 136, 138, 140, 141, 144, 146, 147, 153, 156, 157, 159, 243, 253, 254, 258, 261, 262, 263, 264, 267, 268, 271, 272, 277, 280, 281, 283, 284, 285, 286, 290, 291, 293, 298, 319, 320, 321, 349, 376, 413, 425, 430, 431, 432, 462, 466, 467, 470, 474, 475], "summary": {"covered_lines": 97, "num_statements": 278, "percent_covered": 28.31858407079646, "percent_covered_display": "28", "missing_lines": 181, "excluded_lines": 0, "num_branches": 174, "num_partial_branches": 21, "covered_branches": 31, "missing_branches": 143}, "missing_lines": [52, 53, 55, 57, 59, 61, 63, 66, 73, 74, 75, 76, 77, 78, 79, 80, 81, 82, 84, 85, 87, 88, 89, 91, 92, 93, 94, 95, 96, 97, 99, 101, 102, 103, 110, 111, 113, 114, 125, 130, 139, 148, 149, 150, 151, 152, 158, 160, 161, 162, 163, 164, 166, 167, 168, 169, 170, 171, 172, 175, 177, 178, 179, 182, 183, 185, 186, 187, 188, 189, 193, 194, 201, 204, 205, 207, 208, 209, 211, 213, 216, 217, 219, 221, 226, 227, 229, 231, 232, 233, 237, 240, 244, 245, 246, 247, 248, 249, 250, 259, 276, 282, 292, 296, 299, 300, 303, 304, 305, 306, 307, 308, 309, 311, 312, 313, 315, 317, 318, 323, 324, 326, 327, 328, 329, 331, 332, 333, 334, 335, 336, 337, 338, 339, 340, 341, 342, 346, 354, 361, 362, 369, 370, 371, 373, 386, 387, 388, 389, 390, 392, 394, 396, 399, 400, 402, 403, 404, 406, 410, 416, 417, 418, 419, 422, 433, 434, 435, 437, 441, 443, 445, 447, 448, 452, 453, 456, 457, 459, 463, 471], "excluded_lines": [], "executed_branches": [[51, 56], [56, 58], [58, 60], [60, 62], [62, 65], [107, 108], [108, 109], [109, -109], [109, -106], [119, 120], [119, 141], [120, 121], [124, 126], [129, 135], [138, 140], [147, 153], [157, 159], [254, 258], [254, 263], [258, 261], [263, 264], [263, 267], [267, 268], [267, 271], [271, 272], [281, 283], [291, 293], [293, 298], [298, 319], [319, 320], [430, 431]], "missing_branches": [[51, 52], [52, 53], [52, 55], [56, 57], [58, 59], [60, 61], [62, 63], [74, 75], [74, 81], [75, 76], [75, 77], [77, 78], [77, 79], [79, 74], [79, 80], [88, 89], [88, 103], [92, 93], [92, 94], [94, 95], [94, 96], [96, 97], [96, 99], [107, 114], [108, 110], [110, 111], [110, 113], [111, -111], [111, -106], [120, 138], [124, 125], [129, 130], [138, 139], [147, 148], [149, 147], [149, 150], [151, 147], [151, 152], [157, 158], [161, -161], [161, 162], [163, -163], [163, 164], [164, -164], [164, 166], [166, 167], [166, 175], [167, 168], [167, 169], [169, 170], [169, 171], [171, 166], [171, 172], [179, 182], [179, 240], [182, 183], [182, 185], [187, 188], [187, 207], [188, 189], [188, 204], [193, 194], [193, 201], [208, 209], [208, 211], [213, 216], [213, 221], [216, 217], [216, 219], [221, 226], [221, 232], [226, 227], [226, 229], [232, 233], [232, 237], [244, 245], [244, 246], [246, 247], [246, 248], [248, 249], [248, 250], [258, 259], [271, 276], [281, 282], [291, 292], [293, 296], [298, 299], [299, 300], [299, 306], [306, 307], [306, 312], [308, 309], [308, 311], [312, 313], [312, 315], [319, 323], [324, 326], [324, 327], [327, 328], [327, 331], [333, 334], [333, 346], [334, 335], [334, 341], [335, 334], [335, 336], [341, 342], [341, 346], [361, 362], [361, 369], [362, -362], [362, 373], [369, 370], [369, 373], [387, 388], [387, 394], [388, 387], [388, 389], [399, 400], [399, 402], [402, 403], [402, 410], [403, 404], [403, 406], [404, -404], [404, -376], [410, -410], [410, -376], [430, 447], [433, 434], [433, 443], [434, 435], [434, 437], [447, 448], [447, 452], [448, -448], [448, -425], [452, 453], [452, 456], [453, -453], [453, -425], [456, 457], [456, 459]], "functions": {"_ExtendedEncoder.default": {"executed_lines": [51, 56, 58, 60, 62, 65], "summary": {"covered_lines": 6, "num_statements": 14, "percent_covered": 42.30769230769231, "percent_covered_display": "42", "missing_lines": 8, "excluded_lines": 0, "num_branches": 12, "num_partial_branches": 5, "covered_branches": 5, "missing_branches": 7}, "missing_lines": [52, 53, 55, 57, 59, 61, 63, 66], "excluded_lines": [], "executed_branches": [[51, 56], [56, 58], [58, 60], [60, 62], [62, 65]], "missing_branches": [[51, 52], [52, 53], [52, 55], [56, 57], [58, 59], [60, 61], [62, 63]]}, "_user_overrides_or_exts": {"executed_lines": [70, 71, 72], "summary": {"covered_lines": 3, "num_statements": 29, "percent_covered": 6.666666666666667, "percent_covered_display": "7", "missing_lines": 26, "excluded_lines": 0, "num_branches": 16, "num_partial_branches": 0, "covered_branches": 0, "missing_branches": 16}, "missing_lines": [73, 74, 75, 76, 77, 78, 79, 80, 81, 82, 84, 85, 87, 88, 89, 91, 92, 93, 94, 95, 96, 97, 99, 101, 102, 103], "excluded_lines": [], "executed_branches": [], "missing_branches": [[74, 75], [74, 81], [75, 76], [75, 77], [77, 78], [77, 79], [79, 74], [79, 80], [88, 89], [88, 103], [92, 93], [92, 94], [94, 95], [94, 96], [96, 97], [96, 99]]}, "_encode_json_type": {"executed_lines": [107, 108, 109], "summary": {"covered_lines": 3, "num_statements": 7, "percent_covered": 41.1764705882353, "percent_covered_display": "41", "missing_lines": 4, "excluded_lines": 0, "num_branches": 10, "num_partial_branches": 2, "covered_branches": 4, "missing_branches": 6}, "missing_lines": [110, 111, 113, 114], "excluded_lines": [], "executed_branches": [[107, 108], [108, 109], [109, -109], [109, -106]], "missing_branches": [[107, 114], [108, 110], [110, 111], [110, 113], [111, -111], [111, -106]]}, "_encode_overrides": {"executed_lines": [118, 119, 120, 121, 124, 126, 127, 128, 129, 135, 136, 138, 140, 141], "summary": {"covered_lines": 14, "num_statements": 17, "percent_covered": 74.07407407407408, "percent_covered_display": "74", "missing_lines": 3, "excluded_lines": 0, "num_branches": 10, "num_partial_branches": 4, "covered_branches": 6, "missing_branches": 4}, "missing_lines": [125, 130, 139], "excluded_lines": [], "executed_branches": [[119, 120], [119, 141], [120, 121], [124, 126], [129, 135], [138, 140]], "missing_branches": [[120, 138], [124, 125], [129, 130], [138, 139]]}, "_decode_letter_case_overrides": {"executed_lines": [146, 147, 153], "summary": {"covered_lines": 3, "num_statements": 8, "percent_covered": 28.571428571428573, "percent_covered_display": "29", "missing_lines": 5, "excluded_lines": 0, "num_branches": 6, "num_partial_branches": 1, "covered_branches": 1, "missing_branches": 5}, "missing_lines": [148, 149, 150, 151, 152], "excluded_lines": [], "executed_branches": [[147, 153]], "missing_branches": [[147, 148], [149, 147], [149, 150], [151, 147], [151, 152]]}, "_decode_dataclass": {"executed_lines": [157, 159], "summary": {"covered_lines": 2, "num_statements": 48, "percent_covered": 3.488372093023256, "percent_covered_display": "3", "missing_lines": 46, "excluded_lines": 0, "num_branches": 38, "num_partial_branches": 1, "covered_branches": 1, "missing_branches": 37}, "missing_lines": [158, 160, 161, 162, 163, 164, 166, 167, 168, 169, 170, 171, 172, 175, 177, 178, 179, 182, 183, 185, 186, 187, 188, 189, 193, 194, 201, 204, 205, 207, 208, 209, 211, 213, 216, 217, 219, 221, 226, 227, 229, 231, 232, 233, 237, 240], "excluded_lines": [], "executed_branches": [[157, 159]], "missing_branches": [[157, 158], [161, -161], [161, 162], [163, -163], [163, 164], [164, -164], [164, 166], [166, 167], [166, 175], [167, 168], [167, 169], [169, 170], [169, 171], [171, 166], [171, 172], [179, 182], [179, 240], [182, 183], [182, 185], [187, 188], [187, 207], [188, 189], [188, 204], [193, 194], [193, 201], [208, 209], [208, 211], [213, 216], [213, 221], [216, 217], [216, 219], [221, 226], [221, 232], [226, 227], [226, 229], [232, 233], [232, 237]]}, "_decode_type": {"executed_lines": [], "summary": {"covered_lines": 0, "num_statements": 7, "percent_covered": 0.0, "percent_covered_display": "0", "missing_lines": 7, "excluded_lines": 0, "num_branches": 6, "num_partial_branches": 0, "covered_branches": 0, "missing_branches": 6}, "missing_lines": [244, 245, 246, 247, 248, 249, 250], "excluded_lines": [], "executed_branches": [], "missing_branches": [[244, 245], [244, 246], [246, 247], [246, 248], [248, 249], [248, 250]]}, "_support_extended_types": {"executed_lines": [254, 258, 261, 262, 263, 264, 267, 268, 271, 272, 277], "summary": {"covered_lines": 11, "num_statements": 13, "percent_covered": 82.6086956521739, "percent_covered_display": "83", "missing_lines": 2, "excluded_lines": 0, "num_branches": 10, "num_partial_branches": 2, "covered_branches": 8, "missing_branches": 2}, "missing_lines": [259, 276], "excluded_lines": [], "executed_branches": [[254, 258], [254, 263], [258, 261], [263, 264], [263, 267], [267, 268], [267, 271], [271, 272]], "missing_branches": [[258, 259], [271, 276]]}, "_is_supported_generic": {"executed_lines": [281, 283, 284, 285, 286], "summary": {"covered_lines": 5, "num_statements": 6, "percent_covered": 75.0, "percent_covered_display": "75", "missing_lines": 1, "excluded_lines": 0, "num_branches": 2, "num_partial_branches": 1, "covered_branches": 1, "missing_branches": 1}, "missing_lines": [282], "excluded_lines": [], "executed_branches": [[281, 283]], "missing_branches": [[281, 282]]}, "_decode_generic": {"executed_lines": [291, 293, 298, 319, 320, 321], "summary": {"covered_lines": 6, "num_statements": 42, "percent_covered": 14.285714285714286, "percent_covered_display": "14", "missing_lines": 36, "excluded_lines": 0, "num_branches": 28, "num_partial_branches": 4, "covered_branches": 4, "missing_branches": 24}, "missing_lines": [292, 296, 299, 300, 303, 304, 305, 306, 307, 308, 309, 311, 312, 313, 315, 317, 318, 323, 324, 326, 327, 328, 329, 331, 332, 333, 334, 335, 336, 337, 338, 339, 340, 341, 342, 346], "excluded_lines": [], "executed_branches": [[291, 293], [293, 298], [298, 319], [319, 320]], "missing_branches": [[291, 292], [293, 296], [298, 299], [299, 300], [299, 306], [306, 307], [306, 312], [308, 309], [308, 311], [312, 313], [312, 315], [319, 323], [324, 326], [324, 327], [327, 328], [327, 331], [333, 334], [333, 346], [334, 335], [334, 341], [335, 334], [335, 336], [341, 342], [341, 346]]}, "_decode_dict_keys": {"executed_lines": [], "summary": {"covered_lines": 0, "num_statements": 7, "percent_covered": 0.0, "percent_covered_display": "0", "missing_lines": 7, "excluded_lines": 0, "num_branches": 6, "num_partial_branches": 0, "covered_branches": 0, "missing_branches": 6}, "missing_lines": [354, 361, 362, 369, 370, 371, 373], "excluded_lines": [], "executed_branches": [], "missing_branches": [[361, 362], [361, 369], [362, -362], [362, 373], [369, 370], [369, 373]]}, "_decode_items": {"executed_lines": [], "summary": {"covered_lines": 0, "num_statements": 8, "percent_covered": 0.0, "percent_covered_display": "0", "missing_lines": 8, "excluded_lines": 0, "num_branches": 10, "num_partial_branches": 0, "covered_branches": 0, "missing_branches": 10}, "missing_lines": [386, 399, 400, 402, 403, 404, 406, 410], "excluded_lines": [], "executed_branches": [], "missing_branches": [[399, 400], [399, 402], [402, 403], [402, 410], [403, 404], [403, 406], [404, -404], [404, -376], [410, -410], [410, -376]]}, "_decode_items.handle_pep0673": {"executed_lines": [], "summary": {"covered_lines": 0, "num_statements": 7, "percent_covered": 0.0, "percent_covered_display": "0", "missing_lines": 7, "excluded_lines": 0, "num_branches": 4, "num_partial_branches": 0, "covered_branches": 0, "missing_branches": 4}, "missing_lines": [387, 388, 389, 390, 392, 394, 396], "excluded_lines": [], "executed_branches": [], "missing_branches": [[387, 388], [387, 394], [388, 387], [388, 389]]}, "_resolve_collection_type_to_decode_to": {"executed_lines": [], "summary": {"covered_lines": 0, "num_statements": 5, "percent_covered": 0.0, "percent_covered_display": "0", "missing_lines": 5, "excluded_lines": 0, "num_branches": 0, "num_partial_branches": 0, "covered_branches": 0, "missing_branches": 0}, "missing_lines": [416, 417, 418, 419, 422], "excluded_lines": [], "executed_branches": [], "missing_branches": []}, "_asdict": {"executed_lines": [430, 431, 432], "summary": {"covered_lines": 3, "num_statements": 17, "percent_covered": 12.121212121212121, "percent_covered_display": "12", "missing_lines": 14, "excluded_lines": 0, "num_branches": 16, "num_partial_branches": 1, "covered_branches": 1, "missing_branches": 15}, "missing_lines": [433, 434, 435, 437, 441, 443, 445, 447, 448, 452, 453, 456, 457, 459], "excluded_lines": [], "executed_branches": [[430, 431]], "missing_branches": [[430, 447], [433, 434], [433, 443], [434, 435], [434, 437], [447, 448], [447, 452], [448, -448], [448, -425], [452, 453], [452, 456], [453, -453], [453, -425], [456, 457], [456, 459]]}, "_has_decoder_in_global_config": {"executed_lines": [], "summary": {"covered_lines": 0, "num_statements": 1, "percent_covered": 0.0, "percent_covered_display": "0", "missing_lines": 1, "excluded_lines": 0, "num_branches": 0, "num_partial_branches": 0, "covered_branches": 0, "missing_branches": 0}, "missing_lines": [463], "excluded_lines": [], "executed_branches": [], "missing_branches": []}, "_get_decoder_in_global_config": {"executed_lines": [467], "summary": {"covered_lines": 1, "num_statements": 1, "percent_covered": 100.0, "percent_covered_display": "100", "missing_lines": 0, "excluded_lines": 0, "num_branches": 0, "num_partial_branches": 0, "covered_branches": 0, "missing_branches": 0}, "missing_lines": [], "excluded_lines": [], "executed_branches": [], "missing_branches": []}, "_has_encoder_in_global_config": {"executed_lines": [], "summary": {"covered_lines": 0, "num_statements": 1, "percent_covered": 0.0, "percent_covered_display": "0", "missing_lines": 1, "excluded_lines": 0, "num_branches": 0, "num_partial_branches": 0, "covered_branches": 0, "missing_branches": 0}, "missing_lines": [471], "excluded_lines": [], "executed_branches": [], "missing_branches": []}, "_get_encoder_in_global_config": {"executed_lines": [475], "summary": {"covered_lines": 1, "num_statements": 1, "percent_covered": 100.0, "percent_covered_display": "100", "missing_lines": 0, "excluded_lines": 0, "num_branches": 0, "num_partial_branches": 0, "covered_branches": 0, "missing_branches": 0}, "missing_lines": [], "excluded_lines": [], "executed_branches": [], "missing_branches": []}, "": {"executed_lines": [1, 2, 3, 4, 5, 6, 8, 12, 13, 14, 15, 16, 18, 20, 22, 23, 33, 35, 36, 37, 48, 49, 69, 106, 117, 144, 156, 243, 253, 280, 290, 349, 376, 413, 425, 462, 466, 470, 474], "summary": {"covered_lines": 39, "num_statements": 39, "percent_covered": 100.0, "percent_covered_display": "100", "missing_lines": 0, "excluded_lines": 0, "num_branches": 0, "num_partial_branches": 0, "covered_branches": 0, "missing_branches": 0}, "missing_lines": [], "excluded_lines": [], "executed_branches": [], "missing_branches": []}}, "classes": {"_ExtendedEncoder": {"executed_lines": [51, 56, 58, 60, 62, 65], "summary": {"covered_lines": 6, "num_statements": 14, "percent_covered": 42.30769230769231, "percent_covered_display": "42", "missing_lines": 8, "excluded_lines": 0, "num_branches": 12, "num_partial_branches": 5, "covered_branches": 5, "missing_branches": 7}, "missing_lines": [52, 53, 55, 57, 59, 61, 63, 66], "excluded_lines": [], "executed_branches": [[51, 56], [56, 58], [58, 60], [60, 62], [62, 65]], "missing_branches": [[51, 52], [52, 53], [52, 55], [56, 57], [58, 59], [60, 61], [62, 63]]}, "": {"executed_lines": [1, 2, 3, 4, 5, 6, 8, 12, 13, 14, 15, 16, 18, 20, 22, 23, 33, 35, 36, 37, 48, 49, 69, 70, 71, 72, 106, 107, 108, 109, 117, 118, 119, 120, 121, 124, 126, 127, 128, 129, 135, 136, 138, 140, 141, 144, 146, 147, 153, 156, 157, 159, 243, 253, 254, 258, 261, 262, 263, 264, 267, 268, 271, 272, 277, 280, 281, 283, 284, 285, 286, 290, 291, 293, 298, 319, 320, 321, 349, 376, 413, 425, 430, 431, 432, 462, 466, 467, 470, 474, 475], "summary": {"covered_lines": 91, "num_statements": 264, "percent_covered": 27.464788732394368, "percent_covered_display": "27", "missing_lines": 173, "excluded_lines": 0, "num_branches": 162, "num_partial_branches": 16, "covered_branches": 26, "missing_branches": 136}, "missing_lines": [73, 74, 75, 76, 77, 78, 79, 80, 81, 82, 84, 85, 87, 88, 89, 91, 92, 93, 94, 95, 96, 97, 99, 101, 102, 103, 110, 111, 113, 114, 125, 130, 139, 148, 149, 150, 151, 152, 158, 160, 161, 162, 163, 164, 166, 167, 168, 169, 170, 171, 172, 175, 177, 178, 179, 182, 183, 185, 186, 187, 188, 189, 193, 194, 201, 204, 205, 207, 208, 209, 211, 213, 216, 217, 219, 221, 226, 227, 229, 231, 232, 233, 237, 240, 244, 245, 246, 247, 248, 249, 250, 259, 276, 282, 292, 296, 299, 300, 303, 304, 305, 306, 307, 308, 309, 311, 312, 313, 315, 317, 318, 323, 324, 326, 327, 328, 329, 331, 332, 333, 334, 335, 336, 337, 338, 339, 340, 341, 342, 346, 354, 361, 362, 369, 370, 371, 373, 386, 387, 388, 389, 390, 392, 394, 396, 399, 400, 402, 403, 404, 406, 410, 416, 417, 418, 419, 422, 433, 434, 435, 437, 441, 443, 445, 447, 448, 452, 453, 456, 457, 459, 463, 471], "excluded_lines": [], "executed_branches": [[107, 108], [108, 109], [109, -109], [109, -106], [119, 120], [119, 141], [120, 121], [124, 126], [129, 135], [138, 140], [147, 153], [157, 159], [254, 258], [254, 263], [258, 261], [263, 264], [263, 267], [267, 268], [267, 271], [271, 272], [281, 283], [291, 293], [293, 298], [298, 319], [319, 320], [430, 431]], "missing_branches": [[74, 75], [74, 81], [75, 76], [75, 77], [77, 78], [77, 79], [79, 74], [79, 80], [88, 89], [88, 103], [92, 93], [92, 94], [94, 95], [94, 96], [96, 97], [96, 99], [107, 114], [108, 110], [110, 111], [110, 113], [111, -111], [111, -106], [120, 138], [124, 125], [129, 130], [138, 139], [147, 148], [149, 147], [149, 150], [151, 147], [151, 152], [157, 158], [161, -161], [161, 162], [163, -163], [163, 164], [164, -164], [164, 166], [166, 167], [166, 175], [167, 168], [167, 169], [169, 170], [169, 171], [171, 166], [171, 172], [179, 182], [179, 240], [182, 183], [182, 185], [187, 188], [187, 207], [188, 189], [188, 204], [193, 194], [193, 201], [208, 209], [208, 211], [213, 216], [213, 221], [216, 217], [216, 219], [221, 226], [221, 232], [226, 227], [226, 229], [232, 233], [232, 237], [244, 245], [244, 246], [246, 247], [246, 248], [248, 249], [248, 250], [258, 259], [271, 276], [281, 282], [291, 292], [293, 296], [298, 299], [299, 300], [299, 306], [306, 307], [306, 312], [308, 309], [308, 311], [312, 313], [312, 315], [319, 323], [324, 326], [324, 327], [327, 328], [327, 331], [333, 334], [333, 346], [334, 335], [334, 341], [335, 334], [335, 336], [341, 342], [341, 346], [361, 362], [361, 369], [362, -362], [362, 373], [369, 370], [369, 373], [387, 388], [387, 394], [388, 387], [388, 389], [399, 400], [399, 402], [402, 403], [402, 410], [403, 404], [403, 406], [404, -404], [404, -376], [410, -410], [410, -376], [430, 447], [433, 434], [433, 443], [434, 435], [434, 437], [447, 448], [447, 452], [448, -448], [448, -425], [452, 453], [452, 456], [453, -453], [453, -425], [456, 457], [456, 459]]}}}, "dataclasses_json/mm.py": {"executed_lines": [3, 4, 5, 6, 8, 9, 10, 11, 12, 14, 16, 17, 19, 21, 28, 29, 38, 48, 49, 58, 68, 69, 70, 71, 72, 73, 75, 95, 124, 125, 128, 133, 154, 155, 156, 157, 158, 160, 161, 162, 164, 170, 171, 173, 174, 178, 179, 182, 186, 187, 191, 192, 195, 199, 200, 207, 208, 213, 218, 219, 227, 233, 238, 296, 297, 298, 347, 351, 361, 362, 365, 371, 389], "summary": {"covered_lines": 71, "num_statements": 205, "percent_covered": 24.58471760797342, "percent_covered_display": "25", "missing_lines": 134, "excluded_lines": 0, "num_branches": 96, "num_partial_branches": 1, "covered_branches": 3, "missing_branches": 93}, "missing_lines": [30, 31, 33, 34, 36, 39, 40, 42, 43, 45, 50, 51, 53, 54, 56, 59, 60, 62, 63, 65, 76, 77, 78, 79, 80, 81, 82, 83, 84, 85, 86, 88, 93, 96, 97, 98, 99, 100, 101, 102, 103, 104, 110, 112, 113, 114, 116, 121, 129, 130, 176, 180, 184, 189, 193, 197, 205, 211, 216, 225, 230, 235, 239, 240, 241, 242, 244, 246, 247, 248, 251, 253, 260, 262, 263, 266, 267, 269, 270, 271, 272, 273, 275, 276, 277, 279, 280, 282, 283, 285, 286, 288, 291, 293, 301, 302, 303, 304, 306, 307, 308, 309, 310, 311, 312, 314, 316, 317, 319, 320, 321, 322, 324, 326, 327, 329, 330, 338, 341, 342, 344, 363, 366, 367, 369, 372, 373, 379, 380, 381, 385, 387, 390, 399], "excluded_lines": [], "executed_branches": [[160, 161], [351, -351], [351, 351], [351, 361]], "missing_branches": [[30, 31], [30, 33], [33, 34], [33, 36], [39, 40], [39, 42], [42, 43], [42, 45], [50, 51], [50, 53], [53, 54], [53, 56], [59, 60], [59, 62], [62, 63], [62, 65], [76, 77], [76, 78], [78, 79], [78, 88], [79, 80], [79, 85], [80, 81], [80, 84], [85, 78], [85, 86], [97, 98], [97, 103], [99, -95], [99, 100], [100, 99], [100, 101], [103, 104], [103, 112], [112, 113], [112, 116], [113, 112], [113, 114], [160, 235], [241, 242], [241, 244], [246, 247], [246, 262], [247, 248], [247, 253], [263, -263], [263, 266], [266, 267], [266, 269], [269, 270], [269, 271], [271, 272], [271, 276], [272, 273], [272, 275], [276, 277], [276, 279], [279, 280], [279, 282], [282, 283], [282, 288], [283, -283], [283, 285], [301, 302], [301, 344], [303, 304], [303, 306], [309, 310], [309, 311], [311, 312], [311, 314], [316, 317], [316, 319], [319, 320], [319, 326], [322, 324], [322, 326], [324, -324], [324, 326], [326, 327], [326, 329], [330, 338], [330, 341], [338, -338], [338, 341], [341, 301], [341, 342], [366, 367], [366, 369], [379, 380], [379, 385], [380, 381], [380, 387]], "functions": {"_TimestampField._serialize": {"executed_lines": [], "summary": {"covered_lines": 0, "num_statements": 5, "percent_covered": 0.0, "percent_covered_display": "0", "missing_lines": 5, "excluded_lines": 0, "num_branches": 4, "num_partial_branches": 0, "covered_branches": 0, "missing_branches": 4}, "missing_lines": [30, 31, 33, 34, 36], "excluded_lines": [], "executed_branches": [], "missing_branches": [[30, 31], [30, 33], [33, 34], [33, 36]]}, "_TimestampField._deserialize": {"executed_lines": [], "summary": {"covered_lines": 0, "num_statements": 5, "percent_covered": 0.0, "percent_covered_display": "0", "missing_lines": 5, "excluded_lines": 0, "num_branches": 4, "num_partial_branches": 0, "covered_branches": 0, "missing_branches": 4}, "missing_lines": [39, 40, 42, 43, 45], "excluded_lines": [], "executed_branches": [], "missing_branches": [[39, 40], [39, 42], [42, 43], [42, 45]]}, "_IsoField._serialize": {"executed_lines": [], "summary": {"covered_lines": 0, "num_statements": 5, "percent_covered": 0.0, "percent_covered_display": "0", "missing_lines": 5, "excluded_lines": 0, "num_branches": 4, "num_partial_branches": 0, "covered_branches": 0, "missing_branches": 4}, "missing_lines": [50, 51, 53, 54, 56], "excluded_lines": [], "executed_branches": [], "missing_branches": [[50, 51], [50, 53], [53, 54], [53, 56]]}, "_IsoField._deserialize": {"executed_lines": [], "summary": {"covered_lines": 0, "num_statements": 5, "percent_covered": 0.0, "percent_covered_display": "0", "missing_lines": 5, "excluded_lines": 0, "num_branches": 4, "num_partial_branches": 0, "covered_branches": 0, "missing_branches": 4}, "missing_lines": [59, 60, 62, 63, 65], "excluded_lines": [], "executed_branches": [], "missing_branches": [[59, 60], [59, 62], [62, 63], [62, 65]]}, "_UnionField.__init__": {"executed_lines": [70, 71, 72, 73], "summary": {"covered_lines": 4, "num_statements": 4, "percent_covered": 100.0, "percent_covered_display": "100", "missing_lines": 0, "excluded_lines": 0, "num_branches": 0, "num_partial_branches": 0, "covered_branches": 0, "missing_branches": 0}, "missing_lines": [], "excluded_lines": [], "executed_branches": [], "missing_branches": []}, "_UnionField._serialize": {"executed_lines": [], "summary": {"covered_lines": 0, "num_statements": 13, "percent_covered": 0.0, "percent_covered_display": "0", "missing_lines": 13, "excluded_lines": 0, "num_branches": 10, "num_partial_branches": 0, "covered_branches": 0, "missing_branches": 10}, "missing_lines": [76, 77, 78, 79, 80, 81, 82, 83, 84, 85, 86, 88, 93], "excluded_lines": [], "executed_branches": [], "missing_branches": [[76, 77], [76, 78], [78, 79], [78, 88], [79, 80], [79, 85], [80, 81], [80, 84], [85, 78], [85, 86]]}, "_UnionField._deserialize": {"executed_lines": [], "summary": {"covered_lines": 0, "num_statements": 15, "percent_covered": 0.0, "percent_covered_display": "0", "missing_lines": 15, "excluded_lines": 0, "num_branches": 12, "num_partial_branches": 0, "covered_branches": 0, "missing_branches": 12}, "missing_lines": [96, 97, 98, 99, 100, 101, 102, 103, 104, 110, 112, 113, 114, 116, 121], "excluded_lines": [], "executed_branches": [], "missing_branches": [[97, 98], [97, 103], [99, -95], [99, 100], [100, 99], [100, 101], [103, 104], [103, 112], [112, 113], [112, 116], [113, 112], [113, 114]]}, "_TupleVarLen._deserialize": {"executed_lines": [], "summary": {"covered_lines": 0, "num_statements": 2, "percent_covered": 0.0, "percent_covered_display": "0", "missing_lines": 2, "excluded_lines": 0, "num_branches": 0, "num_partial_branches": 0, "covered_branches": 0, "missing_branches": 0}, "missing_lines": [129, 130], "excluded_lines": [], "executed_branches": [], "missing_branches": []}, "SchemaF.__init__": {"executed_lines": [170, 171], "summary": {"covered_lines": 2, "num_statements": 2, "percent_covered": 100.0, "percent_covered_display": "100", "missing_lines": 0, "excluded_lines": 0, "num_branches": 0, "num_partial_branches": 0, "covered_branches": 0, "missing_branches": 0}, "missing_lines": [], "excluded_lines": [], "executed_branches": [], "missing_branches": []}, "SchemaF.dump": {"executed_lines": [], "summary": {"covered_lines": 0, "num_statements": 1, "percent_covered": 0.0, "percent_covered_display": "0", "missing_lines": 1, "excluded_lines": 0, "num_branches": 0, "num_partial_branches": 0, "covered_branches": 0, "missing_branches": 0}, "missing_lines": [184], "excluded_lines": [], "executed_branches": [], "missing_branches": []}, "SchemaF.dumps": {"executed_lines": [], "summary": {"covered_lines": 0, "num_statements": 1, "percent_covered": 0.0, "percent_covered_display": "0", "missing_lines": 1, "excluded_lines": 0, "num_branches": 0, "num_partial_branches": 0, "covered_branches": 0, "missing_branches": 0}, "missing_lines": [197], "excluded_lines": [], "executed_branches": [], "missing_branches": []}, "SchemaF.load": {"executed_lines": [], "summary": {"covered_lines": 0, "num_statements": 1, "percent_covered": 0.0, "percent_covered_display": "0", "missing_lines": 1, "excluded_lines": 0, "num_branches": 0, "num_partial_branches": 0, "covered_branches": 0, "missing_branches": 0}, "missing_lines": [216], "excluded_lines": [], "executed_branches": [], "missing_branches": []}, "SchemaF.loads": {"executed_lines": [], "summary": {"covered_lines": 0, "num_statements": 1, "percent_covered": 0.0, "percent_covered_display": "0", "missing_lines": 1, "excluded_lines": 0, "num_branches": 0, "num_partial_branches": 0, "covered_branches": 0, "missing_branches": 0}, "missing_lines": [230], "excluded_lines": [], "executed_branches": [], "missing_branches": []}, "build_type": {"executed_lines": [], "summary": {"covered_lines": 0, "num_statements": 2, "percent_covered": 0.0, "percent_covered_display": "0", "missing_lines": 2, "excluded_lines": 0, "num_branches": 0, "num_partial_branches": 0, "covered_branches": 0, "missing_branches": 0}, "missing_lines": [239, 293], "excluded_lines": [], "executed_branches": [], "missing_branches": []}, "build_type.inner": {"executed_lines": [], "summary": {"covered_lines": 0, "num_statements": 30, "percent_covered": 0.0, "percent_covered_display": "0", "missing_lines": 30, "excluded_lines": 0, "num_branches": 24, "num_partial_branches": 0, "covered_branches": 0, "missing_branches": 24}, "missing_lines": [240, 241, 242, 244, 246, 247, 248, 251, 253, 260, 262, 263, 266, 267, 269, 270, 271, 272, 273, 275, 276, 277, 279, 280, 282, 283, 285, 286, 288, 291], "excluded_lines": [], "executed_branches": [], "missing_branches": [[241, 242], [241, 244], [246, 247], [246, 262], [247, 248], [247, 253], [263, -263], [263, 266], [266, 267], [266, 269], [269, 270], [269, 271], [271, 272], [271, 276], [272, 273], [272, 275], [276, 277], [276, 279], [279, 280], [279, 282], [282, 283], [282, 288], [283, -283], [283, 285]]}, "schema": {"executed_lines": [297, 298], "summary": {"covered_lines": 2, "num_statements": 29, "percent_covered": 3.7735849056603774, "percent_covered_display": "4", "missing_lines": 27, "excluded_lines": 0, "num_branches": 24, "num_partial_branches": 0, "covered_branches": 0, "missing_branches": 24}, "missing_lines": [301, 302, 303, 304, 306, 307, 308, 309, 310, 311, 312, 314, 316, 317, 319, 320, 321, 322, 324, 326, 327, 329, 330, 338, 341, 342, 344], "excluded_lines": [], "executed_branches": [], "missing_branches": [[301, 302], [301, 344], [303, 304], [303, 306], [309, 310], [309, 311], [311, 312], [311, 314], [316, 317], [316, 319], [319, 320], [319, 326], [322, 324], [322, 326], [324, -324], [324, 326], [326, 327], [326, 329], [330, 338], [330, 341], [338, -338], [338, 341], [341, 301], [341, 342]]}, "build_schema": {"executed_lines": [351, 361, 362, 365, 371, 389], "summary": {"covered_lines": 6, "num_statements": 8, "percent_covered": 80.0, "percent_covered_display": "80", "missing_lines": 2, "excluded_lines": 0, "num_branches": 2, "num_partial_branches": 0, "covered_branches": 2, "missing_branches": 0}, "missing_lines": [390, 399], "excluded_lines": [], "executed_branches": [[351, -351], [351, 351], [351, 361]], "missing_branches": []}, "build_schema.make_instance": {"executed_lines": [], "summary": {"covered_lines": 0, "num_statements": 1, "percent_covered": 0.0, "percent_covered_display": "0", "missing_lines": 1, "excluded_lines": 0, "num_branches": 0, "num_partial_branches": 0, "covered_branches": 0, "missing_branches": 0}, "missing_lines": [363], "excluded_lines": [], "executed_branches": [], "missing_branches": []}, "build_schema.dumps": {"executed_lines": [], "summary": {"covered_lines": 0, "num_statements": 3, "percent_covered": 0.0, "percent_covered_display": "0", "missing_lines": 3, "excluded_lines": 0, "num_branches": 2, "num_partial_branches": 0, "covered_branches": 0, "missing_branches": 2}, "missing_lines": [366, 367, 369], "excluded_lines": [], "executed_branches": [], "missing_branches": [[366, 367], [366, 369]]}, "build_schema.dump": {"executed_lines": [], "summary": {"covered_lines": 0, "num_statements": 7, "percent_covered": 0.0, "percent_covered_display": "0", "missing_lines": 7, "excluded_lines": 0, "num_branches": 4, "num_partial_branches": 0, "covered_branches": 0, "missing_branches": 4}, "missing_lines": [372, 373, 379, 380, 381, 385, 387], "excluded_lines": [], "executed_branches": [], "missing_branches": [[379, 380], [379, 385], [380, 381], [380, 387]]}, "": {"executed_lines": [3, 4, 5, 6, 8, 9, 10, 11, 12, 14, 16, 17, 19, 21, 28, 29, 38, 48, 49, 58, 68, 69, 75, 95, 124, 125, 128, 133, 154, 155, 156, 157, 158, 160, 161, 162, 164, 173, 174, 178, 179, 182, 186, 187, 191, 192, 195, 199, 200, 207, 208, 213, 218, 219, 227, 233, 238, 296, 347], "summary": {"covered_lines": 57, "num_statements": 58, "percent_covered": 96.66666666666667, "percent_covered_display": "97", "missing_lines": 1, "excluded_lines": 0, "num_branches": 2, "num_partial_branches": 1, "covered_branches": 1, "missing_branches": 1}, "missing_lines": [235], "excluded_lines": [], "executed_branches": [[160, 161]], "missing_branches": [[160, 235]]}}, "classes": {"_TimestampField": {"executed_lines": [], "summary": {"covered_lines": 0, "num_statements": 10, "percent_covered": 0.0, "percent_covered_display": "0", "missing_lines": 10, "excluded_lines": 0, "num_branches": 8, "num_partial_branches": 0, "covered_branches": 0, "missing_branches": 8}, "missing_lines": [30, 31, 33, 34, 36, 39, 40, 42, 43, 45], "excluded_lines": [], "executed_branches": [], "missing_branches": [[30, 31], [30, 33], [33, 34], [33, 36], [39, 40], [39, 42], [42, 43], [42, 45]]}, "_IsoField": {"executed_lines": [], "summary": {"covered_lines": 0, "num_statements": 10, "percent_covered": 0.0, "percent_covered_display": "0", "missing_lines": 10, "excluded_lines": 0, "num_branches": 8, "num_partial_branches": 0, "covered_branches": 0, "missing_branches": 8}, "missing_lines": [50, 51, 53, 54, 56, 59, 60, 62, 63, 65], "excluded_lines": [], "executed_branches": [], "missing_branches": [[50, 51], [50, 53], [53, 54], [53, 56], [59, 60], [59, 62], [62, 63], [62, 65]]}, "_UnionField": {"executed_lines": [70, 71, 72, 73], "summary": {"covered_lines": 4, "num_statements": 32, "percent_covered": 7.407407407407407, "percent_covered_display": "7", "missing_lines": 28, "excluded_lines": 0, "num_branches": 22, "num_partial_branches": 0, "covered_branches": 0, "missing_branches": 22}, "missing_lines": [76, 77, 78, 79, 80, 81, 82, 83, 84, 85, 86, 88, 93, 96, 97, 98, 99, 100, 101, 102, 103, 104, 110, 112, 113, 114, 116, 121], "excluded_lines": [], "executed_branches": [], "missing_branches": [[76, 77], [76, 78], [78, 79], [78, 88], [79, 80], [79, 85], [80, 81], [80, 84], [85, 78], [85, 86], [97, 98], [97, 103], [99, -95], [99, 100], [100, 99], [100, 101], [103, 104], [103, 112], [112, 113], [112, 116], [113, 112], [113, 114]]}, "_TupleVarLen": {"executed_lines": [], "summary": {"covered_lines": 0, "num_statements": 2, "percent_covered": 0.0, "percent_covered_display": "0", "missing_lines": 2, "excluded_lines": 0, "num_branches": 0, "num_partial_branches": 0, "covered_branches": 0, "missing_branches": 0}, "missing_lines": [129, 130], "excluded_lines": [], "executed_branches": [], "missing_branches": []}, "SchemaF": {"executed_lines": [170, 171], "summary": {"covered_lines": 2, "num_statements": 13, "percent_covered": 15.384615384615385, "percent_covered_display": "15", "missing_lines": 11, "excluded_lines": 0, "num_branches": 0, "num_partial_branches": 0, "covered_branches": 0, "missing_branches": 0}, "missing_lines": [176, 180, 184, 189, 193, 197, 205, 211, 216, 225, 230], "excluded_lines": [], "executed_branches": [], "missing_branches": []}, "": {"executed_lines": [3, 4, 5, 6, 8, 9, 10, 11, 12, 14, 16, 17, 19, 21, 28, 29, 38, 48, 49, 58, 68, 69, 75, 95, 124, 125, 128, 133, 154, 155, 156, 157, 158, 160, 161, 162, 164, 173, 174, 178, 179, 182, 186, 187, 191, 192, 195, 199, 200, 207, 208, 213, 218, 219, 227, 233, 238, 296, 297, 298, 347, 351, 361, 362, 365, 371, 389], "summary": {"covered_lines": 65, "num_statements": 138, "percent_covered": 34.69387755102041, "percent_covered_display": "35", "missing_lines": 73, "excluded_lines": 0, "num_branches": 58, "num_partial_branches": 1, "covered_branches": 3, "missing_branches": 55}, "missing_lines": [235, 239, 240, 241, 242, 244, 246, 247, 248, 251, 253, 260, 262, 263, 266, 267, 269, 270, 271, 272, 273, 275, 276, 277, 279, 280, 282, 283, 285, 286, 288, 291, 293, 301, 302, 303, 304, 306, 307, 308, 309, 310, 311, 312, 314, 316, 317, 319, 320, 321, 322, 324, 326, 327, 329, 330, 338, 341, 342, 344, 363, 366, 367, 369, 372, 373, 379, 380, 381, 385, 387, 390, 399], "excluded_lines": [], "executed_branches": [[160, 161], [351, -351], [351, 351], [351, 361]], "missing_branches": [[160, 235], [241, 242], [241, 244], [246, 247], [246, 262], [247, 248], [247, 253], [263, -263], [263, 266], [266, 267], [266, 269], [269, 270], [269, 271], [271, 272], [271, 276], [272, 273], [272, 275], [276, 277], [276, 279], [279, 280], [279, 282], [282, 283], [282, 288], [283, -283], [283, 285], [301, 302], [301, 344], [303, 304], [303, 306], [309, 310], [309, 311], [311, 312], [311, 314], [316, 317], [316, 319], [319, 320], [319, 326], [322, 324], [322, 326], [324, -324], [324, 326], [326, 327], [326, 329], [330, 338], [330, 341], [338, -338], [338, 341], [341, 301], [341, 342], [366, 367], [366, 369], [379, 380], [379, 385], [380, 381], [380, 387]]}}}, "dataclasses_json/stringcase.py": {"executed_lines": [26, 29, 39, 40, 41, 42, 45, 57, 58, 60, 63, 74, 75, 77, 83, 95, 96, 97, 104, 119], "summary": {"covered_lines": 20, "num_statements": 25, "percent_covered": 71.7948717948718, "percent_covered_display": "72", "missing_lines": 5, "excluded_lines": 0, "num_branches": 14, "num_partial_branches": 4, "covered_branches": 8, "missing_branches": 6}, "missing_lines": [59, 76, 98, 116, 130], "excluded_lines": [], "executed_branches": [[39, 40], [39, 41], [41, 42], [58, 60], [75, 77], [77, -77], [77, -63], [77, 77], [96, 97]], "missing_branches": [[41, -29], [58, 59], [75, 76], [96, 98], [98, -98], [98, -83]], "functions": {"uplowcase": {"executed_lines": [39, 40, 41, 42], "summary": {"covered_lines": 4, "num_statements": 4, "percent_covered": 87.5, "percent_covered_display": "88", "missing_lines": 0, "excluded_lines": 0, "num_branches": 4, "num_partial_branches": 1, "covered_branches": 3, "missing_branches": 1}, "missing_lines": [], "excluded_lines": [], "executed_branches": [[39, 40], [39, 41], [41, 42]], "missing_branches": [[41, -29]]}, "capitalcase": {"executed_lines": [57, 58, 60], "summary": {"covered_lines": 3, "num_statements": 4, "percent_covered": 66.66666666666667, "percent_covered_display": "67", "missing_lines": 1, "excluded_lines": 0, "num_branches": 2, "num_partial_branches": 1, "covered_branches": 1, "missing_branches": 1}, "missing_lines": [59], "excluded_lines": [], "executed_branches": [[58, 60]], "missing_branches": [[58, 59]]}, "camelcase": {"executed_lines": [74, 75, 77], "summary": {"covered_lines": 3, "num_statements": 4, "percent_covered": 75.0, "percent_covered_display": "75", "missing_lines": 1, "excluded_lines": 0, "num_branches": 4, "num_partial_branches": 1, "covered_branches": 3, "missing_branches": 1}, "missing_lines": [76], "excluded_lines": [], "executed_branches": [[75, 77], [77, -77], [77, -63], [77, 77]], "missing_branches": [[75, 76]]}, "snakecase": {"executed_lines": [95, 96, 97], "summary": {"covered_lines": 3, "num_statements": 4, "percent_covered": 50.0, "percent_covered_display": "50", "missing_lines": 1, "excluded_lines": 0, "num_branches": 4, "num_partial_branches": 1, "covered_branches": 1, "missing_branches": 3}, "missing_lines": [98], "excluded_lines": [], "executed_branches": [[96, 97]], "missing_branches": [[96, 98], [98, -98], [98, -83]]}, "spinalcase": {"executed_lines": [], "summary": {"covered_lines": 0, "num_statements": 1, "percent_covered": 0.0, "percent_covered_display": "0", "missing_lines": 1, "excluded_lines": 0, "num_branches": 0, "num_partial_branches": 0, "covered_branches": 0, "missing_branches": 0}, "missing_lines": [116], "excluded_lines": [], "executed_branches": [], "missing_branches": []}, "pascalcase": {"executed_lines": [], "summary": {"covered_lines": 0, "num_statements": 1, "percent_covered": 0.0, "percent_covered_display": "0", "missing_lines": 1, "excluded_lines": 0, "num_branches": 0, "num_partial_branches": 0, "covered_branches": 0, "missing_branches": 0}, "missing_lines": [130], "excluded_lines": [], "executed_branches": [], "missing_branches": []}, "": {"executed_lines": [26, 29, 45, 63, 83, 104, 119], "summary": {"covered_lines": 7, "num_statements": 7, "percent_covered": 100.0, "percent_covered_display": "100", "missing_lines": 0, "excluded_lines": 0, "num_branches": 0, "num_partial_branches": 0, "covered_branches": 0, "missing_branches": 0}, "missing_lines": [], "excluded_lines": [], "executed_branches": [], "missing_branches": []}}, "classes": {"": {"executed_lines": [26, 29, 39, 40, 41, 42, 45, 57, 58, 60, 63, 74, 75, 77, 83, 95, 96, 97, 104, 119], "summary": {"covered_lines": 20, "num_statements": 25, "percent_covered": 71.7948717948718, "percent_covered_display": "72", "missing_lines": 5, "excluded_lines": 0, "num_branches": 14, "num_partial_branches": 4, "covered_branches": 8, "missing_branches": 6}, "missing_lines": [59, 76, 98, 116, 130], "excluded_lines": [], "executed_branches": [[39, 40], [39, 41], [41, 42], [58, 60], [75, 77], [77, -77], [77, -63], [77, 77], [96, 97]], "missing_branches": [[41, -29], [58, 59], [75, 76], [96, 98], [98, -98], [98, -83]]}}}, "dataclasses_json/undefined.py": {"executed_lines": [1, 2, 3, 4, 5, 6, 7, 8, 10, 12, 14, 15, 18, 19, 20, 21, 27, 28, 34, 35, 41, 42, 45, 46, 51, 52, 53, 55, 57, 60, 61, 66, 67, 68, 71, 72, 77, 80, 81, 87, 88, 89, 92, 94, 95, 122, 123, 131, 132, 134, 135, 170, 171, 198, 199, 208, 209, 214, 215, 248, 249, 266, 267, 271, 272, 273, 276, 277, 280], "summary": {"covered_lines": 64, "num_statements": 146, "percent_covered": 39.44444444444444, "percent_covered_display": "39", "missing_lines": 82, "excluded_lines": 0, "num_branches": 34, "num_partial_branches": 1, "covered_branches": 7, "missing_branches": 27}, "missing_lines": [25, 32, 39, 43, 74, 96, 97, 99, 100, 101, 104, 106, 108, 109, 111, 113, 114, 115, 117, 119, 136, 138, 141, 143, 144, 146, 149, 150, 151, 152, 153, 155, 156, 157, 159, 163, 165, 167, 168, 177, 180, 184, 188, 189, 190, 194, 196, 200, 202, 203, 204, 206, 210, 212, 216, 217, 219, 220, 221, 224, 226, 228, 229, 231, 233, 236, 238, 239, 240, 241, 242, 244, 246, 250, 251, 252, 254, 255, 256, 258, 259, 263], "excluded_lines": [], "executed_branches": [[52, -52], [52, 52], [52, 53], [53, -53], [53, 53], [53, 55], [55, -55], [55, 55], [55, 57], [71, 72]], "missing_branches": [[71, 74], [141, 143], [141, 165], [149, 150], [149, 151], [151, 152], [151, 153], [153, 155], [153, 159], [156, 157], [156, 167], [188, 189], [188, 190], [190, 194], [190, 196], [203, 204], [203, 206], [226, 228], [226, 229], [236, -236], [236, 238], [252, -252], [252, 254], [255, 256], [255, 258], [258, 259], [258, 263]], "functions": {"_UndefinedParameterAction.handle_from_dict": {"executed_lines": [], "summary": {"covered_lines": 0, "num_statements": 1, "percent_covered": 0.0, "percent_covered_display": "0", "missing_lines": 1, "excluded_lines": 0, "num_branches": 0, "num_partial_branches": 0, "covered_branches": 0, "missing_branches": 0}, "missing_lines": [25], "excluded_lines": [], "executed_branches": [], "missing_branches": []}, "_UndefinedParameterAction.handle_to_dict": {"executed_lines": [], "summary": {"covered_lines": 0, "num_statements": 1, "percent_covered": 0.0, "percent_covered_display": "0", "missing_lines": 1, "excluded_lines": 0, "num_branches": 0, "num_partial_branches": 0, "covered_branches": 0, "missing_branches": 0}, "missing_lines": [32], "excluded_lines": [], "executed_branches": [], "missing_branches": []}, "_UndefinedParameterAction.handle_dump": {"executed_lines": [], "summary": {"covered_lines": 0, "num_statements": 1, "percent_covered": 0.0, "percent_covered_display": "0", "missing_lines": 1, "excluded_lines": 0, "num_branches": 0, "num_partial_branches": 0, "covered_branches": 0, "missing_branches": 0}, "missing_lines": [39], "excluded_lines": [], "executed_branches": [], "missing_branches": []}, "_UndefinedParameterAction.create_init": {"executed_lines": [], "summary": {"covered_lines": 0, "num_statements": 1, "percent_covered": 0.0, "percent_covered_display": "0", "missing_lines": 1, "excluded_lines": 0, "num_branches": 0, "num_partial_branches": 0, "covered_branches": 0, "missing_branches": 0}, "missing_lines": [43], "excluded_lines": [], "executed_branches": [], "missing_branches": []}, "_UndefinedParameterAction._separate_defined_undefined_kvs": {"executed_lines": [51, 52, 53, 55, 57], "summary": {"covered_lines": 5, "num_statements": 5, "percent_covered": 100.0, "percent_covered_display": "100", "missing_lines": 0, "excluded_lines": 0, "num_branches": 6, "num_partial_branches": 0, "covered_branches": 6, "missing_branches": 0}, "missing_lines": [], "excluded_lines": [], "executed_branches": [[52, -52], [52, 52], [52, 53], [53, -53], [53, 53], [53, 55], [55, -55], [55, 55], [55, 57]], "missing_branches": []}, "_RaiseUndefinedParameters.handle_from_dict": {"executed_lines": [68, 71, 72], "summary": {"covered_lines": 3, "num_statements": 4, "percent_covered": 66.66666666666667, "percent_covered_display": "67", "missing_lines": 1, "excluded_lines": 0, "num_branches": 2, "num_partial_branches": 1, "covered_branches": 1, "missing_branches": 1}, "missing_lines": [74], "excluded_lines": [], "executed_branches": [[71, 72]], "missing_branches": [[71, 74]]}, "_IgnoreUndefinedParameters.handle_from_dict": {"executed_lines": [89, 92], "summary": {"covered_lines": 2, "num_statements": 2, "percent_covered": 100.0, "percent_covered_display": "100", "missing_lines": 0, "excluded_lines": 0, "num_branches": 0, "num_partial_branches": 0, "covered_branches": 0, "missing_branches": 0}, "missing_lines": [], "excluded_lines": [], "executed_branches": [], "missing_branches": []}, "_IgnoreUndefinedParameters.create_init": {"executed_lines": [], "summary": {"covered_lines": 0, "num_statements": 5, "percent_covered": 0.0, "percent_covered_display": "0", "missing_lines": 5, "excluded_lines": 0, "num_branches": 0, "num_partial_branches": 0, "covered_branches": 0, "missing_branches": 0}, "missing_lines": [96, 97, 99, 100, 119], "excluded_lines": [], "executed_branches": [], "missing_branches": []}, "_IgnoreUndefinedParameters.create_init._ignore_init": {"executed_lines": [], "summary": {"covered_lines": 0, "num_statements": 10, "percent_covered": 0.0, "percent_covered_display": "0", "missing_lines": 10, "excluded_lines": 0, "num_branches": 0, "num_partial_branches": 0, "covered_branches": 0, "missing_branches": 0}, "missing_lines": [101, 104, 106, 108, 109, 111, 113, 114, 115, 117], "excluded_lines": [], "executed_branches": [], "missing_branches": []}, "_CatchAllUndefinedParameters.handle_from_dict": {"executed_lines": [], "summary": {"covered_lines": 0, "num_statements": 19, "percent_covered": 0.0, "percent_covered_display": "0", "missing_lines": 19, "excluded_lines": 0, "num_branches": 10, "num_partial_branches": 0, "covered_branches": 0, "missing_branches": 10}, "missing_lines": [136, 138, 141, 143, 144, 146, 149, 150, 151, 152, 153, 155, 156, 157, 159, 163, 165, 167, 168], "excluded_lines": [], "executed_branches": [], "missing_branches": [[141, 143], [141, 165], [149, 150], [149, 151], [151, 152], [151, 153], [153, 155], [153, 159], [156, 157], [156, 167]]}, "_CatchAllUndefinedParameters._get_default": {"executed_lines": [], "summary": {"covered_lines": 0, "num_statements": 8, "percent_covered": 0.0, "percent_covered_display": "0", "missing_lines": 8, "excluded_lines": 0, "num_branches": 4, "num_partial_branches": 0, "covered_branches": 0, "missing_branches": 4}, "missing_lines": [177, 180, 184, 188, 189, 190, 194, 196], "excluded_lines": [], "executed_branches": [], "missing_branches": [[188, 189], [188, 190], [190, 194], [190, 196]]}, "_CatchAllUndefinedParameters.handle_to_dict": {"executed_lines": [], "summary": {"covered_lines": 0, "num_statements": 5, "percent_covered": 0.0, "percent_covered_display": "0", "missing_lines": 5, "excluded_lines": 0, "num_branches": 2, "num_partial_branches": 0, "covered_branches": 0, "missing_branches": 2}, "missing_lines": [200, 202, 203, 204, 206], "excluded_lines": [], "executed_branches": [], "missing_branches": [[203, 204], [203, 206]]}, "_CatchAllUndefinedParameters.handle_dump": {"executed_lines": [], "summary": {"covered_lines": 0, "num_statements": 2, "percent_covered": 0.0, "percent_covered_display": "0", "missing_lines": 2, "excluded_lines": 0, "num_branches": 0, "num_partial_branches": 0, "covered_branches": 0, "missing_branches": 0}, "missing_lines": [210, 212], "excluded_lines": [], "executed_branches": [], "missing_branches": []}, "_CatchAllUndefinedParameters.create_init": {"executed_lines": [], "summary": {"covered_lines": 0, "num_statements": 5, "percent_covered": 0.0, "percent_covered_display": "0", "missing_lines": 5, "excluded_lines": 0, "num_branches": 0, "num_partial_branches": 0, "covered_branches": 0, "missing_branches": 0}, "missing_lines": [216, 217, 219, 220, 246], "excluded_lines": [], "executed_branches": [], "missing_branches": []}, "_CatchAllUndefinedParameters.create_init._catch_all_init": {"executed_lines": [], "summary": {"covered_lines": 0, "num_statements": 14, "percent_covered": 0.0, "percent_covered_display": "0", "missing_lines": 14, "excluded_lines": 0, "num_branches": 4, "num_partial_branches": 0, "covered_branches": 0, "missing_branches": 4}, "missing_lines": [221, 224, 226, 228, 229, 231, 233, 236, 238, 239, 240, 241, 242, 244], "excluded_lines": [], "executed_branches": [], "missing_branches": [[226, 228], [226, 229], [236, -236], [236, 238]]}, "_CatchAllUndefinedParameters._get_catch_all_field": {"executed_lines": [], "summary": {"covered_lines": 0, "num_statements": 9, "percent_covered": 0.0, "percent_covered_display": "0", "missing_lines": 9, "excluded_lines": 0, "num_branches": 6, "num_partial_branches": 0, "covered_branches": 0, "missing_branches": 6}, "missing_lines": [250, 251, 252, 254, 255, 256, 258, 259, 263], "excluded_lines": [], "executed_branches": [], "missing_branches": [[252, -252], [252, 254], [255, 256], [255, 258], [258, 259], [258, 263]]}, "": {"executed_lines": [1, 2, 3, 4, 5, 6, 7, 8, 10, 12, 14, 15, 18, 19, 20, 21, 27, 28, 34, 35, 41, 42, 45, 46, 60, 61, 66, 67, 77, 80, 81, 87, 88, 94, 95, 122, 123, 131, 132, 134, 135, 170, 171, 198, 199, 208, 209, 214, 215, 248, 249, 266, 267, 271, 272, 273, 276, 277, 280], "summary": {"covered_lines": 54, "num_statements": 54, "percent_covered": 100.0, "percent_covered_display": "100", "missing_lines": 0, "excluded_lines": 0, "num_branches": 0, "num_partial_branches": 0, "covered_branches": 0, "missing_branches": 0}, "missing_lines": [], "excluded_lines": [], "executed_branches": [], "missing_branches": []}}, "classes": {"_UndefinedParameterAction": {"executed_lines": [51, 52, 53, 55, 57], "summary": {"covered_lines": 5, "num_statements": 9, "percent_covered": 73.33333333333333, "percent_covered_display": "73", "missing_lines": 4, "excluded_lines": 0, "num_branches": 6, "num_partial_branches": 0, "covered_branches": 6, "missing_branches": 0}, "missing_lines": [25, 32, 39, 43], "excluded_lines": [], "executed_branches": [[52, -52], [52, 52], [52, 53], [53, -53], [53, 53], [53, 55], [55, -55], [55, 55], [55, 57]], "missing_branches": []}, "_RaiseUndefinedParameters": {"executed_lines": [68, 71, 72], "summary": {"covered_lines": 3, "num_statements": 4, "percent_covered": 66.66666666666667, "percent_covered_display": "67", "missing_lines": 1, "excluded_lines": 0, "num_branches": 2, "num_partial_branches": 1, "covered_branches": 1, "missing_branches": 1}, "missing_lines": [74], "excluded_lines": [], "executed_branches": [[71, 72]], "missing_branches": [[71, 74]]}, "_IgnoreUndefinedParameters": {"executed_lines": [89, 92], "summary": {"covered_lines": 2, "num_statements": 17, "percent_covered": 11.764705882352942, "percent_covered_display": "12", "missing_lines": 15, "excluded_lines": 0, "num_branches": 0, "num_partial_branches": 0, "covered_branches": 0, "missing_branches": 0}, "missing_lines": [96, 97, 99, 100, 101, 104, 106, 108, 109, 111, 113, 114, 115, 117, 119], "excluded_lines": [], "executed_branches": [], "missing_branches": []}, "_CatchAllUndefinedParameters": {"executed_lines": [], "summary": {"covered_lines": 0, "num_statements": 62, "percent_covered": 0.0, "percent_covered_display": "0", "missing_lines": 62, "excluded_lines": 0, "num_branches": 26, "num_partial_branches": 0, "covered_branches": 0, "missing_branches": 26}, "missing_lines": [136, 138, 141, 143, 144, 146, 149, 150, 151, 152, 153, 155, 156, 157, 159, 163, 165, 167, 168, 177, 180, 184, 188, 189, 190, 194, 196, 200, 202, 203, 204, 206, 210, 212, 216, 217, 219, 220, 221, 224, 226, 228, 229, 231, 233, 236, 238, 239, 240, 241, 242, 244, 246, 250, 251, 252, 254, 255, 256, 258, 259, 263], "excluded_lines": [], "executed_branches": [], "missing_branches": [[141, 143], [141, 165], [149, 150], [149, 151], [151, 152], [151, 153], [153, 155], [153, 159], [156, 157], [156, 167], [188, 189], [188, 190], [190, 194], [190, 196], [203, 204], [203, 206], [226, 228], [226, 229], [236, -236], [236, 238], [252, -252], [252, 254], [255, 256], [255, 258], [258, 259], [258, 263]]}, "_CatchAllUndefinedParameters._SentinelNoDefault": {"executed_lines": [], "summary": {"covered_lines": 0, "num_statements": 0, "percent_covered": 100.0, "percent_covered_display": "100", "missing_lines": 0, "excluded_lines": 0, "num_branches": 0, "num_partial_branches": 0, "covered_branches": 0, "missing_branches": 0}, "missing_lines": [], "excluded_lines": [], "executed_branches": [], "missing_branches": []}, "Undefined": {"executed_lines": [], "summary": {"covered_lines": 0, "num_statements": 0, "percent_covered": 100.0, "percent_covered_display": "100", "missing_lines": 0, "excluded_lines": 0, "num_branches": 0, "num_partial_branches": 0, "covered_branches": 0, "missing_branches": 0}, "missing_lines": [], "excluded_lines": [], "executed_branches": [], "missing_branches": []}, "UndefinedParameterError": {"executed_lines": [], "summary": {"covered_lines": 0, "num_statements": 0, "percent_covered": 100.0, "percent_covered_display": "100", "missing_lines": 0, "excluded_lines": 0, "num_branches": 0, "num_partial_branches": 0, "covered_branches": 0, "missing_branches": 0}, "missing_lines": [], "excluded_lines": [], "executed_branches": [], "missing_branches": []}, "": {"executed_lines": [1, 2, 3, 4, 5, 6, 7, 8, 10, 12, 14, 15, 18, 19, 20, 21, 27, 28, 34, 35, 41, 42, 45, 46, 60, 61, 66, 67, 77, 80, 81, 87, 88, 94, 95, 122, 123, 131, 132, 134, 135, 170, 171, 198, 199, 208, 209, 214, 215, 248, 249, 266, 267, 271, 272, 273, 276, 277, 280], "summary": {"covered_lines": 54, "num_statements": 54, "percent_covered": 100.0, "percent_covered_display": "100", "missing_lines": 0, "excluded_lines": 0, "num_branches": 0, "num_partial_branches": 0, "covered_branches": 0, "missing_branches": 0}, "missing_lines": [], "excluded_lines": [], "executed_branches": [], "missing_branches": []}}}, "dataclasses_json/utils.py": {"executed_lines": [1, 2, 3, 4, 5, 6, 10, 12, 28, 29, 32, 35, 38, 39, 40, 43, 45, 52, 53, 54, 57, 58, 59, 60, 61, 68, 71, 72, 73, 75, 76, 78, 79, 81, 82, 85, 88, 90, 91, 92, 93, 96, 97, 98, 99, 100, 101, 102, 104, 107, 108, 109, 113, 116, 117, 118, 119, 120, 125, 126, 128, 129, 131, 132, 137, 138, 141, 142, 147, 148, 151, 152, 155, 156, 159, 160, 163, 164, 168, 169, 172, 173, 174, 178, 179, 180, 182, 183, 184, 186, 192, 197, 198, 199, 200, 219], "summary": {"covered_lines": 96, "num_statements": 134, "percent_covered": 66.66666666666667, "percent_covered_display": "67", "missing_lines": 38, "excluded_lines": 0, "num_branches": 34, "num_partial_branches": 8, "covered_branches": 16, "missing_branches": 18}, "missing_lines": [13, 14, 15, 16, 17, 18, 19, 21, 23, 24, 25, 26, 46, 47, 48, 49, 51, 62, 63, 64, 66, 110, 111, 133, 134, 175, 181, 187, 189, 201, 202, 204, 205, 207, 208, 209, 210, 212], "excluded_lines": [], "executed_branches": [[12, 28], [45, 52], [52, 53], [52, 54], [59, -59], [59, 59], [59, 60], [59, 68], [60, 61], [90, 91], [90, 93], [91, 92], [98, 99], [98, 104], [128, 129], [128, 131], [180, 182], [180, 183], [186, -178], [199, 200]], "missing_branches": [[12, 13], [45, 46], [60, 62], [63, 64], [63, 66], [91, 93], [180, 181], [186, 187], [186, 189], [199, 201], [201, 202], [201, 204], [204, 205], [204, 207], [207, 208], [207, 209], [209, 210], [209, 212]], "functions": {"_get_type_cons": {"executed_lines": [12, 28, 29], "summary": {"covered_lines": 3, "num_statements": 15, "percent_covered": 23.529411764705884, "percent_covered_display": "24", "missing_lines": 12, "excluded_lines": 0, "num_branches": 2, "num_partial_branches": 1, "covered_branches": 1, "missing_branches": 1}, "missing_lines": [13, 14, 15, 16, 17, 18, 19, 21, 23, 24, 25, 26], "excluded_lines": [], "executed_branches": [[12, 28]], "missing_branches": [[12, 13]]}, "_get_type_origin": {"executed_lines": [38, 39, 40, 43, 45, 52, 53, 54], "summary": {"covered_lines": 8, "num_statements": 13, "percent_covered": 64.70588235294117, "percent_covered_display": "65", "missing_lines": 5, "excluded_lines": 0, "num_branches": 4, "num_partial_branches": 1, "covered_branches": 3, "missing_branches": 1}, "missing_lines": [46, 47, 48, 49, 51], "excluded_lines": [], "executed_branches": [[45, 52], [52, 53], [52, 54]], "missing_branches": [[45, 46]]}, "_hasargs": {"executed_lines": [58, 59, 60, 61, 68], "summary": {"covered_lines": 5, "num_statements": 9, "percent_covered": 53.333333333333336, "percent_covered_display": "53", "missing_lines": 4, "excluded_lines": 0, "num_branches": 6, "num_partial_branches": 1, "covered_branches": 3, "missing_branches": 3}, "missing_lines": [62, 63, 64, 66], "excluded_lines": [], "executed_branches": [[59, -59], [59, 59], [59, 60], [59, 68], [60, 61]], "missing_branches": [[60, 62], [63, 64], [63, 66]]}, "_NoArgs.__bool__": {"executed_lines": [73], "summary": {"covered_lines": 1, "num_statements": 1, "percent_covered": 100.0, "percent_covered_display": "100", "missing_lines": 0, "excluded_lines": 0, "num_branches": 0, "num_partial_branches": 0, "covered_branches": 0, "missing_branches": 0}, "missing_lines": [], "excluded_lines": [], "executed_branches": [], "missing_branches": []}, "_NoArgs.__len__": {"executed_lines": [76], "summary": {"covered_lines": 1, "num_statements": 1, "percent_covered": 100.0, "percent_covered_display": "100", "missing_lines": 0, "excluded_lines": 0, "num_branches": 0, "num_partial_branches": 0, "covered_branches": 0, "missing_branches": 0}, "missing_lines": [], "excluded_lines": [], "executed_branches": [], "missing_branches": []}, "_NoArgs.__iter__": {"executed_lines": [79], "summary": {"covered_lines": 1, "num_statements": 1, "percent_covered": 100.0, "percent_covered_display": "100", "missing_lines": 0, "excluded_lines": 0, "num_branches": 0, "num_partial_branches": 0, "covered_branches": 0, "missing_branches": 0}, "missing_lines": [], "excluded_lines": [], "executed_branches": [], "missing_branches": []}, "_NoArgs.__next__": {"executed_lines": [82], "summary": {"covered_lines": 1, "num_statements": 1, "percent_covered": 100.0, "percent_covered_display": "100", "missing_lines": 0, "excluded_lines": 0, "num_branches": 0, "num_partial_branches": 0, "covered_branches": 0, "missing_branches": 0}, "missing_lines": [], "excluded_lines": [], "executed_branches": [], "missing_branches": []}, "_get_type_args": {"executed_lines": [90, 91, 92, 93], "summary": {"covered_lines": 4, "num_statements": 4, "percent_covered": 87.5, "percent_covered_display": "88", "missing_lines": 0, "excluded_lines": 0, "num_branches": 4, "num_partial_branches": 1, "covered_branches": 3, "missing_branches": 1}, "missing_lines": [], "excluded_lines": [], "executed_branches": [[90, 91], [90, 93], [91, 92]], "missing_branches": [[91, 93]]}, "_get_type_arg_param": {"executed_lines": [97, 98, 99, 100, 101, 102, 104], "summary": {"covered_lines": 7, "num_statements": 7, "percent_covered": 100.0, "percent_covered_display": "100", "missing_lines": 0, "excluded_lines": 0, "num_branches": 2, "num_partial_branches": 0, "covered_branches": 2, "missing_branches": 0}, "missing_lines": [], "excluded_lines": [], "executed_branches": [[98, 99], [98, 104]], "missing_branches": []}, "_isinstance_safe": {"executed_lines": [108, 109, 113], "summary": {"covered_lines": 3, "num_statements": 5, "percent_covered": 60.0, "percent_covered_display": "60", "missing_lines": 2, "excluded_lines": 0, "num_branches": 0, "num_partial_branches": 0, "covered_branches": 0, "missing_branches": 0}, "missing_lines": [110, 111], "excluded_lines": [], "executed_branches": [], "missing_branches": []}, "_issubclass_safe": {"executed_lines": [117, 118, 119, 120], "summary": {"covered_lines": 4, "num_statements": 4, "percent_covered": 100.0, "percent_covered_display": "100", "missing_lines": 0, "excluded_lines": 0, "num_branches": 0, "num_partial_branches": 0, "covered_branches": 0, "missing_branches": 0}, "missing_lines": [], "excluded_lines": [], "executed_branches": [], "missing_branches": []}, "_is_new_type_subclass_safe": {"executed_lines": [126, 128, 129, 131, 132], "summary": {"covered_lines": 5, "num_statements": 7, "percent_covered": 77.77777777777777, "percent_covered_display": "78", "missing_lines": 2, "excluded_lines": 0, "num_branches": 2, "num_partial_branches": 0, "covered_branches": 2, "missing_branches": 0}, "missing_lines": [133, 134], "excluded_lines": [], "executed_branches": [[128, 129], [128, 131]], "missing_branches": []}, "_is_new_type": {"executed_lines": [138], "summary": {"covered_lines": 1, "num_statements": 1, "percent_covered": 100.0, "percent_covered_display": "100", "missing_lines": 0, "excluded_lines": 0, "num_branches": 0, "num_partial_branches": 0, "covered_branches": 0, "missing_branches": 0}, "missing_lines": [], "excluded_lines": [], "executed_branches": [], "missing_branches": []}, "_is_optional": {"executed_lines": [142], "summary": {"covered_lines": 1, "num_statements": 1, "percent_covered": 100.0, "percent_covered_display": "100", "missing_lines": 0, "excluded_lines": 0, "num_branches": 0, "num_partial_branches": 0, "covered_branches": 0, "missing_branches": 0}, "missing_lines": [], "excluded_lines": [], "executed_branches": [], "missing_branches": []}, "_is_counter": {"executed_lines": [148], "summary": {"covered_lines": 1, "num_statements": 1, "percent_covered": 100.0, "percent_covered_display": "100", "missing_lines": 0, "excluded_lines": 0, "num_branches": 0, "num_partial_branches": 0, "covered_branches": 0, "missing_branches": 0}, "missing_lines": [], "excluded_lines": [], "executed_branches": [], "missing_branches": []}, "_is_mapping": {"executed_lines": [152], "summary": {"covered_lines": 1, "num_statements": 1, "percent_covered": 100.0, "percent_covered_display": "100", "missing_lines": 0, "excluded_lines": 0, "num_branches": 0, "num_partial_branches": 0, "covered_branches": 0, "missing_branches": 0}, "missing_lines": [], "excluded_lines": [], "executed_branches": [], "missing_branches": []}, "_is_collection": {"executed_lines": [156], "summary": {"covered_lines": 1, "num_statements": 1, "percent_covered": 100.0, "percent_covered_display": "100", "missing_lines": 0, "excluded_lines": 0, "num_branches": 0, "num_partial_branches": 0, "covered_branches": 0, "missing_branches": 0}, "missing_lines": [], "excluded_lines": [], "executed_branches": [], "missing_branches": []}, "_is_tuple": {"executed_lines": [160], "summary": {"covered_lines": 1, "num_statements": 1, "percent_covered": 100.0, "percent_covered_display": "100", "missing_lines": 0, "excluded_lines": 0, "num_branches": 0, "num_partial_branches": 0, "covered_branches": 0, "missing_branches": 0}, "missing_lines": [], "excluded_lines": [], "executed_branches": [], "missing_branches": []}, "_is_nonstr_collection": {"executed_lines": [164], "summary": {"covered_lines": 1, "num_statements": 1, "percent_covered": 100.0, "percent_covered_display": "100", "missing_lines": 0, "excluded_lines": 0, "num_branches": 0, "num_partial_branches": 0, "covered_branches": 0, "missing_branches": 0}, "missing_lines": [], "excluded_lines": [], "executed_branches": [], "missing_branches": []}, "_is_generic_dataclass": {"executed_lines": [169], "summary": {"covered_lines": 1, "num_statements": 1, "percent_covered": 100.0, "percent_covered_display": "100", "missing_lines": 0, "excluded_lines": 0, "num_branches": 0, "num_partial_branches": 0, "covered_branches": 0, "missing_branches": 0}, "missing_lines": [], "excluded_lines": [], "executed_branches": [], "missing_branches": []}, "_timestamp_to_dt_aware": {"executed_lines": [173, 174], "summary": {"covered_lines": 2, "num_statements": 3, "percent_covered": 66.66666666666667, "percent_covered_display": "67", "missing_lines": 1, "excluded_lines": 0, "num_branches": 0, "num_partial_branches": 0, "covered_branches": 0, "missing_branches": 0}, "missing_lines": [175], "excluded_lines": [], "executed_branches": [], "missing_branches": []}, "_undefined_parameter_action_safe": {"executed_lines": [179, 180, 182, 183, 184, 186], "summary": {"covered_lines": 6, "num_statements": 9, "percent_covered": 53.84615384615385, "percent_covered_display": "54", "missing_lines": 3, "excluded_lines": 0, "num_branches": 4, "num_partial_branches": 3, "covered_branches": 1, "missing_branches": 3}, "missing_lines": [181, 187, 189], "excluded_lines": [], "executed_branches": [[180, 182], [180, 183], [186, -178]], "missing_branches": [[180, 181], [186, 187], [186, 189]]}, "_handle_undefined_parameters_safe": {"executed_lines": [197, 198, 199, 200], "summary": {"covered_lines": 4, "num_statements": 13, "percent_covered": 21.73913043478261, "percent_covered_display": "22", "missing_lines": 9, "excluded_lines": 0, "num_branches": 10, "num_partial_branches": 1, "covered_branches": 1, "missing_branches": 9}, "missing_lines": [201, 202, 204, 205, 207, 208, 209, 210, 212], "excluded_lines": [], "executed_branches": [[199, 200]], "missing_branches": [[199, 201], [201, 202], [201, 204], [204, 205], [204, 207], [207, 208], [207, 209], [209, 210], [209, 212]]}, "": {"executed_lines": [1, 2, 3, 4, 5, 6, 10, 32, 35, 57, 71, 72, 75, 78, 81, 85, 88, 96, 107, 116, 125, 137, 141, 147, 151, 155, 159, 163, 168, 172, 178, 192, 219], "summary": {"covered_lines": 33, "num_statements": 33, "percent_covered": 100.0, "percent_covered_display": "100", "missing_lines": 0, "excluded_lines": 0, "num_branches": 0, "num_partial_branches": 0, "covered_branches": 0, "missing_branches": 0}, "missing_lines": [], "excluded_lines": [], "executed_branches": [], "missing_branches": []}}, "classes": {"_NoArgs": {"executed_lines": [73, 76, 79, 82], "summary": {"covered_lines": 4, "num_statements": 4, "percent_covered": 100.0, "percent_covered_display": "100", "missing_lines": 0, "excluded_lines": 0, "num_branches": 0, "num_partial_branches": 0, "covered_branches": 0, "missing_branches": 0}, "missing_lines": [], "excluded_lines": [], "executed_branches": [], "missing_branches": []}, "": {"executed_lines": [1, 2, 3, 4, 5, 6, 10, 12, 28, 29, 32, 35, 38, 39, 40, 43, 45, 52, 53, 54, 57, 58, 59, 60, 61, 68, 71, 72, 75, 78, 81, 85, 88, 90, 91, 92, 93, 96, 97, 98, 99, 100, 101, 102, 104, 107, 108, 109, 113, 116, 117, 118, 119, 120, 125, 126, 128, 129, 131, 132, 137, 138, 141, 142, 147, 148, 151, 152, 155, 156, 159, 160, 163, 164, 168, 169, 172, 173, 174, 178, 179, 180, 182, 183, 184, 186, 192, 197, 198, 199, 200, 219], "summary": {"covered_lines": 92, "num_statements": 130, "percent_covered": 65.85365853658537, "percent_covered_display": "66", "missing_lines": 38, "excluded_lines": 0, "num_branches": 34, "num_partial_branches": 8, "covered_branches": 16, "missing_branches": 18}, "missing_lines": [13, 14, 15, 16, 17, 18, 19, 21, 23, 24, 25, 26, 46, 47, 48, 49, 51, 62, 63, 64, 66, 110, 111, 133, 134, 175, 181, 187, 189, 201, 202, 204, 205, 207, 208, 209, 210, 212], "excluded_lines": [], "executed_branches": [[12, 28], [45, 52], [52, 53], [52, 54], [59, -59], [59, 59], [59, 60], [59, 68], [60, 61], [90, 91], [90, 93], [91, 92], [98, 99], [98, 104], [128, 129], [128, 131], [180, 182], [180, 183], [186, -178], [199, 200]], "missing_branches": [[12, 13], [45, 46], [60, 62], [63, 64], [63, 66], [91, 93], [180, 181], [186, 187], [186, 189], [199, 201], [201, 202], [201, 204], [204, 205], [204, 207], [207, 208], [207, 209], [209, 210], [209, 212]]}}}}, "totals": {"covered_lines": 430, "num_statements": 898, "percent_covered": 39.689922480620154, "percent_covered_display": "40", "missing_lines": 468, "excluded_lines": 0, "num_branches": 392, "num_partial_branches": 50, "covered_branches": 82, "missing_branches": 310}}